ARM GAS  C:\Users\manuelfu\AppData\Local\Temp\ccnaxu55.s 			page 1


   1              		.syntax unified
   2              		.cpu cortex-m3
   3              		.fpu softvfp
   4              		.eabi_attribute 20, 1
   5              		.eabi_attribute 21, 1
   6              		.eabi_attribute 23, 3
   7              		.eabi_attribute 24, 1
   8              		.eabi_attribute 25, 1
   9              		.eabi_attribute 26, 1
  10              		.eabi_attribute 30, 1
  11              		.eabi_attribute 34, 1
  12              		.eabi_attribute 18, 4
  13              		.thumb
  14              		.syntax unified
  15              		.file	"Accel.c"
  16              		.text
  17              	.Ltext0:
  18              		.cfi_sections	.debug_frame
  19              		.global	__aeabi_ui2d
  20              		.section	.text.value_convert_accel,"ax",%progbits
  21              		.align	2
  22              		.global	value_convert_accel
  23              		.thumb
  24              		.thumb_func
  25              		.type	value_convert_accel, %function
  26              	value_convert_accel:
  27              	.LFB64:
  28              		.file 1 "ZumoLibrary\\Accel.c"
   1:ZumoLibrary/Accel.c **** /**
   2:ZumoLibrary/Accel.c ****  * @file    Accel.c
   3:ZumoLibrary/Accel.c ****  * @brief   Basic methods for operating accelerometer. For more details, please refer to Accel_magn
   4:ZumoLibrary/Accel.c ****  * @details part number: LSM303D (simultaneously used with magnetometer and included in Zumo shield
   5:ZumoLibrary/Accel.c **** */
   6:ZumoLibrary/Accel.c **** #include "Accel_magnet.h"
   7:ZumoLibrary/Accel.c **** 
   8:ZumoLibrary/Accel.c **** /**
   9:ZumoLibrary/Accel.c **** * @brief    Converting raw value
  10:ZumoLibrary/Accel.c **** * @details  Converting raw value
  11:ZumoLibrary/Accel.c **** * @param    uint16 X_AXIS : X axis value
  12:ZumoLibrary/Accel.c **** * @param    uint16 Y_AXIS : Y axis value
  13:ZumoLibrary/Accel.c **** * @param    uint16 Z_AXIS : Z axis value
  14:ZumoLibrary/Accel.c **** */
  15:ZumoLibrary/Accel.c **** void value_convert_accel(uint16 X_AXIS, uint16 Y_AXIS, uint16 Z_AXIS)
  16:ZumoLibrary/Accel.c **** {
  29              		.loc 1 16 0
  30              		.cfi_startproc
  31              		@ args = 0, pretend = 0, frame = 0
  32              		@ frame_needed = 0, uses_anonymous_args = 0
  33              	.LVL0:
  34 0000 F8B5     		push	{r3, r4, r5, r6, r7, lr}
  35              		.cfi_def_cfa_offset 24
  36              		.cfi_offset 3, -24
  37              		.cfi_offset 4, -20
  38              		.cfi_offset 5, -16
  39              		.cfi_offset 6, -12
  40              		.cfi_offset 7, -8
  41              		.cfi_offset 14, -4
ARM GAS  C:\Users\manuelfu\AppData\Local\Temp\ccnaxu55.s 			page 2


  42 0002 0646     		mov	r6, r0
  43 0004 0F46     		mov	r7, r1
  17:ZumoLibrary/Accel.c ****     double AccXangle, AccYangle;
  18:ZumoLibrary/Accel.c ****    
  19:ZumoLibrary/Accel.c ****     AccXangle = (float) (atan2(Y_AXIS, Z_AXIS)+M_PI) *180 / M_PI;
  44              		.loc 1 19 0
  45 0006 1046     		mov	r0, r2
  46              	.LVL1:
  47 0008 FFF7FEFF 		bl	__aeabi_ui2d
  48              	.LVL2:
  49 000c 0446     		mov	r4, r0
  50 000e 0D46     		mov	r5, r1
  51 0010 3846     		mov	r0, r7
  52 0012 FFF7FEFF 		bl	__aeabi_ui2d
  53              	.LVL3:
  54 0016 2246     		mov	r2, r4
  55 0018 2B46     		mov	r3, r5
  56 001a FFF7FEFF 		bl	atan2
  57              	.LVL4:
  20:ZumoLibrary/Accel.c ****     AccYangle = (float) (atan2(Z_AXIS, X_AXIS)+M_PI) *180 / M_PI;
  58              		.loc 1 20 0
  59 001e 3046     		mov	r0, r6
  60 0020 FFF7FEFF 		bl	__aeabi_ui2d
  61              	.LVL5:
  62 0024 0246     		mov	r2, r0
  63 0026 0B46     		mov	r3, r1
  64 0028 2046     		mov	r0, r4
  65 002a 2946     		mov	r1, r5
  66 002c FFF7FEFF 		bl	atan2
  67              	.LVL6:
  68 0030 F8BD     		pop	{r3, r4, r5, r6, r7, pc}
  69              		.cfi_endproc
  70              	.LFE64:
  71              		.size	value_convert_accel, .-value_convert_accel
  72 0032 00BF     		.text
  73              	.Letext0:
  74              		.file 2 "c:\\program files (x86)\\cypress\\psoc creator\\4.2\\psoc creator\\import\\gnu\\arm\\5.4.
  75              		.file 3 "c:\\program files (x86)\\cypress\\psoc creator\\4.2\\psoc creator\\import\\gnu\\arm\\5.4.
  76              		.file 4 "Generated_Source\\PSoC5/cytypes.h"
  77              		.file 5 "Generated_Source\\PSoC5/core_cm3.h"
  78              		.file 6 "c:\\program files (x86)\\cypress\\psoc creator\\4.2\\psoc creator\\import\\gnu\\arm\\5.4.
  79              		.section	.debug_info,"",%progbits
  80              	.Ldebug_info0:
  81 0000 34010000 		.4byte	0x134
  82 0004 0400     		.2byte	0x4
  83 0006 00000000 		.4byte	.Ldebug_abbrev0
  84 000a 04       		.byte	0x4
  85 000b 01       		.uleb128 0x1
  86 000c 4E000000 		.4byte	.LASF22
  87 0010 0C       		.byte	0xc
  88 0011 5E010000 		.4byte	.LASF23
  89 0015 22010000 		.4byte	.LASF24
  90 0019 00000000 		.4byte	.Ldebug_ranges0+0
  91 001d 00000000 		.4byte	0
  92 0021 00000000 		.4byte	.Ldebug_line0
  93 0025 02       		.uleb128 0x2
  94 0026 01       		.byte	0x1
ARM GAS  C:\Users\manuelfu\AppData\Local\Temp\ccnaxu55.s 			page 3


  95 0027 06       		.byte	0x6
  96 0028 94010000 		.4byte	.LASF0
  97 002c 02       		.uleb128 0x2
  98 002d 01       		.byte	0x1
  99 002e 08       		.byte	0x8
 100 002f 22000000 		.4byte	.LASF1
 101 0033 02       		.uleb128 0x2
 102 0034 02       		.byte	0x2
 103 0035 05       		.byte	0x5
 104 0036 C9010000 		.4byte	.LASF2
 105 003a 02       		.uleb128 0x2
 106 003b 02       		.byte	0x2
 107 003c 07       		.byte	0x7
 108 003d 0F010000 		.4byte	.LASF3
 109 0041 03       		.uleb128 0x3
 110 0042 AC010000 		.4byte	.LASF9
 111 0046 02       		.byte	0x2
 112 0047 3F       		.byte	0x3f
 113 0048 4C000000 		.4byte	0x4c
 114 004c 02       		.uleb128 0x2
 115 004d 04       		.byte	0x4
 116 004e 05       		.byte	0x5
 117 004f 77010000 		.4byte	.LASF4
 118 0053 02       		.uleb128 0x2
 119 0054 04       		.byte	0x4
 120 0055 07       		.byte	0x7
 121 0056 E6000000 		.4byte	.LASF5
 122 005a 02       		.uleb128 0x2
 123 005b 08       		.byte	0x8
 124 005c 05       		.byte	0x5
 125 005d 00000000 		.4byte	.LASF6
 126 0061 02       		.uleb128 0x2
 127 0062 08       		.byte	0x8
 128 0063 07       		.byte	0x7
 129 0064 F8000000 		.4byte	.LASF7
 130 0068 04       		.uleb128 0x4
 131 0069 04       		.byte	0x4
 132 006a 05       		.byte	0x5
 133 006b 696E7400 		.ascii	"int\000"
 134 006f 02       		.uleb128 0x2
 135 0070 04       		.byte	0x4
 136 0071 07       		.byte	0x7
 137 0072 15000000 		.4byte	.LASF8
 138 0076 03       		.uleb128 0x3
 139 0077 DA010000 		.4byte	.LASF10
 140 007b 03       		.byte	0x3
 141 007c 2C       		.byte	0x2c
 142 007d 41000000 		.4byte	0x41
 143 0081 05       		.uleb128 0x5
 144 0082 D3010000 		.4byte	.LASF11
 145 0086 04       		.byte	0x4
 146 0087 E501     		.2byte	0x1e5
 147 0089 3A000000 		.4byte	0x3a
 148 008d 02       		.uleb128 0x2
 149 008e 04       		.byte	0x4
 150 008f 04       		.byte	0x4
 151 0090 B6010000 		.4byte	.LASF12
ARM GAS  C:\Users\manuelfu\AppData\Local\Temp\ccnaxu55.s 			page 4


 152 0094 02       		.uleb128 0x2
 153 0095 08       		.byte	0x8
 154 0096 04       		.byte	0x4
 155 0097 80010000 		.4byte	.LASF13
 156 009b 02       		.uleb128 0x2
 157 009c 01       		.byte	0x1
 158 009d 08       		.byte	0x8
 159 009e 72010000 		.4byte	.LASF14
 160 00a2 02       		.uleb128 0x2
 161 00a3 08       		.byte	0x8
 162 00a4 04       		.byte	0x4
 163 00a5 A0010000 		.4byte	.LASF15
 164 00a9 02       		.uleb128 0x2
 165 00aa 04       		.byte	0x4
 166 00ab 07       		.byte	0x7
 167 00ac E2010000 		.4byte	.LASF16
 168 00b0 06       		.uleb128 0x6
 169 00b1 30000000 		.4byte	.LASF25
 170 00b5 01       		.byte	0x1
 171 00b6 0F       		.byte	0xf
 172 00b7 00000000 		.4byte	.LFB64
 173 00bb 32000000 		.4byte	.LFE64-.LFB64
 174 00bf 01       		.uleb128 0x1
 175 00c0 9C       		.byte	0x9c
 176 00c1 1B010000 		.4byte	0x11b
 177 00c5 07       		.uleb128 0x7
 178 00c6 0E000000 		.4byte	.LASF17
 179 00ca 01       		.byte	0x1
 180 00cb 0F       		.byte	0xf
 181 00cc 81000000 		.4byte	0x81
 182 00d0 00000000 		.4byte	.LLST0
 183 00d4 07       		.uleb128 0x7
 184 00d5 BC010000 		.4byte	.LASF18
 185 00d9 01       		.byte	0x1
 186 00da 0F       		.byte	0xf
 187 00db 81000000 		.4byte	0x81
 188 00df 21000000 		.4byte	.LLST1
 189 00e3 07       		.uleb128 0x7
 190 00e4 EB010000 		.4byte	.LASF19
 191 00e8 01       		.byte	0x1
 192 00e9 0F       		.byte	0xf
 193 00ea 81000000 		.4byte	0x81
 194 00ee 42000000 		.4byte	.LLST2
 195 00f2 08       		.uleb128 0x8
 196 00f3 44000000 		.4byte	.LASF20
 197 00f7 01       		.byte	0x1
 198 00f8 11       		.byte	0x11
 199 00f9 94000000 		.4byte	0x94
 200 00fd 08       		.uleb128 0x8
 201 00fe DC000000 		.4byte	.LASF21
 202 0102 01       		.byte	0x1
 203 0103 11       		.byte	0x11
 204 0104 94000000 		.4byte	0x94
 205 0108 09       		.uleb128 0x9
 206 0109 1E000000 		.4byte	.LVL4
 207 010d 2C010000 		.4byte	0x12c
 208 0111 09       		.uleb128 0x9
ARM GAS  C:\Users\manuelfu\AppData\Local\Temp\ccnaxu55.s 			page 5


 209 0112 30000000 		.4byte	.LVL6
 210 0116 2C010000 		.4byte	0x12c
 211 011a 00       		.byte	0
 212 011b 0A       		.uleb128 0xa
 213 011c 87010000 		.4byte	.LASF26
 214 0120 05       		.byte	0x5
 215 0121 1207     		.2byte	0x712
 216 0123 27010000 		.4byte	0x127
 217 0127 0B       		.uleb128 0xb
 218 0128 76000000 		.4byte	0x76
 219 012c 0C       		.uleb128 0xc
 220 012d C3010000 		.4byte	.LASF27
 221 0131 C3010000 		.4byte	.LASF27
 222 0135 06       		.byte	0x6
 223 0136 7F       		.byte	0x7f
 224 0137 00       		.byte	0
 225              		.section	.debug_abbrev,"",%progbits
 226              	.Ldebug_abbrev0:
 227 0000 01       		.uleb128 0x1
 228 0001 11       		.uleb128 0x11
 229 0002 01       		.byte	0x1
 230 0003 25       		.uleb128 0x25
 231 0004 0E       		.uleb128 0xe
 232 0005 13       		.uleb128 0x13
 233 0006 0B       		.uleb128 0xb
 234 0007 03       		.uleb128 0x3
 235 0008 0E       		.uleb128 0xe
 236 0009 1B       		.uleb128 0x1b
 237 000a 0E       		.uleb128 0xe
 238 000b 55       		.uleb128 0x55
 239 000c 17       		.uleb128 0x17
 240 000d 11       		.uleb128 0x11
 241 000e 01       		.uleb128 0x1
 242 000f 10       		.uleb128 0x10
 243 0010 17       		.uleb128 0x17
 244 0011 00       		.byte	0
 245 0012 00       		.byte	0
 246 0013 02       		.uleb128 0x2
 247 0014 24       		.uleb128 0x24
 248 0015 00       		.byte	0
 249 0016 0B       		.uleb128 0xb
 250 0017 0B       		.uleb128 0xb
 251 0018 3E       		.uleb128 0x3e
 252 0019 0B       		.uleb128 0xb
 253 001a 03       		.uleb128 0x3
 254 001b 0E       		.uleb128 0xe
 255 001c 00       		.byte	0
 256 001d 00       		.byte	0
 257 001e 03       		.uleb128 0x3
 258 001f 16       		.uleb128 0x16
 259 0020 00       		.byte	0
 260 0021 03       		.uleb128 0x3
 261 0022 0E       		.uleb128 0xe
 262 0023 3A       		.uleb128 0x3a
 263 0024 0B       		.uleb128 0xb
 264 0025 3B       		.uleb128 0x3b
 265 0026 0B       		.uleb128 0xb
ARM GAS  C:\Users\manuelfu\AppData\Local\Temp\ccnaxu55.s 			page 6


 266 0027 49       		.uleb128 0x49
 267 0028 13       		.uleb128 0x13
 268 0029 00       		.byte	0
 269 002a 00       		.byte	0
 270 002b 04       		.uleb128 0x4
 271 002c 24       		.uleb128 0x24
 272 002d 00       		.byte	0
 273 002e 0B       		.uleb128 0xb
 274 002f 0B       		.uleb128 0xb
 275 0030 3E       		.uleb128 0x3e
 276 0031 0B       		.uleb128 0xb
 277 0032 03       		.uleb128 0x3
 278 0033 08       		.uleb128 0x8
 279 0034 00       		.byte	0
 280 0035 00       		.byte	0
 281 0036 05       		.uleb128 0x5
 282 0037 16       		.uleb128 0x16
 283 0038 00       		.byte	0
 284 0039 03       		.uleb128 0x3
 285 003a 0E       		.uleb128 0xe
 286 003b 3A       		.uleb128 0x3a
 287 003c 0B       		.uleb128 0xb
 288 003d 3B       		.uleb128 0x3b
 289 003e 05       		.uleb128 0x5
 290 003f 49       		.uleb128 0x49
 291 0040 13       		.uleb128 0x13
 292 0041 00       		.byte	0
 293 0042 00       		.byte	0
 294 0043 06       		.uleb128 0x6
 295 0044 2E       		.uleb128 0x2e
 296 0045 01       		.byte	0x1
 297 0046 3F       		.uleb128 0x3f
 298 0047 19       		.uleb128 0x19
 299 0048 03       		.uleb128 0x3
 300 0049 0E       		.uleb128 0xe
 301 004a 3A       		.uleb128 0x3a
 302 004b 0B       		.uleb128 0xb
 303 004c 3B       		.uleb128 0x3b
 304 004d 0B       		.uleb128 0xb
 305 004e 27       		.uleb128 0x27
 306 004f 19       		.uleb128 0x19
 307 0050 11       		.uleb128 0x11
 308 0051 01       		.uleb128 0x1
 309 0052 12       		.uleb128 0x12
 310 0053 06       		.uleb128 0x6
 311 0054 40       		.uleb128 0x40
 312 0055 18       		.uleb128 0x18
 313 0056 9642     		.uleb128 0x2116
 314 0058 19       		.uleb128 0x19
 315 0059 01       		.uleb128 0x1
 316 005a 13       		.uleb128 0x13
 317 005b 00       		.byte	0
 318 005c 00       		.byte	0
 319 005d 07       		.uleb128 0x7
 320 005e 05       		.uleb128 0x5
 321 005f 00       		.byte	0
 322 0060 03       		.uleb128 0x3
ARM GAS  C:\Users\manuelfu\AppData\Local\Temp\ccnaxu55.s 			page 7


 323 0061 0E       		.uleb128 0xe
 324 0062 3A       		.uleb128 0x3a
 325 0063 0B       		.uleb128 0xb
 326 0064 3B       		.uleb128 0x3b
 327 0065 0B       		.uleb128 0xb
 328 0066 49       		.uleb128 0x49
 329 0067 13       		.uleb128 0x13
 330 0068 02       		.uleb128 0x2
 331 0069 17       		.uleb128 0x17
 332 006a 00       		.byte	0
 333 006b 00       		.byte	0
 334 006c 08       		.uleb128 0x8
 335 006d 34       		.uleb128 0x34
 336 006e 00       		.byte	0
 337 006f 03       		.uleb128 0x3
 338 0070 0E       		.uleb128 0xe
 339 0071 3A       		.uleb128 0x3a
 340 0072 0B       		.uleb128 0xb
 341 0073 3B       		.uleb128 0x3b
 342 0074 0B       		.uleb128 0xb
 343 0075 49       		.uleb128 0x49
 344 0076 13       		.uleb128 0x13
 345 0077 00       		.byte	0
 346 0078 00       		.byte	0
 347 0079 09       		.uleb128 0x9
 348 007a 898201   		.uleb128 0x4109
 349 007d 00       		.byte	0
 350 007e 11       		.uleb128 0x11
 351 007f 01       		.uleb128 0x1
 352 0080 31       		.uleb128 0x31
 353 0081 13       		.uleb128 0x13
 354 0082 00       		.byte	0
 355 0083 00       		.byte	0
 356 0084 0A       		.uleb128 0xa
 357 0085 34       		.uleb128 0x34
 358 0086 00       		.byte	0
 359 0087 03       		.uleb128 0x3
 360 0088 0E       		.uleb128 0xe
 361 0089 3A       		.uleb128 0x3a
 362 008a 0B       		.uleb128 0xb
 363 008b 3B       		.uleb128 0x3b
 364 008c 05       		.uleb128 0x5
 365 008d 49       		.uleb128 0x49
 366 008e 13       		.uleb128 0x13
 367 008f 3F       		.uleb128 0x3f
 368 0090 19       		.uleb128 0x19
 369 0091 3C       		.uleb128 0x3c
 370 0092 19       		.uleb128 0x19
 371 0093 00       		.byte	0
 372 0094 00       		.byte	0
 373 0095 0B       		.uleb128 0xb
 374 0096 35       		.uleb128 0x35
 375 0097 00       		.byte	0
 376 0098 49       		.uleb128 0x49
 377 0099 13       		.uleb128 0x13
 378 009a 00       		.byte	0
 379 009b 00       		.byte	0
ARM GAS  C:\Users\manuelfu\AppData\Local\Temp\ccnaxu55.s 			page 8


 380 009c 0C       		.uleb128 0xc
 381 009d 2E       		.uleb128 0x2e
 382 009e 00       		.byte	0
 383 009f 3F       		.uleb128 0x3f
 384 00a0 19       		.uleb128 0x19
 385 00a1 3C       		.uleb128 0x3c
 386 00a2 19       		.uleb128 0x19
 387 00a3 6E       		.uleb128 0x6e
 388 00a4 0E       		.uleb128 0xe
 389 00a5 03       		.uleb128 0x3
 390 00a6 0E       		.uleb128 0xe
 391 00a7 3A       		.uleb128 0x3a
 392 00a8 0B       		.uleb128 0xb
 393 00a9 3B       		.uleb128 0x3b
 394 00aa 0B       		.uleb128 0xb
 395 00ab 00       		.byte	0
 396 00ac 00       		.byte	0
 397 00ad 00       		.byte	0
 398              		.section	.debug_loc,"",%progbits
 399              	.Ldebug_loc0:
 400              	.LLST0:
 401 0000 00000000 		.4byte	.LVL0
 402 0004 08000000 		.4byte	.LVL1
 403 0008 0100     		.2byte	0x1
 404 000a 50       		.byte	0x50
 405 000b 08000000 		.4byte	.LVL1
 406 000f 32000000 		.4byte	.LFE64
 407 0013 0400     		.2byte	0x4
 408 0015 F3       		.byte	0xf3
 409 0016 01       		.uleb128 0x1
 410 0017 50       		.byte	0x50
 411 0018 9F       		.byte	0x9f
 412 0019 00000000 		.4byte	0
 413 001d 00000000 		.4byte	0
 414              	.LLST1:
 415 0021 00000000 		.4byte	.LVL0
 416 0025 0B000000 		.4byte	.LVL2-1
 417 0029 0100     		.2byte	0x1
 418 002b 51       		.byte	0x51
 419 002c 0B000000 		.4byte	.LVL2-1
 420 0030 32000000 		.4byte	.LFE64
 421 0034 0400     		.2byte	0x4
 422 0036 F3       		.byte	0xf3
 423 0037 01       		.uleb128 0x1
 424 0038 51       		.byte	0x51
 425 0039 9F       		.byte	0x9f
 426 003a 00000000 		.4byte	0
 427 003e 00000000 		.4byte	0
 428              	.LLST2:
 429 0042 00000000 		.4byte	.LVL0
 430 0046 0B000000 		.4byte	.LVL2-1
 431 004a 0100     		.2byte	0x1
 432 004c 52       		.byte	0x52
 433 004d 0B000000 		.4byte	.LVL2-1
 434 0051 32000000 		.4byte	.LFE64
 435 0055 0400     		.2byte	0x4
 436 0057 F3       		.byte	0xf3
ARM GAS  C:\Users\manuelfu\AppData\Local\Temp\ccnaxu55.s 			page 9


 437 0058 01       		.uleb128 0x1
 438 0059 52       		.byte	0x52
 439 005a 9F       		.byte	0x9f
 440 005b 00000000 		.4byte	0
 441 005f 00000000 		.4byte	0
 442              		.section	.debug_aranges,"",%progbits
 443 0000 1C000000 		.4byte	0x1c
 444 0004 0200     		.2byte	0x2
 445 0006 00000000 		.4byte	.Ldebug_info0
 446 000a 04       		.byte	0x4
 447 000b 00       		.byte	0
 448 000c 0000     		.2byte	0
 449 000e 0000     		.2byte	0
 450 0010 00000000 		.4byte	.LFB64
 451 0014 32000000 		.4byte	.LFE64-.LFB64
 452 0018 00000000 		.4byte	0
 453 001c 00000000 		.4byte	0
 454              		.section	.debug_ranges,"",%progbits
 455              	.Ldebug_ranges0:
 456 0000 00000000 		.4byte	.LFB64
 457 0004 32000000 		.4byte	.LFE64
 458 0008 00000000 		.4byte	0
 459 000c 00000000 		.4byte	0
 460              		.section	.debug_line,"",%progbits
 461              	.Ldebug_line0:
 462 0000 E2010000 		.section	.debug_str,"MS",%progbits,1
 462      0200CB01 
 462      00000201 
 462      FB0E0D00 
 462      01010101 
 463              	.LASF6:
 464 0000 6C6F6E67 		.ascii	"long long int\000"
 464      206C6F6E 
 464      6720696E 
 464      7400
 465              	.LASF17:
 466 000e 585F4158 		.ascii	"X_AXIS\000"
 466      495300
 467              	.LASF8:
 468 0015 756E7369 		.ascii	"unsigned int\000"
 468      676E6564 
 468      20696E74 
 468      00
 469              	.LASF1:
 470 0022 756E7369 		.ascii	"unsigned char\000"
 470      676E6564 
 470      20636861 
 470      7200
 471              	.LASF25:
 472 0030 76616C75 		.ascii	"value_convert_accel\000"
 472      655F636F 
 472      6E766572 
 472      745F6163 
 472      63656C00 
 473              	.LASF20:
 474 0044 41636358 		.ascii	"AccXangle\000"
 474      616E676C 
ARM GAS  C:\Users\manuelfu\AppData\Local\Temp\ccnaxu55.s 			page 10


 474      6500
 475              	.LASF22:
 476 004e 474E5520 		.ascii	"GNU C11 5.4.1 20160609 (release) [ARM/embedded-5-br"
 476      43313120 
 476      352E342E 
 476      31203230 
 476      31363036 
 477 0081 616E6368 		.ascii	"anch revision 237715] -mcpu=cortex-m3 -mthumb -g -O"
 477      20726576 
 477      6973696F 
 477      6E203233 
 477      37373135 
 478 00b4 67202D66 		.ascii	"g -ffunction-sections -ffat-lto-objects\000"
 478      66756E63 
 478      74696F6E 
 478      2D736563 
 478      74696F6E 
 479              	.LASF21:
 480 00dc 41636359 		.ascii	"AccYangle\000"
 480      616E676C 
 480      6500
 481              	.LASF5:
 482 00e6 6C6F6E67 		.ascii	"long unsigned int\000"
 482      20756E73 
 482      69676E65 
 482      6420696E 
 482      7400
 483              	.LASF7:
 484 00f8 6C6F6E67 		.ascii	"long long unsigned int\000"
 484      206C6F6E 
 484      6720756E 
 484      7369676E 
 484      65642069 
 485              	.LASF3:
 486 010f 73686F72 		.ascii	"short unsigned int\000"
 486      7420756E 
 486      7369676E 
 486      65642069 
 486      6E7400
 487              	.LASF24:
 488 0122 433A5C55 		.ascii	"C:\\Users\\manuelfu\\Documents\\PSoC Creator\\zumo\\"
 488      73657273 
 488      5C6D616E 
 488      75656C66 
 488      755C446F 
 489 0150 5A756D6F 		.ascii	"ZumoBot.cydsn\000"
 489      426F742E 
 489      63796473 
 489      6E00
 490              	.LASF23:
 491 015e 5A756D6F 		.ascii	"ZumoLibrary\\Accel.c\000"
 491      4C696272 
 491      6172795C 
 491      41636365 
 491      6C2E6300 
 492              	.LASF14:
 493 0172 63686172 		.ascii	"char\000"
ARM GAS  C:\Users\manuelfu\AppData\Local\Temp\ccnaxu55.s 			page 11


 493      00
 494              	.LASF4:
 495 0177 6C6F6E67 		.ascii	"long int\000"
 495      20696E74 
 495      00
 496              	.LASF13:
 497 0180 646F7562 		.ascii	"double\000"
 497      6C6500
 498              	.LASF26:
 499 0187 49544D5F 		.ascii	"ITM_RxBuffer\000"
 499      52784275 
 499      66666572 
 499      00
 500              	.LASF0:
 501 0194 7369676E 		.ascii	"signed char\000"
 501      65642063 
 501      68617200 
 502              	.LASF15:
 503 01a0 6C6F6E67 		.ascii	"long double\000"
 503      20646F75 
 503      626C6500 
 504              	.LASF9:
 505 01ac 5F5F696E 		.ascii	"__int32_t\000"
 505      7433325F 
 505      7400
 506              	.LASF12:
 507 01b6 666C6F61 		.ascii	"float\000"
 507      7400
 508              	.LASF18:
 509 01bc 595F4158 		.ascii	"Y_AXIS\000"
 509      495300
 510              	.LASF27:
 511 01c3 6174616E 		.ascii	"atan2\000"
 511      3200
 512              	.LASF2:
 513 01c9 73686F72 		.ascii	"short int\000"
 513      7420696E 
 513      7400
 514              	.LASF11:
 515 01d3 75696E74 		.ascii	"uint16\000"
 515      313600
 516              	.LASF10:
 517 01da 696E7433 		.ascii	"int32_t\000"
 517      325F7400 
 518              	.LASF16:
 519 01e2 73697A65 		.ascii	"sizetype\000"
 519      74797065 
 519      00
 520              	.LASF19:
 521 01eb 5A5F4158 		.ascii	"Z_AXIS\000"
 521      495300
 522              		.ident	"GCC: (GNU Tools for ARM Embedded Processors) 5.4.1 20160609 (release) [ARM/embedded-5-bran
