ARM GAS  C:\Users\manuelfu\AppData\Local\Temp\ccHSzLQ7.s 			page 1


   1              		.syntax unified
   2              		.cpu cortex-m3
   3              		.fpu softvfp
   4              		.eabi_attribute 20, 1
   5              		.eabi_attribute 21, 1
   6              		.eabi_attribute 23, 3
   7              		.eabi_attribute 24, 1
   8              		.eabi_attribute 25, 1
   9              		.eabi_attribute 26, 1
  10              		.eabi_attribute 30, 1
  11              		.eabi_attribute 34, 1
  12              		.eabi_attribute 18, 4
  13              		.thumb
  14              		.syntax unified
  15              		.file	"Ambient.c"
  16              		.text
  17              	.Ltext0:
  18              		.cfi_sections	.debug_frame
  19              		.global	__aeabi_ddiv
  20              		.global	__aeabi_dcmpgt
  21              		.global	__aeabi_dcmple
  22              		.global	__aeabi_dmul
  23              		.global	__aeabi_dsub
  24              		.section	.text.getLux,"ax",%progbits
  25              		.align	2
  26              		.global	getLux
  27              		.thumb
  28              		.thumb_func
  29              		.type	getLux, %function
  30              	getLux:
  31              	.LFB0:
  32              		.file 1 "ZumoLibrary\\Ambient.c"
   1:ZumoLibrary/Ambient.c **** /**
   2:ZumoLibrary/Ambient.c ****  * @file Ambient.c
   3:ZumoLibrary/Ambient.c ****  * @brief basic methods of operating ambient light sensor. For more details, please refer to Ambien
   4:ZumoLibrary/Ambient.c ****  * @details part number: APDS-9301
   5:ZumoLibrary/Ambient.c **** */
   6:ZumoLibrary/Ambient.c **** #include "Ambient.h"
   7:ZumoLibrary/Ambient.c **** #include <math.h>
   8:ZumoLibrary/Ambient.c **** 
   9:ZumoLibrary/Ambient.c **** 
  10:ZumoLibrary/Ambient.c **** /**
  11:ZumoLibrary/Ambient.c **** * @brief    Get lux from raw value
  12:ZumoLibrary/Ambient.c **** * @details  get lux using values of Channel 0 and Channel 1
  13:ZumoLibrary/Ambient.c **** * @param    double Channel 0
  14:ZumoLibrary/Ambient.c **** * @param    double Channel 1
  15:ZumoLibrary/Ambient.c **** * @return   double return calculated value
  16:ZumoLibrary/Ambient.c **** */
  17:ZumoLibrary/Ambient.c **** double getLux(double CH0, double CH1)
  18:ZumoLibrary/Ambient.c **** {
  33              		.loc 1 18 0
  34              		.cfi_startproc
  35              		@ args = 0, pretend = 0, frame = 0
  36              		@ frame_needed = 0, uses_anonymous_args = 0
  37              	.LVL0:
  38 0000 2DE9F843 		push	{r3, r4, r5, r6, r7, r8, r9, lr}
  39              		.cfi_def_cfa_offset 32
ARM GAS  C:\Users\manuelfu\AppData\Local\Temp\ccHSzLQ7.s 			page 2


  40              		.cfi_offset 3, -32
  41              		.cfi_offset 4, -28
  42              		.cfi_offset 5, -24
  43              		.cfi_offset 6, -20
  44              		.cfi_offset 7, -16
  45              		.cfi_offset 8, -12
  46              		.cfi_offset 9, -8
  47              		.cfi_offset 14, -4
  48 0004 0646     		mov	r6, r0
  49 0006 0F46     		mov	r7, r1
  50 0008 9046     		mov	r8, r2
  51 000a 9946     		mov	r9, r3
  52              	.LVL1:
  19:ZumoLibrary/Ambient.c ****     double result = 0;
  20:ZumoLibrary/Ambient.c ****     double ChannelRatio = (double)CH1/CH0;
  53              		.loc 1 20 0
  54 000c 0246     		mov	r2, r0
  55              	.LVL2:
  56 000e 0B46     		mov	r3, r1
  57 0010 4046     		mov	r0, r8
  58              	.LVL3:
  59 0012 4946     		mov	r1, r9
  60 0014 FFF7FEFF 		bl	__aeabi_ddiv
  61              	.LVL4:
  62 0018 0446     		mov	r4, r0
  63 001a 0D46     		mov	r5, r1
  64              	.LVL5:
  21:ZumoLibrary/Ambient.c ****     
  22:ZumoLibrary/Ambient.c ****     if((0<ChannelRatio) && (ChannelRatio <= 0.5))
  65              		.loc 1 22 0
  66 001c 0022     		movs	r2, #0
  67 001e 0023     		movs	r3, #0
  68 0020 FFF7FEFF 		bl	__aeabi_dcmpgt
  69              	.LVL6:
  70 0024 68B3     		cbz	r0, .L2
  71              		.loc 1 22 0 is_stmt 0 discriminator 1
  72 0026 0022     		movs	r2, #0
  73 0028 6D4B     		ldr	r3, .L27+96
  74 002a 2046     		mov	r0, r4
  75 002c 2946     		mov	r1, r5
  76 002e FFF7FEFF 		bl	__aeabi_dcmple
  77              	.LVL7:
  78 0032 30B3     		cbz	r0, .L2
  23:ZumoLibrary/Ambient.c ****         result = (0.0304 * CH0) - (0.062 * CH0 * pow(ChannelRatio, 1.4));
  79              		.loc 1 23 0 is_stmt 1
  80 0034 52A3     		adr	r3, .L27
  81 0036 D3E90023 		ldrd	r2, [r3]
  82 003a 3046     		mov	r0, r6
  83 003c 3946     		mov	r1, r7
  84 003e FFF7FEFF 		bl	__aeabi_dmul
  85              	.LVL8:
  86 0042 8046     		mov	r8, r0
  87 0044 8946     		mov	r9, r1
  88 0046 50A3     		adr	r3, .L27+8
  89 0048 D3E90023 		ldrd	r2, [r3]
  90 004c 3046     		mov	r0, r6
  91 004e 3946     		mov	r1, r7
ARM GAS  C:\Users\manuelfu\AppData\Local\Temp\ccHSzLQ7.s 			page 3


  92 0050 FFF7FEFF 		bl	__aeabi_dmul
  93              	.LVL9:
  94 0054 0646     		mov	r6, r0
  95 0056 0F46     		mov	r7, r1
  96 0058 4DA3     		adr	r3, .L27+16
  97 005a D3E90023 		ldrd	r2, [r3]
  98 005e 2046     		mov	r0, r4
  99 0060 2946     		mov	r1, r5
 100 0062 FFF7FEFF 		bl	pow
 101              	.LVL10:
 102 0066 0246     		mov	r2, r0
 103 0068 0B46     		mov	r3, r1
 104 006a 3046     		mov	r0, r6
 105 006c 3946     		mov	r1, r7
 106 006e FFF7FEFF 		bl	__aeabi_dmul
 107              	.LVL11:
 108 0072 0246     		mov	r2, r0
 109 0074 0B46     		mov	r3, r1
 110 0076 4046     		mov	r0, r8
 111 0078 4946     		mov	r1, r9
 112 007a FFF7FEFF 		bl	__aeabi_dsub
 113              	.LVL12:
 114 007e BDE8F883 		pop	{r3, r4, r5, r6, r7, r8, r9, pc}
 115              	.LVL13:
 116              	.L2:
  24:ZumoLibrary/Ambient.c ****     else if((0.5<ChannelRatio)&&(ChannelRatio <= 0.61))
 117              		.loc 1 24 0
 118 0082 0022     		movs	r2, #0
 119 0084 564B     		ldr	r3, .L27+96
 120 0086 2046     		mov	r0, r4
 121 0088 2946     		mov	r1, r5
 122 008a FFF7FEFF 		bl	__aeabi_dcmpgt
 123              	.LVL14:
 124 008e F8B1     		cbz	r0, .L6
 125              		.loc 1 24 0 is_stmt 0 discriminator 1
 126 0090 41A3     		adr	r3, .L27+24
 127 0092 D3E90023 		ldrd	r2, [r3]
 128 0096 2046     		mov	r0, r4
 129 0098 2946     		mov	r1, r5
 130 009a FFF7FEFF 		bl	__aeabi_dcmple
 131              	.LVL15:
 132 009e B8B1     		cbz	r0, .L6
  25:ZumoLibrary/Ambient.c ****         result = (0.0224 * CH0) - (0.031 * CH1);
 133              		.loc 1 25 0 is_stmt 1
 134 00a0 3FA3     		adr	r3, .L27+32
 135 00a2 D3E90023 		ldrd	r2, [r3]
 136 00a6 3046     		mov	r0, r6
 137 00a8 3946     		mov	r1, r7
 138 00aa FFF7FEFF 		bl	__aeabi_dmul
 139              	.LVL16:
 140 00ae 0446     		mov	r4, r0
 141              	.LVL17:
 142 00b0 0D46     		mov	r5, r1
 143 00b2 3DA3     		adr	r3, .L27+40
 144 00b4 D3E90023 		ldrd	r2, [r3]
 145 00b8 4046     		mov	r0, r8
 146 00ba 4946     		mov	r1, r9
ARM GAS  C:\Users\manuelfu\AppData\Local\Temp\ccHSzLQ7.s 			page 4


 147 00bc FFF7FEFF 		bl	__aeabi_dmul
 148              	.LVL18:
 149 00c0 0246     		mov	r2, r0
 150 00c2 0B46     		mov	r3, r1
 151 00c4 2046     		mov	r0, r4
 152 00c6 2946     		mov	r1, r5
 153 00c8 FFF7FEFF 		bl	__aeabi_dsub
 154              	.LVL19:
 155 00cc BDE8F883 		pop	{r3, r4, r5, r6, r7, r8, r9, pc}
 156              	.LVL20:
 157              	.L6:
  26:ZumoLibrary/Ambient.c ****     else if((0.61<ChannelRatio)&&(ChannelRatio <= 0.80))
 158              		.loc 1 26 0
 159 00d0 31A3     		adr	r3, .L27+24
 160 00d2 D3E90023 		ldrd	r2, [r3]
 161 00d6 2046     		mov	r0, r4
 162 00d8 2946     		mov	r1, r5
 163 00da FFF7FEFF 		bl	__aeabi_dcmpgt
 164              	.LVL21:
 165 00de F8B1     		cbz	r0, .L9
 166              		.loc 1 26 0 is_stmt 0 discriminator 1
 167 00e0 33A3     		adr	r3, .L27+48
 168 00e2 D3E90023 		ldrd	r2, [r3]
 169 00e6 2046     		mov	r0, r4
 170 00e8 2946     		mov	r1, r5
 171 00ea FFF7FEFF 		bl	__aeabi_dcmple
 172              	.LVL22:
 173 00ee B8B1     		cbz	r0, .L9
  27:ZumoLibrary/Ambient.c ****         result = (0.0128 * CH0) - (0.0153 * CH1);
 174              		.loc 1 27 0 is_stmt 1
 175 00f0 31A3     		adr	r3, .L27+56
 176 00f2 D3E90023 		ldrd	r2, [r3]
 177 00f6 3046     		mov	r0, r6
 178 00f8 3946     		mov	r1, r7
 179 00fa FFF7FEFF 		bl	__aeabi_dmul
 180              	.LVL23:
 181 00fe 0446     		mov	r4, r0
 182              	.LVL24:
 183 0100 0D46     		mov	r5, r1
 184 0102 2FA3     		adr	r3, .L27+64
 185 0104 D3E90023 		ldrd	r2, [r3]
 186 0108 4046     		mov	r0, r8
 187 010a 4946     		mov	r1, r9
 188 010c FFF7FEFF 		bl	__aeabi_dmul
 189              	.LVL25:
 190 0110 0246     		mov	r2, r0
 191 0112 0B46     		mov	r3, r1
 192 0114 2046     		mov	r0, r4
 193 0116 2946     		mov	r1, r5
 194 0118 FFF7FEFF 		bl	__aeabi_dsub
 195              	.LVL26:
 196 011c BDE8F883 		pop	{r3, r4, r5, r6, r7, r8, r9, pc}
 197              	.LVL27:
 198              	.L9:
  28:ZumoLibrary/Ambient.c ****     else if((0.80<ChannelRatio)&&(ChannelRatio <= 1.30))
 199              		.loc 1 28 0
 200 0120 23A3     		adr	r3, .L27+48
ARM GAS  C:\Users\manuelfu\AppData\Local\Temp\ccHSzLQ7.s 			page 5


 201 0122 D3E90023 		ldrd	r2, [r3]
 202 0126 2046     		mov	r0, r4
 203 0128 2946     		mov	r1, r5
 204 012a FFF7FEFF 		bl	__aeabi_dcmpgt
 205              	.LVL28:
 206 012e F8B1     		cbz	r0, .L24
 207              		.loc 1 28 0 is_stmt 0 discriminator 1
 208 0130 25A3     		adr	r3, .L27+72
 209 0132 D3E90023 		ldrd	r2, [r3]
 210 0136 2046     		mov	r0, r4
 211 0138 2946     		mov	r1, r5
 212 013a FFF7FEFF 		bl	__aeabi_dcmple
 213              	.LVL29:
 214 013e D8B1     		cbz	r0, .L25
  29:ZumoLibrary/Ambient.c ****         result = (0.00146 * CH0) - (0.00112 * CH1);
 215              		.loc 1 29 0 is_stmt 1
 216 0140 23A3     		adr	r3, .L27+80
 217 0142 D3E90023 		ldrd	r2, [r3]
 218 0146 3046     		mov	r0, r6
 219 0148 3946     		mov	r1, r7
 220 014a FFF7FEFF 		bl	__aeabi_dmul
 221              	.LVL30:
 222 014e 0446     		mov	r4, r0
 223              	.LVL31:
 224 0150 0D46     		mov	r5, r1
 225 0152 21A3     		adr	r3, .L27+88
 226 0154 D3E90023 		ldrd	r2, [r3]
 227 0158 4046     		mov	r0, r8
 228 015a 4946     		mov	r1, r9
 229 015c FFF7FEFF 		bl	__aeabi_dmul
 230              	.LVL32:
 231 0160 0246     		mov	r2, r0
 232 0162 0B46     		mov	r3, r1
 233 0164 2046     		mov	r0, r4
 234 0166 2946     		mov	r1, r5
 235 0168 FFF7FEFF 		bl	__aeabi_dsub
 236              	.LVL33:
 237 016c BDE8F883 		pop	{r3, r4, r5, r6, r7, r8, r9, pc}
 238              	.LVL34:
 239              	.L24:
  30:ZumoLibrary/Ambient.c ****     else 
  31:ZumoLibrary/Ambient.c ****         result = 0;
 240              		.loc 1 31 0
 241 0170 0020     		movs	r0, #0
 242 0172 0021     		movs	r1, #0
 243 0174 BDE8F883 		pop	{r3, r4, r5, r6, r7, r8, r9, pc}
 244              	.LVL35:
 245              	.L25:
 246 0178 0020     		movs	r0, #0
 247 017a 0021     		movs	r1, #0
 248              	.LVL36:
  32:ZumoLibrary/Ambient.c **** 
  33:ZumoLibrary/Ambient.c ****     return result;
  34:ZumoLibrary/Ambient.c **** }
 249              		.loc 1 34 0
 250 017c BDE8F883 		pop	{r3, r4, r5, r6, r7, r8, r9, pc}
 251              	.LVL37:
ARM GAS  C:\Users\manuelfu\AppData\Local\Temp\ccHSzLQ7.s 			page 6


 252              	.L28:
 253              		.align	3
 254              	.L27:
 255 0180 C58F3177 		.word	1999736773
 256 0184 2D219F3F 		.word	1067393325
 257 0188 5839B4C8 		.word	-927712936
 258 018c 76BEAF3F 		.word	1068482166
 259 0190 66666666 		.word	1717986918
 260 0194 6666F63F 		.word	1073112678
 261 0198 85EB51B8 		.word	-1202590843
 262 019c 1E85E33F 		.word	1071875358
 263 01a0 C7BAB88D 		.word	-1917273401
 264 01a4 06F0963F 		.word	1066856454
 265 01a8 5839B4C8 		.word	-927712936
 266 01ac 76BE9F3F 		.word	1067433590
 267 01b0 9A999999 		.word	-1717986918
 268 01b4 9999E93F 		.word	1072273817
 269 01b8 2D431CEB 		.word	-350469331
 270 01bc E2368A3F 		.word	1066022626
 271 01c0 4BC8073D 		.word	1023920203
 272 01c4 9B558F3F 		.word	1066358171
 273 01c8 CDCCCCCC 		.word	-858993459
 274 01cc CCCCF43F 		.word	1073007820
 275 01d0 B2632310 		.word	270754738
 276 01d4 AFEB573F 		.word	1062726575
 277 01d8 D2FBC6D7 		.word	-674825262
 278 01dc 9E59523F 		.word	1062361502
 279 01e0 0000E03F 		.word	1071644672
 280              		.cfi_endproc
 281              	.LFE0:
 282              		.size	getLux, .-getLux
 283              		.text
 284              	.Letext0:
 285              		.file 2 "c:\\program files (x86)\\cypress\\psoc creator\\4.2\\psoc creator\\import\\gnu\\arm\\5.4.
 286              		.section	.debug_info,"",%progbits
 287              	.Ldebug_info0:
 288 0000 0A010000 		.4byte	0x10a
 289 0004 0400     		.2byte	0x4
 290 0006 00000000 		.4byte	.Ldebug_abbrev0
 291 000a 04       		.byte	0x4
 292 000b 01       		.uleb128 0x1
 293 000c 1B000000 		.4byte	.LASF16
 294 0010 0C       		.byte	0xc
 295 0011 4B010000 		.4byte	.LASF17
 296 0015 EC000000 		.4byte	.LASF18
 297 0019 00000000 		.4byte	.Ldebug_ranges0+0
 298 001d 00000000 		.4byte	0
 299 0021 00000000 		.4byte	.Ldebug_line0
 300 0025 02       		.uleb128 0x2
 301 0026 08       		.byte	0x8
 302 0027 04       		.byte	0x4
 303 0028 61010000 		.4byte	.LASF0
 304 002c 03       		.uleb128 0x3
 305 002d 04       		.byte	0x4
 306 002e 05       		.byte	0x5
 307 002f 696E7400 		.ascii	"int\000"
 308 0033 02       		.uleb128 0x2
ARM GAS  C:\Users\manuelfu\AppData\Local\Temp\ccHSzLQ7.s 			page 7


 309 0034 04       		.byte	0x4
 310 0035 07       		.byte	0x7
 311 0036 0E000000 		.4byte	.LASF1
 312 003a 02       		.uleb128 0x2
 313 003b 08       		.byte	0x8
 314 003c 05       		.byte	0x5
 315 003d 00000000 		.4byte	.LASF2
 316 0041 02       		.uleb128 0x2
 317 0042 08       		.byte	0x8
 318 0043 04       		.byte	0x4
 319 0044 87010000 		.4byte	.LASF3
 320 0048 02       		.uleb128 0x2
 321 0049 01       		.byte	0x1
 322 004a 06       		.byte	0x6
 323 004b 7B010000 		.4byte	.LASF4
 324 004f 02       		.uleb128 0x2
 325 0050 01       		.byte	0x1
 326 0051 08       		.byte	0x8
 327 0052 28010000 		.4byte	.LASF5
 328 0056 02       		.uleb128 0x2
 329 0057 02       		.byte	0x2
 330 0058 05       		.byte	0x5
 331 0059 93010000 		.4byte	.LASF6
 332 005d 02       		.uleb128 0x2
 333 005e 02       		.byte	0x2
 334 005f 07       		.byte	0x7
 335 0060 68010000 		.4byte	.LASF7
 336 0064 02       		.uleb128 0x2
 337 0065 04       		.byte	0x4
 338 0066 05       		.byte	0x5
 339 0067 42010000 		.4byte	.LASF8
 340 006b 02       		.uleb128 0x2
 341 006c 04       		.byte	0x4
 342 006d 07       		.byte	0x7
 343 006e A9000000 		.4byte	.LASF9
 344 0072 02       		.uleb128 0x2
 345 0073 08       		.byte	0x8
 346 0074 07       		.byte	0x7
 347 0075 BB000000 		.4byte	.LASF10
 348 0079 02       		.uleb128 0x2
 349 007a 04       		.byte	0x4
 350 007b 07       		.byte	0x7
 351 007c 9D010000 		.4byte	.LASF11
 352 0080 02       		.uleb128 0x2
 353 0081 01       		.byte	0x1
 354 0082 08       		.byte	0x8
 355 0083 36010000 		.4byte	.LASF12
 356 0087 02       		.uleb128 0x2
 357 0088 04       		.byte	0x4
 358 0089 04       		.byte	0x4
 359 008a D9000000 		.4byte	.LASF13
 360 008e 04       		.uleb128 0x4
 361 008f D2000000 		.4byte	.LASF19
 362 0093 01       		.byte	0x1
 363 0094 11       		.byte	0x11
 364 0095 25000000 		.4byte	0x25
 365 0099 00000000 		.4byte	.LFB0
ARM GAS  C:\Users\manuelfu\AppData\Local\Temp\ccHSzLQ7.s 			page 8


 366 009d E4010000 		.4byte	.LFE0-.LFB0
 367 00a1 01       		.uleb128 0x1
 368 00a2 9C       		.byte	0x9c
 369 00a3 02010000 		.4byte	0x102
 370 00a7 05       		.uleb128 0x5
 371 00a8 43483000 		.ascii	"CH0\000"
 372 00ac 01       		.byte	0x1
 373 00ad 11       		.byte	0x11
 374 00ae 25000000 		.4byte	0x25
 375 00b2 00000000 		.4byte	.LLST0
 376 00b6 05       		.uleb128 0x5
 377 00b7 43483100 		.ascii	"CH1\000"
 378 00bb 01       		.byte	0x1
 379 00bc 11       		.byte	0x11
 380 00bd 25000000 		.4byte	0x25
 381 00c1 28000000 		.4byte	.LLST1
 382 00c5 06       		.uleb128 0x6
 383 00c6 3B010000 		.4byte	.LASF14
 384 00ca 01       		.byte	0x1
 385 00cb 13       		.byte	0x13
 386 00cc 25000000 		.4byte	0x25
 387 00d0 50000000 		.4byte	.LLST2
 388 00d4 06       		.uleb128 0x6
 389 00d5 DF000000 		.4byte	.LASF15
 390 00d9 01       		.byte	0x1
 391 00da 14       		.byte	0x14
 392 00db 25000000 		.4byte	0x25
 393 00df 0C010000 		.4byte	.LLST3
 394 00e3 07       		.uleb128 0x7
 395 00e4 66000000 		.4byte	.LVL10
 396 00e8 02010000 		.4byte	0x102
 397 00ec 08       		.uleb128 0x8
 398 00ed 06       		.uleb128 0x6
 399 00ee 52       		.byte	0x52
 400 00ef 93       		.byte	0x93
 401 00f0 04       		.uleb128 0x4
 402 00f1 53       		.byte	0x53
 403 00f2 93       		.byte	0x93
 404 00f3 04       		.uleb128 0x4
 405 00f4 0B       		.uleb128 0xb
 406 00f5 F4       		.byte	0xf4
 407 00f6 25       		.uleb128 0x25
 408 00f7 08       		.byte	0x8
 409 00f8 66666666 		.4byte	0x66666666
 410 00fc 6666F63F 		.4byte	0x3ff66666
 411 0100 00       		.byte	0
 412 0101 00       		.byte	0
 413 0102 09       		.uleb128 0x9
 414 0103 706F7700 		.ascii	"pow\000"
 415 0107 706F7700 		.ascii	"pow\000"
 416 010b 02       		.byte	0x2
 417 010c 86       		.byte	0x86
 418 010d 00       		.byte	0
 419              		.section	.debug_abbrev,"",%progbits
 420              	.Ldebug_abbrev0:
 421 0000 01       		.uleb128 0x1
 422 0001 11       		.uleb128 0x11
ARM GAS  C:\Users\manuelfu\AppData\Local\Temp\ccHSzLQ7.s 			page 9


 423 0002 01       		.byte	0x1
 424 0003 25       		.uleb128 0x25
 425 0004 0E       		.uleb128 0xe
 426 0005 13       		.uleb128 0x13
 427 0006 0B       		.uleb128 0xb
 428 0007 03       		.uleb128 0x3
 429 0008 0E       		.uleb128 0xe
 430 0009 1B       		.uleb128 0x1b
 431 000a 0E       		.uleb128 0xe
 432 000b 55       		.uleb128 0x55
 433 000c 17       		.uleb128 0x17
 434 000d 11       		.uleb128 0x11
 435 000e 01       		.uleb128 0x1
 436 000f 10       		.uleb128 0x10
 437 0010 17       		.uleb128 0x17
 438 0011 00       		.byte	0
 439 0012 00       		.byte	0
 440 0013 02       		.uleb128 0x2
 441 0014 24       		.uleb128 0x24
 442 0015 00       		.byte	0
 443 0016 0B       		.uleb128 0xb
 444 0017 0B       		.uleb128 0xb
 445 0018 3E       		.uleb128 0x3e
 446 0019 0B       		.uleb128 0xb
 447 001a 03       		.uleb128 0x3
 448 001b 0E       		.uleb128 0xe
 449 001c 00       		.byte	0
 450 001d 00       		.byte	0
 451 001e 03       		.uleb128 0x3
 452 001f 24       		.uleb128 0x24
 453 0020 00       		.byte	0
 454 0021 0B       		.uleb128 0xb
 455 0022 0B       		.uleb128 0xb
 456 0023 3E       		.uleb128 0x3e
 457 0024 0B       		.uleb128 0xb
 458 0025 03       		.uleb128 0x3
 459 0026 08       		.uleb128 0x8
 460 0027 00       		.byte	0
 461 0028 00       		.byte	0
 462 0029 04       		.uleb128 0x4
 463 002a 2E       		.uleb128 0x2e
 464 002b 01       		.byte	0x1
 465 002c 3F       		.uleb128 0x3f
 466 002d 19       		.uleb128 0x19
 467 002e 03       		.uleb128 0x3
 468 002f 0E       		.uleb128 0xe
 469 0030 3A       		.uleb128 0x3a
 470 0031 0B       		.uleb128 0xb
 471 0032 3B       		.uleb128 0x3b
 472 0033 0B       		.uleb128 0xb
 473 0034 27       		.uleb128 0x27
 474 0035 19       		.uleb128 0x19
 475 0036 49       		.uleb128 0x49
 476 0037 13       		.uleb128 0x13
 477 0038 11       		.uleb128 0x11
 478 0039 01       		.uleb128 0x1
 479 003a 12       		.uleb128 0x12
ARM GAS  C:\Users\manuelfu\AppData\Local\Temp\ccHSzLQ7.s 			page 10


 480 003b 06       		.uleb128 0x6
 481 003c 40       		.uleb128 0x40
 482 003d 18       		.uleb128 0x18
 483 003e 9642     		.uleb128 0x2116
 484 0040 19       		.uleb128 0x19
 485 0041 01       		.uleb128 0x1
 486 0042 13       		.uleb128 0x13
 487 0043 00       		.byte	0
 488 0044 00       		.byte	0
 489 0045 05       		.uleb128 0x5
 490 0046 05       		.uleb128 0x5
 491 0047 00       		.byte	0
 492 0048 03       		.uleb128 0x3
 493 0049 08       		.uleb128 0x8
 494 004a 3A       		.uleb128 0x3a
 495 004b 0B       		.uleb128 0xb
 496 004c 3B       		.uleb128 0x3b
 497 004d 0B       		.uleb128 0xb
 498 004e 49       		.uleb128 0x49
 499 004f 13       		.uleb128 0x13
 500 0050 02       		.uleb128 0x2
 501 0051 17       		.uleb128 0x17
 502 0052 00       		.byte	0
 503 0053 00       		.byte	0
 504 0054 06       		.uleb128 0x6
 505 0055 34       		.uleb128 0x34
 506 0056 00       		.byte	0
 507 0057 03       		.uleb128 0x3
 508 0058 0E       		.uleb128 0xe
 509 0059 3A       		.uleb128 0x3a
 510 005a 0B       		.uleb128 0xb
 511 005b 3B       		.uleb128 0x3b
 512 005c 0B       		.uleb128 0xb
 513 005d 49       		.uleb128 0x49
 514 005e 13       		.uleb128 0x13
 515 005f 02       		.uleb128 0x2
 516 0060 17       		.uleb128 0x17
 517 0061 00       		.byte	0
 518 0062 00       		.byte	0
 519 0063 07       		.uleb128 0x7
 520 0064 898201   		.uleb128 0x4109
 521 0067 01       		.byte	0x1
 522 0068 11       		.uleb128 0x11
 523 0069 01       		.uleb128 0x1
 524 006a 31       		.uleb128 0x31
 525 006b 13       		.uleb128 0x13
 526 006c 00       		.byte	0
 527 006d 00       		.byte	0
 528 006e 08       		.uleb128 0x8
 529 006f 8A8201   		.uleb128 0x410a
 530 0072 00       		.byte	0
 531 0073 02       		.uleb128 0x2
 532 0074 18       		.uleb128 0x18
 533 0075 9142     		.uleb128 0x2111
 534 0077 18       		.uleb128 0x18
 535 0078 00       		.byte	0
 536 0079 00       		.byte	0
ARM GAS  C:\Users\manuelfu\AppData\Local\Temp\ccHSzLQ7.s 			page 11


 537 007a 09       		.uleb128 0x9
 538 007b 2E       		.uleb128 0x2e
 539 007c 00       		.byte	0
 540 007d 3F       		.uleb128 0x3f
 541 007e 19       		.uleb128 0x19
 542 007f 3C       		.uleb128 0x3c
 543 0080 19       		.uleb128 0x19
 544 0081 6E       		.uleb128 0x6e
 545 0082 08       		.uleb128 0x8
 546 0083 03       		.uleb128 0x3
 547 0084 08       		.uleb128 0x8
 548 0085 3A       		.uleb128 0x3a
 549 0086 0B       		.uleb128 0xb
 550 0087 3B       		.uleb128 0x3b
 551 0088 0B       		.uleb128 0xb
 552 0089 00       		.byte	0
 553 008a 00       		.byte	0
 554 008b 00       		.byte	0
 555              		.section	.debug_loc,"",%progbits
 556              	.Ldebug_loc0:
 557              	.LLST0:
 558 0000 00000000 		.4byte	.LVL0
 559 0004 12000000 		.4byte	.LVL3
 560 0008 0600     		.2byte	0x6
 561 000a 50       		.byte	0x50
 562 000b 93       		.byte	0x93
 563 000c 04       		.uleb128 0x4
 564 000d 51       		.byte	0x51
 565 000e 93       		.byte	0x93
 566 000f 04       		.uleb128 0x4
 567 0010 12000000 		.4byte	.LVL3
 568 0014 E4010000 		.4byte	.LFE0
 569 0018 0600     		.2byte	0x6
 570 001a F3       		.byte	0xf3
 571 001b 03       		.uleb128 0x3
 572 001c F5       		.byte	0xf5
 573 001d 00       		.uleb128 0
 574 001e 25       		.uleb128 0x25
 575 001f 9F       		.byte	0x9f
 576 0020 00000000 		.4byte	0
 577 0024 00000000 		.4byte	0
 578              	.LLST1:
 579 0028 00000000 		.4byte	.LVL0
 580 002c 0E000000 		.4byte	.LVL2
 581 0030 0600     		.2byte	0x6
 582 0032 52       		.byte	0x52
 583 0033 93       		.byte	0x93
 584 0034 04       		.uleb128 0x4
 585 0035 53       		.byte	0x53
 586 0036 93       		.byte	0x93
 587 0037 04       		.uleb128 0x4
 588 0038 0E000000 		.4byte	.LVL2
 589 003c E4010000 		.4byte	.LFE0
 590 0040 0600     		.2byte	0x6
 591 0042 F3       		.byte	0xf3
 592 0043 03       		.uleb128 0x3
 593 0044 F5       		.byte	0xf5
ARM GAS  C:\Users\manuelfu\AppData\Local\Temp\ccHSzLQ7.s 			page 12


 594 0045 02       		.uleb128 0x2
 595 0046 25       		.uleb128 0x25
 596 0047 9F       		.byte	0x9f
 597 0048 00000000 		.4byte	0
 598 004c 00000000 		.4byte	0
 599              	.LLST2:
 600 0050 0C000000 		.4byte	.LVL1
 601 0054 7E000000 		.4byte	.LVL12
 602 0058 0A00     		.2byte	0xa
 603 005a 9E       		.byte	0x9e
 604 005b 08       		.uleb128 0x8
 605 005c 00000000 		.4byte	0
 606 0060 00000000 		.4byte	0
 607 0064 7E000000 		.4byte	.LVL12
 608 0068 82000000 		.4byte	.LVL13
 609 006c 0600     		.2byte	0x6
 610 006e 50       		.byte	0x50
 611 006f 93       		.byte	0x93
 612 0070 04       		.uleb128 0x4
 613 0071 51       		.byte	0x51
 614 0072 93       		.byte	0x93
 615 0073 04       		.uleb128 0x4
 616 0074 82000000 		.4byte	.LVL13
 617 0078 CC000000 		.4byte	.LVL19
 618 007c 0A00     		.2byte	0xa
 619 007e 9E       		.byte	0x9e
 620 007f 08       		.uleb128 0x8
 621 0080 00000000 		.4byte	0
 622 0084 00000000 		.4byte	0
 623 0088 CC000000 		.4byte	.LVL19
 624 008c D0000000 		.4byte	.LVL20
 625 0090 0600     		.2byte	0x6
 626 0092 50       		.byte	0x50
 627 0093 93       		.byte	0x93
 628 0094 04       		.uleb128 0x4
 629 0095 51       		.byte	0x51
 630 0096 93       		.byte	0x93
 631 0097 04       		.uleb128 0x4
 632 0098 D0000000 		.4byte	.LVL20
 633 009c 1C010000 		.4byte	.LVL26
 634 00a0 0A00     		.2byte	0xa
 635 00a2 9E       		.byte	0x9e
 636 00a3 08       		.uleb128 0x8
 637 00a4 00000000 		.4byte	0
 638 00a8 00000000 		.4byte	0
 639 00ac 1C010000 		.4byte	.LVL26
 640 00b0 20010000 		.4byte	.LVL27
 641 00b4 0600     		.2byte	0x6
 642 00b6 50       		.byte	0x50
 643 00b7 93       		.byte	0x93
 644 00b8 04       		.uleb128 0x4
 645 00b9 51       		.byte	0x51
 646 00ba 93       		.byte	0x93
 647 00bb 04       		.uleb128 0x4
 648 00bc 20010000 		.4byte	.LVL27
 649 00c0 6C010000 		.4byte	.LVL33
 650 00c4 0A00     		.2byte	0xa
ARM GAS  C:\Users\manuelfu\AppData\Local\Temp\ccHSzLQ7.s 			page 13


 651 00c6 9E       		.byte	0x9e
 652 00c7 08       		.uleb128 0x8
 653 00c8 00000000 		.4byte	0
 654 00cc 00000000 		.4byte	0
 655 00d0 6C010000 		.4byte	.LVL33
 656 00d4 70010000 		.4byte	.LVL34
 657 00d8 0600     		.2byte	0x6
 658 00da 50       		.byte	0x50
 659 00db 93       		.byte	0x93
 660 00dc 04       		.uleb128 0x4
 661 00dd 51       		.byte	0x51
 662 00de 93       		.byte	0x93
 663 00df 04       		.uleb128 0x4
 664 00e0 70010000 		.4byte	.LVL34
 665 00e4 7C010000 		.4byte	.LVL36
 666 00e8 0A00     		.2byte	0xa
 667 00ea 9E       		.byte	0x9e
 668 00eb 08       		.uleb128 0x8
 669 00ec 00000000 		.4byte	0
 670 00f0 00000000 		.4byte	0
 671 00f4 7C010000 		.4byte	.LVL36
 672 00f8 E4010000 		.4byte	.LFE0
 673 00fc 0600     		.2byte	0x6
 674 00fe 50       		.byte	0x50
 675 00ff 93       		.byte	0x93
 676 0100 04       		.uleb128 0x4
 677 0101 51       		.byte	0x51
 678 0102 93       		.byte	0x93
 679 0103 04       		.uleb128 0x4
 680 0104 00000000 		.4byte	0
 681 0108 00000000 		.4byte	0
 682              	.LLST3:
 683 010c 1C000000 		.4byte	.LVL5
 684 0110 B0000000 		.4byte	.LVL17
 685 0114 0600     		.2byte	0x6
 686 0116 54       		.byte	0x54
 687 0117 93       		.byte	0x93
 688 0118 04       		.uleb128 0x4
 689 0119 55       		.byte	0x55
 690 011a 93       		.byte	0x93
 691 011b 04       		.uleb128 0x4
 692 011c D0000000 		.4byte	.LVL20
 693 0120 00010000 		.4byte	.LVL24
 694 0124 0600     		.2byte	0x6
 695 0126 54       		.byte	0x54
 696 0127 93       		.byte	0x93
 697 0128 04       		.uleb128 0x4
 698 0129 55       		.byte	0x55
 699 012a 93       		.byte	0x93
 700 012b 04       		.uleb128 0x4
 701 012c 20010000 		.4byte	.LVL27
 702 0130 50010000 		.4byte	.LVL31
 703 0134 0600     		.2byte	0x6
 704 0136 54       		.byte	0x54
 705 0137 93       		.byte	0x93
 706 0138 04       		.uleb128 0x4
 707 0139 55       		.byte	0x55
ARM GAS  C:\Users\manuelfu\AppData\Local\Temp\ccHSzLQ7.s 			page 14


 708 013a 93       		.byte	0x93
 709 013b 04       		.uleb128 0x4
 710 013c 70010000 		.4byte	.LVL34
 711 0140 80010000 		.4byte	.LVL37
 712 0144 0600     		.2byte	0x6
 713 0146 54       		.byte	0x54
 714 0147 93       		.byte	0x93
 715 0148 04       		.uleb128 0x4
 716 0149 55       		.byte	0x55
 717 014a 93       		.byte	0x93
 718 014b 04       		.uleb128 0x4
 719 014c 00000000 		.4byte	0
 720 0150 00000000 		.4byte	0
 721              		.section	.debug_aranges,"",%progbits
 722 0000 1C000000 		.4byte	0x1c
 723 0004 0200     		.2byte	0x2
 724 0006 00000000 		.4byte	.Ldebug_info0
 725 000a 04       		.byte	0x4
 726 000b 00       		.byte	0
 727 000c 0000     		.2byte	0
 728 000e 0000     		.2byte	0
 729 0010 00000000 		.4byte	.LFB0
 730 0014 E4010000 		.4byte	.LFE0-.LFB0
 731 0018 00000000 		.4byte	0
 732 001c 00000000 		.4byte	0
 733              		.section	.debug_ranges,"",%progbits
 734              	.Ldebug_ranges0:
 735 0000 00000000 		.4byte	.LFB0
 736 0004 E4010000 		.4byte	.LFE0
 737 0008 00000000 		.4byte	0
 738 000c 00000000 		.4byte	0
 739              		.section	.debug_line,"",%progbits
 740              	.Ldebug_line0:
 741 0000 DF000000 		.section	.debug_str,"MS",%progbits,1
 741      02009E00 
 741      00000201 
 741      FB0E0D00 
 741      01010101 
 742              	.LASF2:
 743 0000 6C6F6E67 		.ascii	"long long int\000"
 743      206C6F6E 
 743      6720696E 
 743      7400
 744              	.LASF1:
 745 000e 756E7369 		.ascii	"unsigned int\000"
 745      676E6564 
 745      20696E74 
 745      00
 746              	.LASF16:
 747 001b 474E5520 		.ascii	"GNU C11 5.4.1 20160609 (release) [ARM/embedded-5-br"
 747      43313120 
 747      352E342E 
 747      31203230 
 747      31363036 
 748 004e 616E6368 		.ascii	"anch revision 237715] -mcpu=cortex-m3 -mthumb -g -O"
 748      20726576 
 748      6973696F 
ARM GAS  C:\Users\manuelfu\AppData\Local\Temp\ccHSzLQ7.s 			page 15


 748      6E203233 
 748      37373135 
 749 0081 67202D66 		.ascii	"g -ffunction-sections -ffat-lto-objects\000"
 749      66756E63 
 749      74696F6E 
 749      2D736563 
 749      74696F6E 
 750              	.LASF9:
 751 00a9 6C6F6E67 		.ascii	"long unsigned int\000"
 751      20756E73 
 751      69676E65 
 751      6420696E 
 751      7400
 752              	.LASF10:
 753 00bb 6C6F6E67 		.ascii	"long long unsigned int\000"
 753      206C6F6E 
 753      6720756E 
 753      7369676E 
 753      65642069 
 754              	.LASF19:
 755 00d2 6765744C 		.ascii	"getLux\000"
 755      757800
 756              	.LASF13:
 757 00d9 666C6F61 		.ascii	"float\000"
 757      7400
 758              	.LASF15:
 759 00df 4368616E 		.ascii	"ChannelRatio\000"
 759      6E656C52 
 759      6174696F 
 759      00
 760              	.LASF18:
 761 00ec 433A5C55 		.ascii	"C:\\Users\\manuelfu\\Documents\\PSoC Creator\\zumo\\"
 761      73657273 
 761      5C6D616E 
 761      75656C66 
 761      755C446F 
 762 011a 5A756D6F 		.ascii	"ZumoBot.cydsn\000"
 762      426F742E 
 762      63796473 
 762      6E00
 763              	.LASF5:
 764 0128 756E7369 		.ascii	"unsigned char\000"
 764      676E6564 
 764      20636861 
 764      7200
 765              	.LASF12:
 766 0136 63686172 		.ascii	"char\000"
 766      00
 767              	.LASF14:
 768 013b 72657375 		.ascii	"result\000"
 768      6C7400
 769              	.LASF8:
 770 0142 6C6F6E67 		.ascii	"long int\000"
 770      20696E74 
 770      00
 771              	.LASF17:
 772 014b 5A756D6F 		.ascii	"ZumoLibrary\\Ambient.c\000"
ARM GAS  C:\Users\manuelfu\AppData\Local\Temp\ccHSzLQ7.s 			page 16


 772      4C696272 
 772      6172795C 
 772      416D6269 
 772      656E742E 
 773              	.LASF0:
 774 0161 646F7562 		.ascii	"double\000"
 774      6C6500
 775              	.LASF7:
 776 0168 73686F72 		.ascii	"short unsigned int\000"
 776      7420756E 
 776      7369676E 
 776      65642069 
 776      6E7400
 777              	.LASF4:
 778 017b 7369676E 		.ascii	"signed char\000"
 778      65642063 
 778      68617200 
 779              	.LASF3:
 780 0187 6C6F6E67 		.ascii	"long double\000"
 780      20646F75 
 780      626C6500 
 781              	.LASF6:
 782 0193 73686F72 		.ascii	"short int\000"
 782      7420696E 
 782      7400
 783              	.LASF11:
 784 019d 73697A65 		.ascii	"sizetype\000"
 784      74797065 
 784      00
 785              		.ident	"GCC: (GNU Tools for ARM Embedded Processors) 5.4.1 20160609 (release) [ARM/embedded-5-bran
