ARM GAS  C:\Users\manuelfu\AppData\Local\Temp\ccEh7jHu.s 			page 1


   1              		.syntax unified
   2              		.cpu cortex-m3
   3              		.fpu softvfp
   4              		.eabi_attribute 20, 1
   5              		.eabi_attribute 21, 1
   6              		.eabi_attribute 23, 3
   7              		.eabi_attribute 24, 1
   8              		.eabi_attribute 25, 1
   9              		.eabi_attribute 26, 1
  10              		.eabi_attribute 30, 1
  11              		.eabi_attribute 34, 1
  12              		.eabi_attribute 18, 4
  13              		.thumb
  14              		.syntax unified
  15              		.file	"Gyro.c"
  16              		.text
  17              	.Ltext0:
  18              		.cfi_sections	.debug_frame
  19              		.global	__aeabi_ui2f
  20              		.global	__aeabi_fmul
  21              		.global	__aeabi_f2uiz
  22              		.section	.text.value_convert_gyro,"ax",%progbits
  23              		.align	2
  24              		.global	value_convert_gyro
  25              		.thumb
  26              		.thumb_func
  27              		.type	value_convert_gyro, %function
  28              	value_convert_gyro:
  29              	.LFB63:
  30              		.file 1 "ZumoLibrary\\Gyro.c"
   1:ZumoLibrary/Gyro.c **** /**
   2:ZumoLibrary/Gyro.c ****  * @file    Gyro.c
   3:ZumoLibrary/Gyro.c ****  * @brief   Basic methods for operating gyroscope. For more details, please refer to Gyro.h file. 
   4:ZumoLibrary/Gyro.c ****  * @details part number: L3GD20H (included in Zumo shield)
   5:ZumoLibrary/Gyro.c **** */
   6:ZumoLibrary/Gyro.c **** #include "Gyro.h"
   7:ZumoLibrary/Gyro.c **** 
   8:ZumoLibrary/Gyro.c **** 
   9:ZumoLibrary/Gyro.c **** uint16 value_convert_gyro(uint16 raw)
  10:ZumoLibrary/Gyro.c **** {
  31              		.loc 1 10 0
  32              		.cfi_startproc
  33              		@ args = 0, pretend = 0, frame = 0
  34              		@ frame_needed = 0, uses_anonymous_args = 0
  35              	.LVL0:
  36 0000 08B5     		push	{r3, lr}
  37              		.cfi_def_cfa_offset 8
  38              		.cfi_offset 3, -8
  39              		.cfi_offset 14, -4
  40              	.LVL1:
  11:ZumoLibrary/Gyro.c ****     float rate_result;
  12:ZumoLibrary/Gyro.c ****     float G_GAIN = 0.07;                        // FS = 2000 dps
  13:ZumoLibrary/Gyro.c ****   
  14:ZumoLibrary/Gyro.c ****     rate_result = (float)raw * G_GAIN;          // degrees per second for Gyroscope
  41              		.loc 1 14 0
  42 0002 FFF7FEFF 		bl	__aeabi_ui2f
  43              	.LVL2:
ARM GAS  C:\Users\manuelfu\AppData\Local\Temp\ccEh7jHu.s 			page 2


  44 0006 0349     		ldr	r1, .L3
  45 0008 FFF7FEFF 		bl	__aeabi_fmul
  46              	.LVL3:
  15:ZumoLibrary/Gyro.c ****     
  16:ZumoLibrary/Gyro.c ****     return rate_result;
  47              		.loc 1 16 0
  48 000c FFF7FEFF 		bl	__aeabi_f2uiz
  49              	.LVL4:
  17:ZumoLibrary/Gyro.c **** }
  50              		.loc 1 17 0
  51 0010 80B2     		uxth	r0, r0
  52 0012 08BD     		pop	{r3, pc}
  53              	.L4:
  54              		.align	2
  55              	.L3:
  56 0014 295C8F3D 		.word	1032805417
  57              		.cfi_endproc
  58              	.LFE63:
  59              		.size	value_convert_gyro, .-value_convert_gyro
  60              		.text
  61              	.Letext0:
  62              		.file 2 "c:\\program files (x86)\\cypress\\psoc creator\\4.2\\psoc creator\\import\\gnu\\arm\\5.4.
  63              		.file 3 "c:\\program files (x86)\\cypress\\psoc creator\\4.2\\psoc creator\\import\\gnu\\arm\\5.4.
  64              		.file 4 "Generated_Source\\PSoC5/cytypes.h"
  65              		.file 5 "Generated_Source\\PSoC5/core_cm3.h"
  66              		.section	.debug_info,"",%progbits
  67              	.Ldebug_info0:
  68 0000 06010000 		.4byte	0x106
  69 0004 0400     		.2byte	0x4
  70 0006 00000000 		.4byte	.Ldebug_abbrev0
  71 000a 04       		.byte	0x4
  72 000b 01       		.uleb128 0x1
  73 000c 48000000 		.4byte	.LASF19
  74 0010 0C       		.byte	0xc
  75 0011 FF000000 		.4byte	.LASF20
  76 0015 12010000 		.4byte	.LASF21
  77 0019 00000000 		.4byte	.Ldebug_ranges0+0
  78 001d 00000000 		.4byte	0
  79 0021 00000000 		.4byte	.Ldebug_line0
  80 0025 02       		.uleb128 0x2
  81 0026 01       		.byte	0x1
  82 0027 06       		.byte	0x6
  83 0028 7E010000 		.4byte	.LASF0
  84 002c 02       		.uleb128 0x2
  85 002d 01       		.byte	0x1
  86 002e 08       		.byte	0x8
  87 002f 4E010000 		.4byte	.LASF1
  88 0033 02       		.uleb128 0x2
  89 0034 02       		.byte	0x2
  90 0035 05       		.byte	0x5
  91 0036 A6010000 		.4byte	.LASF2
  92 003a 02       		.uleb128 0x2
  93 003b 02       		.byte	0x2
  94 003c 07       		.byte	0x7
  95 003d 0E000000 		.4byte	.LASF3
  96 0041 03       		.uleb128 0x3
  97 0042 96010000 		.4byte	.LASF9
ARM GAS  C:\Users\manuelfu\AppData\Local\Temp\ccEh7jHu.s 			page 3


  98 0046 02       		.byte	0x2
  99 0047 3F       		.byte	0x3f
 100 0048 4C000000 		.4byte	0x4c
 101 004c 02       		.uleb128 0x2
 102 004d 04       		.byte	0x4
 103 004e 05       		.byte	0x5
 104 004f 61010000 		.4byte	.LASF4
 105 0053 02       		.uleb128 0x2
 106 0054 04       		.byte	0x4
 107 0055 07       		.byte	0x7
 108 0056 D6000000 		.4byte	.LASF5
 109 005a 02       		.uleb128 0x2
 110 005b 08       		.byte	0x8
 111 005c 05       		.byte	0x5
 112 005d 00000000 		.4byte	.LASF6
 113 0061 02       		.uleb128 0x2
 114 0062 08       		.byte	0x8
 115 0063 07       		.byte	0x7
 116 0064 E8000000 		.4byte	.LASF7
 117 0068 04       		.uleb128 0x4
 118 0069 04       		.byte	0x4
 119 006a 05       		.byte	0x5
 120 006b 696E7400 		.ascii	"int\000"
 121 006f 02       		.uleb128 0x2
 122 0070 04       		.byte	0x4
 123 0071 07       		.byte	0x7
 124 0072 21000000 		.4byte	.LASF8
 125 0076 03       		.uleb128 0x3
 126 0077 B7010000 		.4byte	.LASF10
 127 007b 03       		.byte	0x3
 128 007c 2C       		.byte	0x2c
 129 007d 41000000 		.4byte	0x41
 130 0081 05       		.uleb128 0x5
 131 0082 B0010000 		.4byte	.LASF11
 132 0086 04       		.byte	0x4
 133 0087 E501     		.2byte	0x1e5
 134 0089 3A000000 		.4byte	0x3a
 135 008d 02       		.uleb128 0x2
 136 008e 04       		.byte	0x4
 137 008f 04       		.byte	0x4
 138 0090 A0010000 		.4byte	.LASF12
 139 0094 02       		.uleb128 0x2
 140 0095 08       		.byte	0x8
 141 0096 04       		.byte	0x4
 142 0097 6A010000 		.4byte	.LASF13
 143 009b 02       		.uleb128 0x2
 144 009c 01       		.byte	0x1
 145 009d 08       		.byte	0x8
 146 009e 5C010000 		.4byte	.LASF14
 147 00a2 02       		.uleb128 0x2
 148 00a3 08       		.byte	0x8
 149 00a4 04       		.byte	0x4
 150 00a5 8A010000 		.4byte	.LASF15
 151 00a9 02       		.uleb128 0x2
 152 00aa 04       		.byte	0x4
 153 00ab 07       		.byte	0x7
 154 00ac BF010000 		.4byte	.LASF16
ARM GAS  C:\Users\manuelfu\AppData\Local\Temp\ccEh7jHu.s 			page 4


 155 00b0 06       		.uleb128 0x6
 156 00b1 2E000000 		.4byte	.LASF22
 157 00b5 01       		.byte	0x1
 158 00b6 09       		.byte	0x9
 159 00b7 81000000 		.4byte	0x81
 160 00bb 00000000 		.4byte	.LFB63
 161 00bf 18000000 		.4byte	.LFE63-.LFB63
 162 00c3 01       		.uleb128 0x1
 163 00c4 9C       		.byte	0x9c
 164 00c5 F8000000 		.4byte	0xf8
 165 00c9 07       		.uleb128 0x7
 166 00ca 72617700 		.ascii	"raw\000"
 167 00ce 01       		.byte	0x1
 168 00cf 09       		.byte	0x9
 169 00d0 81000000 		.4byte	0x81
 170 00d4 00000000 		.4byte	.LLST0
 171 00d8 08       		.uleb128 0x8
 172 00d9 C8010000 		.4byte	.LASF17
 173 00dd 01       		.byte	0x1
 174 00de 0B       		.byte	0xb
 175 00df 8D000000 		.4byte	0x8d
 176 00e3 21000000 		.4byte	.LLST1
 177 00e7 09       		.uleb128 0x9
 178 00e8 41000000 		.4byte	.LASF18
 179 00ec 01       		.byte	0x1
 180 00ed 0C       		.byte	0xc
 181 00ee 8D000000 		.4byte	0x8d
 182 00f2 04       		.byte	0x4
 183 00f3 295C8F3D 		.4byte	0x3d8f5c29
 184 00f7 00       		.byte	0
 185 00f8 0A       		.uleb128 0xa
 186 00f9 71010000 		.4byte	.LASF23
 187 00fd 05       		.byte	0x5
 188 00fe 1207     		.2byte	0x712
 189 0100 04010000 		.4byte	0x104
 190 0104 0B       		.uleb128 0xb
 191 0105 76000000 		.4byte	0x76
 192 0109 00       		.byte	0
 193              		.section	.debug_abbrev,"",%progbits
 194              	.Ldebug_abbrev0:
 195 0000 01       		.uleb128 0x1
 196 0001 11       		.uleb128 0x11
 197 0002 01       		.byte	0x1
 198 0003 25       		.uleb128 0x25
 199 0004 0E       		.uleb128 0xe
 200 0005 13       		.uleb128 0x13
 201 0006 0B       		.uleb128 0xb
 202 0007 03       		.uleb128 0x3
 203 0008 0E       		.uleb128 0xe
 204 0009 1B       		.uleb128 0x1b
 205 000a 0E       		.uleb128 0xe
 206 000b 55       		.uleb128 0x55
 207 000c 17       		.uleb128 0x17
 208 000d 11       		.uleb128 0x11
 209 000e 01       		.uleb128 0x1
 210 000f 10       		.uleb128 0x10
 211 0010 17       		.uleb128 0x17
ARM GAS  C:\Users\manuelfu\AppData\Local\Temp\ccEh7jHu.s 			page 5


 212 0011 00       		.byte	0
 213 0012 00       		.byte	0
 214 0013 02       		.uleb128 0x2
 215 0014 24       		.uleb128 0x24
 216 0015 00       		.byte	0
 217 0016 0B       		.uleb128 0xb
 218 0017 0B       		.uleb128 0xb
 219 0018 3E       		.uleb128 0x3e
 220 0019 0B       		.uleb128 0xb
 221 001a 03       		.uleb128 0x3
 222 001b 0E       		.uleb128 0xe
 223 001c 00       		.byte	0
 224 001d 00       		.byte	0
 225 001e 03       		.uleb128 0x3
 226 001f 16       		.uleb128 0x16
 227 0020 00       		.byte	0
 228 0021 03       		.uleb128 0x3
 229 0022 0E       		.uleb128 0xe
 230 0023 3A       		.uleb128 0x3a
 231 0024 0B       		.uleb128 0xb
 232 0025 3B       		.uleb128 0x3b
 233 0026 0B       		.uleb128 0xb
 234 0027 49       		.uleb128 0x49
 235 0028 13       		.uleb128 0x13
 236 0029 00       		.byte	0
 237 002a 00       		.byte	0
 238 002b 04       		.uleb128 0x4
 239 002c 24       		.uleb128 0x24
 240 002d 00       		.byte	0
 241 002e 0B       		.uleb128 0xb
 242 002f 0B       		.uleb128 0xb
 243 0030 3E       		.uleb128 0x3e
 244 0031 0B       		.uleb128 0xb
 245 0032 03       		.uleb128 0x3
 246 0033 08       		.uleb128 0x8
 247 0034 00       		.byte	0
 248 0035 00       		.byte	0
 249 0036 05       		.uleb128 0x5
 250 0037 16       		.uleb128 0x16
 251 0038 00       		.byte	0
 252 0039 03       		.uleb128 0x3
 253 003a 0E       		.uleb128 0xe
 254 003b 3A       		.uleb128 0x3a
 255 003c 0B       		.uleb128 0xb
 256 003d 3B       		.uleb128 0x3b
 257 003e 05       		.uleb128 0x5
 258 003f 49       		.uleb128 0x49
 259 0040 13       		.uleb128 0x13
 260 0041 00       		.byte	0
 261 0042 00       		.byte	0
 262 0043 06       		.uleb128 0x6
 263 0044 2E       		.uleb128 0x2e
 264 0045 01       		.byte	0x1
 265 0046 3F       		.uleb128 0x3f
 266 0047 19       		.uleb128 0x19
 267 0048 03       		.uleb128 0x3
 268 0049 0E       		.uleb128 0xe
ARM GAS  C:\Users\manuelfu\AppData\Local\Temp\ccEh7jHu.s 			page 6


 269 004a 3A       		.uleb128 0x3a
 270 004b 0B       		.uleb128 0xb
 271 004c 3B       		.uleb128 0x3b
 272 004d 0B       		.uleb128 0xb
 273 004e 27       		.uleb128 0x27
 274 004f 19       		.uleb128 0x19
 275 0050 49       		.uleb128 0x49
 276 0051 13       		.uleb128 0x13
 277 0052 11       		.uleb128 0x11
 278 0053 01       		.uleb128 0x1
 279 0054 12       		.uleb128 0x12
 280 0055 06       		.uleb128 0x6
 281 0056 40       		.uleb128 0x40
 282 0057 18       		.uleb128 0x18
 283 0058 9642     		.uleb128 0x2116
 284 005a 19       		.uleb128 0x19
 285 005b 01       		.uleb128 0x1
 286 005c 13       		.uleb128 0x13
 287 005d 00       		.byte	0
 288 005e 00       		.byte	0
 289 005f 07       		.uleb128 0x7
 290 0060 05       		.uleb128 0x5
 291 0061 00       		.byte	0
 292 0062 03       		.uleb128 0x3
 293 0063 08       		.uleb128 0x8
 294 0064 3A       		.uleb128 0x3a
 295 0065 0B       		.uleb128 0xb
 296 0066 3B       		.uleb128 0x3b
 297 0067 0B       		.uleb128 0xb
 298 0068 49       		.uleb128 0x49
 299 0069 13       		.uleb128 0x13
 300 006a 02       		.uleb128 0x2
 301 006b 17       		.uleb128 0x17
 302 006c 00       		.byte	0
 303 006d 00       		.byte	0
 304 006e 08       		.uleb128 0x8
 305 006f 34       		.uleb128 0x34
 306 0070 00       		.byte	0
 307 0071 03       		.uleb128 0x3
 308 0072 0E       		.uleb128 0xe
 309 0073 3A       		.uleb128 0x3a
 310 0074 0B       		.uleb128 0xb
 311 0075 3B       		.uleb128 0x3b
 312 0076 0B       		.uleb128 0xb
 313 0077 49       		.uleb128 0x49
 314 0078 13       		.uleb128 0x13
 315 0079 02       		.uleb128 0x2
 316 007a 17       		.uleb128 0x17
 317 007b 00       		.byte	0
 318 007c 00       		.byte	0
 319 007d 09       		.uleb128 0x9
 320 007e 34       		.uleb128 0x34
 321 007f 00       		.byte	0
 322 0080 03       		.uleb128 0x3
 323 0081 0E       		.uleb128 0xe
 324 0082 3A       		.uleb128 0x3a
 325 0083 0B       		.uleb128 0xb
ARM GAS  C:\Users\manuelfu\AppData\Local\Temp\ccEh7jHu.s 			page 7


 326 0084 3B       		.uleb128 0x3b
 327 0085 0B       		.uleb128 0xb
 328 0086 49       		.uleb128 0x49
 329 0087 13       		.uleb128 0x13
 330 0088 1C       		.uleb128 0x1c
 331 0089 0A       		.uleb128 0xa
 332 008a 00       		.byte	0
 333 008b 00       		.byte	0
 334 008c 0A       		.uleb128 0xa
 335 008d 34       		.uleb128 0x34
 336 008e 00       		.byte	0
 337 008f 03       		.uleb128 0x3
 338 0090 0E       		.uleb128 0xe
 339 0091 3A       		.uleb128 0x3a
 340 0092 0B       		.uleb128 0xb
 341 0093 3B       		.uleb128 0x3b
 342 0094 05       		.uleb128 0x5
 343 0095 49       		.uleb128 0x49
 344 0096 13       		.uleb128 0x13
 345 0097 3F       		.uleb128 0x3f
 346 0098 19       		.uleb128 0x19
 347 0099 3C       		.uleb128 0x3c
 348 009a 19       		.uleb128 0x19
 349 009b 00       		.byte	0
 350 009c 00       		.byte	0
 351 009d 0B       		.uleb128 0xb
 352 009e 35       		.uleb128 0x35
 353 009f 00       		.byte	0
 354 00a0 49       		.uleb128 0x49
 355 00a1 13       		.uleb128 0x13
 356 00a2 00       		.byte	0
 357 00a3 00       		.byte	0
 358 00a4 00       		.byte	0
 359              		.section	.debug_loc,"",%progbits
 360              	.Ldebug_loc0:
 361              	.LLST0:
 362 0000 00000000 		.4byte	.LVL0
 363 0004 05000000 		.4byte	.LVL2-1
 364 0008 0100     		.2byte	0x1
 365 000a 50       		.byte	0x50
 366 000b 05000000 		.4byte	.LVL2-1
 367 000f 18000000 		.4byte	.LFE63
 368 0013 0400     		.2byte	0x4
 369 0015 F3       		.byte	0xf3
 370 0016 01       		.uleb128 0x1
 371 0017 50       		.byte	0x50
 372 0018 9F       		.byte	0x9f
 373 0019 00000000 		.4byte	0
 374 001d 00000000 		.4byte	0
 375              	.LLST1:
 376 0021 0C000000 		.4byte	.LVL3
 377 0025 0F000000 		.4byte	.LVL4-1
 378 0029 0100     		.2byte	0x1
 379 002b 50       		.byte	0x50
 380 002c 00000000 		.4byte	0
 381 0030 00000000 		.4byte	0
 382              		.section	.debug_aranges,"",%progbits
ARM GAS  C:\Users\manuelfu\AppData\Local\Temp\ccEh7jHu.s 			page 8


 383 0000 1C000000 		.4byte	0x1c
 384 0004 0200     		.2byte	0x2
 385 0006 00000000 		.4byte	.Ldebug_info0
 386 000a 04       		.byte	0x4
 387 000b 00       		.byte	0
 388 000c 0000     		.2byte	0
 389 000e 0000     		.2byte	0
 390 0010 00000000 		.4byte	.LFB63
 391 0014 18000000 		.4byte	.LFE63-.LFB63
 392 0018 00000000 		.4byte	0
 393 001c 00000000 		.4byte	0
 394              		.section	.debug_ranges,"",%progbits
 395              	.Ldebug_ranges0:
 396 0000 00000000 		.4byte	.LFB63
 397 0004 18000000 		.4byte	.LFE63
 398 0008 00000000 		.4byte	0
 399 000c 00000000 		.4byte	0
 400              		.section	.debug_line,"",%progbits
 401              	.Ldebug_line0:
 402 0000 70010000 		.section	.debug_str,"MS",%progbits,1
 402      02005801 
 402      00000201 
 402      FB0E0D00 
 402      01010101 
 403              	.LASF6:
 404 0000 6C6F6E67 		.ascii	"long long int\000"
 404      206C6F6E 
 404      6720696E 
 404      7400
 405              	.LASF3:
 406 000e 73686F72 		.ascii	"short unsigned int\000"
 406      7420756E 
 406      7369676E 
 406      65642069 
 406      6E7400
 407              	.LASF8:
 408 0021 756E7369 		.ascii	"unsigned int\000"
 408      676E6564 
 408      20696E74 
 408      00
 409              	.LASF22:
 410 002e 76616C75 		.ascii	"value_convert_gyro\000"
 410      655F636F 
 410      6E766572 
 410      745F6779 
 410      726F00
 411              	.LASF18:
 412 0041 475F4741 		.ascii	"G_GAIN\000"
 412      494E00
 413              	.LASF19:
 414 0048 474E5520 		.ascii	"GNU C11 5.4.1 20160609 (release) [ARM/embedded-5-br"
 414      43313120 
 414      352E342E 
 414      31203230 
 414      31363036 
 415 007b 616E6368 		.ascii	"anch revision 237715] -mcpu=cortex-m3 -mthumb -g -O"
 415      20726576 
ARM GAS  C:\Users\manuelfu\AppData\Local\Temp\ccEh7jHu.s 			page 9


 415      6973696F 
 415      6E203233 
 415      37373135 
 416 00ae 67202D66 		.ascii	"g -ffunction-sections -ffat-lto-objects\000"
 416      66756E63 
 416      74696F6E 
 416      2D736563 
 416      74696F6E 
 417              	.LASF5:
 418 00d6 6C6F6E67 		.ascii	"long unsigned int\000"
 418      20756E73 
 418      69676E65 
 418      6420696E 
 418      7400
 419              	.LASF7:
 420 00e8 6C6F6E67 		.ascii	"long long unsigned int\000"
 420      206C6F6E 
 420      6720756E 
 420      7369676E 
 420      65642069 
 421              	.LASF20:
 422 00ff 5A756D6F 		.ascii	"ZumoLibrary\\Gyro.c\000"
 422      4C696272 
 422      6172795C 
 422      4779726F 
 422      2E6300
 423              	.LASF21:
 424 0112 433A5C55 		.ascii	"C:\\Users\\manuelfu\\Documents\\PSoC Creator\\zumo\\"
 424      73657273 
 424      5C6D616E 
 424      75656C66 
 424      755C446F 
 425 0140 5A756D6F 		.ascii	"ZumoBot.cydsn\000"
 425      426F742E 
 425      63796473 
 425      6E00
 426              	.LASF1:
 427 014e 756E7369 		.ascii	"unsigned char\000"
 427      676E6564 
 427      20636861 
 427      7200
 428              	.LASF14:
 429 015c 63686172 		.ascii	"char\000"
 429      00
 430              	.LASF4:
 431 0161 6C6F6E67 		.ascii	"long int\000"
 431      20696E74 
 431      00
 432              	.LASF13:
 433 016a 646F7562 		.ascii	"double\000"
 433      6C6500
 434              	.LASF23:
 435 0171 49544D5F 		.ascii	"ITM_RxBuffer\000"
 435      52784275 
 435      66666572 
 435      00
 436              	.LASF0:
ARM GAS  C:\Users\manuelfu\AppData\Local\Temp\ccEh7jHu.s 			page 10


 437 017e 7369676E 		.ascii	"signed char\000"
 437      65642063 
 437      68617200 
 438              	.LASF15:
 439 018a 6C6F6E67 		.ascii	"long double\000"
 439      20646F75 
 439      626C6500 
 440              	.LASF9:
 441 0196 5F5F696E 		.ascii	"__int32_t\000"
 441      7433325F 
 441      7400
 442              	.LASF12:
 443 01a0 666C6F61 		.ascii	"float\000"
 443      7400
 444              	.LASF2:
 445 01a6 73686F72 		.ascii	"short int\000"
 445      7420696E 
 445      7400
 446              	.LASF11:
 447 01b0 75696E74 		.ascii	"uint16\000"
 447      313600
 448              	.LASF10:
 449 01b7 696E7433 		.ascii	"int32_t\000"
 449      325F7400 
 450              	.LASF16:
 451 01bf 73697A65 		.ascii	"sizetype\000"
 451      74797065 
 451      00
 452              	.LASF17:
 453 01c8 72617465 		.ascii	"rate_result\000"
 453      5F726573 
 453      756C7400 
 454              		.ident	"GCC: (GNU Tools for ARM Embedded Processors) 5.4.1 20160609 (release) [ARM/embedded-5-bran
