ARM GAS  C:\Users\manuelfu\AppData\Local\Temp\ccFuRMvj.s 			page 1


   1              		.syntax unified
   2              		.cpu cortex-m3
   3              		.fpu softvfp
   4              		.eabi_attribute 20, 1
   5              		.eabi_attribute 21, 1
   6              		.eabi_attribute 23, 3
   7              		.eabi_attribute 24, 1
   8              		.eabi_attribute 25, 1
   9              		.eabi_attribute 26, 1
  10              		.eabi_attribute 30, 1
  11              		.eabi_attribute 34, 1
  12              		.eabi_attribute 18, 4
  13              		.thumb
  14              		.syntax unified
  15              		.file	"IR.c"
  16              		.text
  17              	.Ltext0:
  18              		.cfi_sections	.debug_frame
  19              		.section	.text.IR_capture_isr,"ax",%progbits
  20              		.align	2
  21              		.global	IR_capture_isr
  22              		.thumb
  23              		.thumb_func
  24              		.type	IR_capture_isr, %function
  25              	IR_capture_isr:
  26              	.LFB63:
  27              		.file 1 "ZumoLibrary\\IR.c"
   1:ZumoLibrary/IR.c **** /**
   2:ZumoLibrary/IR.c ****  * @file IR.c
   3:ZumoLibrary/IR.c ****  * @brief Basic methods for operating IR receiver. For more details, please refer to IR.h file. 
   4:ZumoLibrary/IR.c ****  * @details part number: TSOP-2236
   5:ZumoLibrary/IR.c **** */
   6:ZumoLibrary/IR.c **** #include "project.h"
   7:ZumoLibrary/IR.c **** #include "IR.h"
   8:ZumoLibrary/IR.c **** 
   9:ZumoLibrary/IR.c **** #define IRB_SIZE 10 /* size in power of 2 */
  10:ZumoLibrary/IR.c **** #define IRB_MASK (0xFFFFFFFF >> (32 - IRB_SIZE))
  11:ZumoLibrary/IR.c **** 
  12:ZumoLibrary/IR.c **** 
  13:ZumoLibrary/IR.c **** struct ir_buffer {
  14:ZumoLibrary/IR.c ****     uint32_t data[1 << IRB_SIZE];
  15:ZumoLibrary/IR.c ****     uint32_t head;
  16:ZumoLibrary/IR.c ****     uint32_t tail;
  17:ZumoLibrary/IR.c **** };
  18:ZumoLibrary/IR.c **** 
  19:ZumoLibrary/IR.c **** volatile struct ir_buffer irb;
  20:ZumoLibrary/IR.c **** 
  21:ZumoLibrary/IR.c **** CY_ISR(IR_capture_isr)
  22:ZumoLibrary/IR.c **** {
  28              		.loc 1 22 0
  29              		.cfi_startproc
  30              		@ args = 0, pretend = 0, frame = 0
  31              		@ frame_needed = 0, uses_anonymous_args = 0
  32 0000 10B5     		push	{r4, lr}
  33              		.cfi_def_cfa_offset 8
  34              		.cfi_offset 4, -8
  35              		.cfi_offset 14, -4
ARM GAS  C:\Users\manuelfu\AppData\Local\Temp\ccFuRMvj.s 			page 2


  23:ZumoLibrary/IR.c ****     static uint32_t old;
  24:ZumoLibrary/IR.c ****     uint32_t status = Timer_IR_ReadStatusRegister();
  36              		.loc 1 24 0
  37 0002 FFF7FEFF 		bl	Timer_IR_ReadStatusRegister
  38              	.LVL0:
  25:ZumoLibrary/IR.c ****     if(status & Timer_IR_STATUS_CAPTURE) {
  39              		.loc 1 25 0
  40 0006 10F0020F 		tst	r0, #2
  41 000a 17D0     		beq	.L1
  42              	.LBB2:
  26:ZumoLibrary/IR.c ****         uint32_t capture = Timer_IR_ReadCapture();
  43              		.loc 1 26 0
  44 000c FFF7FEFF 		bl	Timer_IR_ReadCapture
  45              	.LVL1:
  27:ZumoLibrary/IR.c ****         uint32_t value  = (old - capture) & 0xFFFFFFUL;
  46              		.loc 1 27 0
  47 0010 0B4B     		ldr	r3, .L5
  48 0012 1C68     		ldr	r4, [r3]
  49 0014 241A     		subs	r4, r4, r0
  50 0016 24F07F44 		bic	r4, r4, #-16777216
  51              	.LVL2:
  28:ZumoLibrary/IR.c ****         old = capture;
  52              		.loc 1 28 0
  53 001a 1860     		str	r0, [r3]
  29:ZumoLibrary/IR.c ****         //Pin_1_Write(IR_receiver_Read()); // for debugging with scope
  30:ZumoLibrary/IR.c ****         if(IR_receiver_Read()==0) { // signal was low --> we captured falling edge
  54              		.loc 1 30 0
  55 001c FFF7FEFF 		bl	IR_receiver_Read
  56              	.LVL3:
  57 0020 08B9     		cbnz	r0, .L3
  31:ZumoLibrary/IR.c ****             value |= IR_SIGNAL_HIGH;
  58              		.loc 1 31 0
  59 0022 44F00044 		orr	r4, r4, #-2147483648
  60              	.LVL4:
  61              	.L3:
  32:ZumoLibrary/IR.c ****         }
  33:ZumoLibrary/IR.c ****         irb.data[irb.head] = value;
  62              		.loc 1 33 0
  63 0026 074B     		ldr	r3, .L5+4
  64 0028 03F58052 		add	r2, r3, #4096
  65 002c 1168     		ldr	r1, [r2]
  66 002e 43F82140 		str	r4, [r3, r1, lsl #2]
  34:ZumoLibrary/IR.c ****         irb.head = (irb.head + 1) & IRB_MASK;
  67              		.loc 1 34 0
  68 0032 1368     		ldr	r3, [r2]
  69 0034 0133     		adds	r3, r3, #1
  70 0036 C3F30903 		ubfx	r3, r3, #0, #10
  71 003a 1360     		str	r3, [r2]
  72              	.LVL5:
  73              	.L1:
  74 003c 10BD     		pop	{r4, pc}
  75              	.L6:
  76 003e 00BF     		.align	2
  77              	.L5:
  78 0040 00000000 		.word	.LANCHOR0
  79 0044 00000000 		.word	irb
  80              	.LBE2:
ARM GAS  C:\Users\manuelfu\AppData\Local\Temp\ccFuRMvj.s 			page 3


  81              		.cfi_endproc
  82              	.LFE63:
  83              		.size	IR_capture_isr, .-IR_capture_isr
  84              		.section	.text.IR_get,"ax",%progbits
  85              		.align	2
  86              		.global	IR_get
  87              		.thumb
  88              		.thumb_func
  89              		.type	IR_get, %function
  90              	IR_get:
  91              	.LFB64:
  35:ZumoLibrary/IR.c ****     }
  36:ZumoLibrary/IR.c **** }
  37:ZumoLibrary/IR.c **** 
  38:ZumoLibrary/IR.c **** bool IR_get(uint32_t *value) {
  92              		.loc 1 38 0
  93              		.cfi_startproc
  94              		@ args = 0, pretend = 0, frame = 0
  95              		@ frame_needed = 0, uses_anonymous_args = 0
  96              		@ link register save eliminated.
  97              	.LVL6:
  39:ZumoLibrary/IR.c ****     if(irb.head != irb.tail) {
  98              		.loc 1 39 0
  99 0000 0B4B     		ldr	r3, .L10
 100 0002 03F58052 		add	r2, r3, #4096
 101 0006 1268     		ldr	r2, [r2]
 102 0008 41F20401 		movw	r1, #4100
 103 000c 5B58     		ldr	r3, [r3, r1]
 104 000e 9A42     		cmp	r2, r3
 105 0010 0BD0     		beq	.L9
  40:ZumoLibrary/IR.c ****         *value = irb.data[irb.tail];
 106              		.loc 1 40 0
 107 0012 074A     		ldr	r2, .L10
 108 0014 5358     		ldr	r3, [r2, r1]
 109 0016 52F82330 		ldr	r3, [r2, r3, lsl #2]
 110 001a 0360     		str	r3, [r0]
  41:ZumoLibrary/IR.c ****         irb.tail = (irb.tail + 1) & IRB_MASK;
 111              		.loc 1 41 0
 112 001c 5358     		ldr	r3, [r2, r1]
 113 001e 0133     		adds	r3, r3, #1
 114 0020 C3F30903 		ubfx	r3, r3, #0, #10
 115 0024 5350     		str	r3, [r2, r1]
  42:ZumoLibrary/IR.c ****         return true;
 116              		.loc 1 42 0
 117 0026 0120     		movs	r0, #1
 118              	.LVL7:
 119 0028 7047     		bx	lr
 120              	.LVL8:
 121              	.L9:
  43:ZumoLibrary/IR.c ****     }
  44:ZumoLibrary/IR.c ****     return false;
 122              		.loc 1 44 0
 123 002a 0020     		movs	r0, #0
 124              	.LVL9:
  45:ZumoLibrary/IR.c **** }
 125              		.loc 1 45 0
 126 002c 7047     		bx	lr
ARM GAS  C:\Users\manuelfu\AppData\Local\Temp\ccFuRMvj.s 			page 4


 127              	.L11:
 128 002e 00BF     		.align	2
 129              	.L10:
 130 0030 00000000 		.word	irb
 131              		.cfi_endproc
 132              	.LFE64:
 133              		.size	IR_get, .-IR_get
 134              		.section	.text.IR_flush,"ax",%progbits
 135              		.align	2
 136              		.global	IR_flush
 137              		.thumb
 138              		.thumb_func
 139              		.type	IR_flush, %function
 140              	IR_flush:
 141              	.LFB65:
  46:ZumoLibrary/IR.c **** 
  47:ZumoLibrary/IR.c **** void IR_flush(void)
  48:ZumoLibrary/IR.c **** {
 142              		.loc 1 48 0
 143              		.cfi_startproc
 144              		@ args = 0, pretend = 0, frame = 8
 145              		@ frame_needed = 0, uses_anonymous_args = 0
 146 0000 00B5     		push	{lr}
 147              		.cfi_def_cfa_offset 4
 148              		.cfi_offset 14, -4
 149 0002 83B0     		sub	sp, sp, #12
 150              		.cfi_def_cfa_offset 16
 151              	.L13:
  49:ZumoLibrary/IR.c ****     uint32_t tmp;
  50:ZumoLibrary/IR.c ****     while(IR_get(&tmp)); // flush IR rcv buffer
 152              		.loc 1 50 0 discriminator 1
 153 0004 01A8     		add	r0, sp, #4
 154 0006 FFF7FEFF 		bl	IR_get
 155              	.LVL10:
 156 000a 0028     		cmp	r0, #0
 157 000c FAD1     		bne	.L13
  51:ZumoLibrary/IR.c **** }
 158              		.loc 1 51 0
 159 000e 03B0     		add	sp, sp, #12
 160              		.cfi_def_cfa_offset 4
 161              		@ sp needed
 162 0010 5DF804FB 		ldr	pc, [sp], #4
 163              		.cfi_endproc
 164              	.LFE65:
 165              		.size	IR_flush, .-IR_flush
 166              		.section	.text.IR_wait,"ax",%progbits
 167              		.align	2
 168              		.global	IR_wait
 169              		.thumb
 170              		.thumb_func
 171              		.type	IR_wait, %function
 172              	IR_wait:
 173              	.LFB66:
  52:ZumoLibrary/IR.c **** 
  53:ZumoLibrary/IR.c **** 
  54:ZumoLibrary/IR.c **** void IR_wait(void)
  55:ZumoLibrary/IR.c **** {
ARM GAS  C:\Users\manuelfu\AppData\Local\Temp\ccFuRMvj.s 			page 5


 174              		.loc 1 55 0
 175              		.cfi_startproc
 176              		@ args = 0, pretend = 0, frame = 8
 177              		@ frame_needed = 0, uses_anonymous_args = 0
 178 0000 00B5     		push	{lr}
 179              		.cfi_def_cfa_offset 4
 180              		.cfi_offset 14, -4
 181 0002 83B0     		sub	sp, sp, #12
 182              		.cfi_def_cfa_offset 16
  56:ZumoLibrary/IR.c ****     IR_flush();
 183              		.loc 1 56 0
 184 0004 FFF7FEFF 		bl	IR_flush
 185              	.LVL11:
 186              	.L18:
 187              	.LBB3:
  57:ZumoLibrary/IR.c **** 
  58:ZumoLibrary/IR.c ****     while(true) {
  59:ZumoLibrary/IR.c ****         uint32_t tmp;
  60:ZumoLibrary/IR.c ****         if(IR_get(&tmp) && (tmp & IR_SIGNAL_HIGH)) {
 188              		.loc 1 60 0
 189 0008 01A8     		add	r0, sp, #4
 190 000a FFF7FEFF 		bl	IR_get
 191              	.LVL12:
 192 000e 0028     		cmp	r0, #0
 193 0010 FAD0     		beq	.L18
 194              		.loc 1 60 0 is_stmt 0 discriminator 1
 195 0012 019B     		ldr	r3, [sp, #4]
 196 0014 002B     		cmp	r3, #0
 197 0016 F7DA     		bge	.L18
  61:ZumoLibrary/IR.c ****             tmp &= IR_SIGNAL_MASK;
 198              		.loc 1 61 0 is_stmt 1
 199 0018 23F00043 		bic	r3, r3, #-2147483648
 200 001c 0193     		str	r3, [sp, #4]
  62:ZumoLibrary/IR.c ****             if(tmp > IR_LOWER_LIMIT && tmp < IR_UPPER_LIMIT) {
 201              		.loc 1 62 0
 202 001e A3F2E933 		subw	r3, r3, #1001
 203 0022 40F2E632 		movw	r2, #998
 204 0026 9342     		cmp	r3, r2
 205 0028 EED8     		bhi	.L18
 206              	.LBE3:
  63:ZumoLibrary/IR.c ****                 break;
  64:ZumoLibrary/IR.c ****             }
  65:ZumoLibrary/IR.c ****         }
  66:ZumoLibrary/IR.c ****     }
  67:ZumoLibrary/IR.c **** }    
 207              		.loc 1 67 0
 208 002a 03B0     		add	sp, sp, #12
 209              		.cfi_def_cfa_offset 4
 210              		@ sp needed
 211 002c 5DF804FB 		ldr	pc, [sp], #4
 212              		.cfi_endproc
 213              	.LFE66:
 214              		.size	IR_wait, .-IR_wait
 215              		.section	.text.IR_Start,"ax",%progbits
 216              		.align	2
 217              		.global	IR_Start
 218              		.thumb
ARM GAS  C:\Users\manuelfu\AppData\Local\Temp\ccFuRMvj.s 			page 6


 219              		.thumb_func
 220              		.type	IR_Start, %function
 221              	IR_Start:
 222              	.LFB67:
  68:ZumoLibrary/IR.c **** 
  69:ZumoLibrary/IR.c **** /**
  70:ZumoLibrary/IR.c **** * @brief    Starting Ultra Sonic Sensor
  71:ZumoLibrary/IR.c **** * @details  
  72:ZumoLibrary/IR.c **** */
  73:ZumoLibrary/IR.c **** void IR_Start(void)
  74:ZumoLibrary/IR.c **** {
 223              		.loc 1 74 0
 224              		.cfi_startproc
 225              		@ args = 0, pretend = 0, frame = 0
 226              		@ frame_needed = 0, uses_anonymous_args = 0
 227 0000 08B5     		push	{r3, lr}
 228              		.cfi_def_cfa_offset 8
 229              		.cfi_offset 3, -8
 230              		.cfi_offset 14, -4
  75:ZumoLibrary/IR.c ****     IR_isr_StartEx(IR_capture_isr);               // Start ultra sonic interrupt
 231              		.loc 1 75 0
 232 0002 0348     		ldr	r0, .L22
 233 0004 FFF7FEFF 		bl	IR_isr_StartEx
 234              	.LVL13:
  76:ZumoLibrary/IR.c ****     Timer_IR_Start();                                      // Start Timer
 235              		.loc 1 76 0
 236 0008 FFF7FEFF 		bl	Timer_IR_Start
 237              	.LVL14:
 238 000c 08BD     		pop	{r3, pc}
 239              	.L23:
 240 000e 00BF     		.align	2
 241              	.L22:
 242 0010 00000000 		.word	IR_capture_isr
 243              		.cfi_endproc
 244              	.LFE67:
 245              		.size	IR_Start, .-IR_Start
 246              		.comm	irb,4104,4
 247              		.bss
 248              		.align	2
 249              		.set	.LANCHOR0,. + 0
 250              		.type	old.6803, %object
 251              		.size	old.6803, 4
 252              	old.6803:
 253 0000 00000000 		.space	4
 254              		.text
 255              	.Letext0:
 256              		.file 2 "c:\\program files (x86)\\cypress\\psoc creator\\4.2\\psoc creator\\import\\gnu\\arm\\5.4.
 257              		.file 3 "c:\\program files (x86)\\cypress\\psoc creator\\4.2\\psoc creator\\import\\gnu\\arm\\5.4.
 258              		.file 4 "Generated_Source\\PSoC5/cytypes.h"
 259              		.file 5 "Generated_Source\\PSoC5/Timer_IR.h"
 260              		.file 6 "Generated_Source\\PSoC5/IR_receiver.h"
 261              		.file 7 "Generated_Source\\PSoC5/IR_isr.h"
 262              		.file 8 "Generated_Source\\PSoC5/core_cm3.h"
 263              		.section	.debug_info,"",%progbits
 264              	.Ldebug_info0:
 265 0000 CE020000 		.4byte	0x2ce
 266 0004 0400     		.2byte	0x4
ARM GAS  C:\Users\manuelfu\AppData\Local\Temp\ccFuRMvj.s 			page 7


 267 0006 00000000 		.4byte	.Ldebug_abbrev0
 268 000a 04       		.byte	0x4
 269 000b 01       		.uleb128 0x1
 270 000c 60010000 		.4byte	.LASF36
 271 0010 0C       		.byte	0xc
 272 0011 12010000 		.4byte	.LASF37
 273 0015 B3000000 		.4byte	.LASF38
 274 0019 00000000 		.4byte	.Ldebug_ranges0+0
 275 001d 00000000 		.4byte	0
 276 0021 00000000 		.4byte	.Ldebug_line0
 277 0025 02       		.uleb128 0x2
 278 0026 01       		.byte	0x1
 279 0027 06       		.byte	0x6
 280 0028 5F020000 		.4byte	.LASF0
 281 002c 02       		.uleb128 0x2
 282 002d 01       		.byte	0x1
 283 002e 08       		.byte	0x8
 284 002f 55000000 		.4byte	.LASF1
 285 0033 02       		.uleb128 0x2
 286 0034 02       		.byte	0x2
 287 0035 05       		.byte	0x5
 288 0036 23020000 		.4byte	.LASF2
 289 003a 02       		.uleb128 0x2
 290 003b 02       		.byte	0x2
 291 003c 07       		.byte	0x7
 292 003d 84000000 		.4byte	.LASF3
 293 0041 03       		.uleb128 0x3
 294 0042 1D000000 		.4byte	.LASF5
 295 0046 02       		.byte	0x2
 296 0047 3F       		.byte	0x3f
 297 0048 4C000000 		.4byte	0x4c
 298 004c 02       		.uleb128 0x2
 299 004d 04       		.byte	0x4
 300 004e 05       		.byte	0x5
 301 004f 41020000 		.4byte	.LASF4
 302 0053 03       		.uleb128 0x3
 303 0054 23010000 		.4byte	.LASF6
 304 0058 02       		.byte	0x2
 305 0059 41       		.byte	0x41
 306 005a 5E000000 		.4byte	0x5e
 307 005e 02       		.uleb128 0x2
 308 005f 04       		.byte	0x4
 309 0060 07       		.byte	0x7
 310 0061 72000000 		.4byte	.LASF7
 311 0065 02       		.uleb128 0x2
 312 0066 08       		.byte	0x8
 313 0067 05       		.byte	0x5
 314 0068 FF010000 		.4byte	.LASF8
 315 006c 02       		.uleb128 0x2
 316 006d 08       		.byte	0x8
 317 006e 07       		.byte	0x7
 318 006f 49010000 		.4byte	.LASF9
 319 0073 04       		.uleb128 0x4
 320 0074 04       		.byte	0x4
 321 0075 05       		.byte	0x5
 322 0076 696E7400 		.ascii	"int\000"
 323 007a 02       		.uleb128 0x2
ARM GAS  C:\Users\manuelfu\AppData\Local\Temp\ccFuRMvj.s 			page 8


 324 007b 04       		.byte	0x4
 325 007c 07       		.byte	0x7
 326 007d 33010000 		.4byte	.LASF10
 327 0081 03       		.uleb128 0x3
 328 0082 EE010000 		.4byte	.LASF11
 329 0086 03       		.byte	0x3
 330 0087 2C       		.byte	0x2c
 331 0088 41000000 		.4byte	0x41
 332 008c 03       		.uleb128 0x3
 333 008d 38020000 		.4byte	.LASF12
 334 0091 03       		.byte	0x3
 335 0092 30       		.byte	0x30
 336 0093 53000000 		.4byte	0x53
 337 0097 05       		.uleb128 0x5
 338 0098 2D020000 		.4byte	.LASF13
 339 009c 04       		.byte	0x4
 340 009d E401     		.2byte	0x1e4
 341 009f 2C000000 		.4byte	0x2c
 342 00a3 02       		.uleb128 0x2
 343 00a4 04       		.byte	0x4
 344 00a5 04       		.byte	0x4
 345 00a6 43000000 		.4byte	.LASF14
 346 00aa 02       		.uleb128 0x2
 347 00ab 08       		.byte	0x8
 348 00ac 04       		.byte	0x4
 349 00ad EF000000 		.4byte	.LASF15
 350 00b1 02       		.uleb128 0x2
 351 00b2 01       		.byte	0x1
 352 00b3 08       		.byte	0x8
 353 00b4 0D020000 		.4byte	.LASF16
 354 00b8 02       		.uleb128 0x2
 355 00b9 08       		.byte	0x8
 356 00ba 04       		.byte	0x4
 357 00bb 53020000 		.4byte	.LASF17
 358 00bf 02       		.uleb128 0x2
 359 00c0 04       		.byte	0x4
 360 00c1 07       		.byte	0x7
 361 00c2 F6010000 		.4byte	.LASF18
 362 00c6 06       		.uleb128 0x6
 363 00c7 79020000 		.4byte	.LASF39
 364 00cb 0810     		.2byte	0x1008
 365 00cd 01       		.byte	0x1
 366 00ce 0D       		.byte	0xd
 367 00cf FA000000 		.4byte	0xfa
 368 00d3 07       		.uleb128 0x7
 369 00d4 49000000 		.4byte	.LASF19
 370 00d8 01       		.byte	0x1
 371 00d9 0E       		.byte	0xe
 372 00da FA000000 		.4byte	0xfa
 373 00de 00       		.byte	0
 374 00df 08       		.uleb128 0x8
 375 00e0 2E010000 		.4byte	.LASF20
 376 00e4 01       		.byte	0x1
 377 00e5 0F       		.byte	0xf
 378 00e6 8C000000 		.4byte	0x8c
 379 00ea 0010     		.2byte	0x1000
 380 00ec 08       		.uleb128 0x8
ARM GAS  C:\Users\manuelfu\AppData\Local\Temp\ccFuRMvj.s 			page 9


 381 00ed 33020000 		.4byte	.LASF21
 382 00f1 01       		.byte	0x1
 383 00f2 10       		.byte	0x10
 384 00f3 8C000000 		.4byte	0x8c
 385 00f7 0410     		.2byte	0x1004
 386 00f9 00       		.byte	0
 387 00fa 09       		.uleb128 0x9
 388 00fb 8C000000 		.4byte	0x8c
 389 00ff 0B010000 		.4byte	0x10b
 390 0103 0A       		.uleb128 0xa
 391 0104 BF000000 		.4byte	0xbf
 392 0108 FF03     		.2byte	0x3ff
 393 010a 00       		.byte	0
 394 010b 0B       		.uleb128 0xb
 395 010c 63000000 		.4byte	.LASF26
 396 0110 01       		.byte	0x1
 397 0111 15       		.byte	0x15
 398 0112 00000000 		.4byte	.LFB63
 399 0116 48000000 		.4byte	.LFE63-.LFB63
 400 011a 01       		.uleb128 0x1
 401 011b 9C       		.byte	0x9c
 402 011c 88010000 		.4byte	0x188
 403 0120 0C       		.uleb128 0xc
 404 0121 6F6C6400 		.ascii	"old\000"
 405 0125 01       		.byte	0x1
 406 0126 17       		.byte	0x17
 407 0127 8C000000 		.4byte	0x8c
 408 012b 05       		.uleb128 0x5
 409 012c 03       		.byte	0x3
 410 012d 00000000 		.4byte	old.6803
 411 0131 0D       		.uleb128 0xd
 412 0132 3C000000 		.4byte	.LASF22
 413 0136 01       		.byte	0x1
 414 0137 18       		.byte	0x18
 415 0138 8C000000 		.4byte	0x8c
 416 013c 00000000 		.4byte	.LLST0
 417 0140 0E       		.uleb128 0xe
 418 0141 0C000000 		.4byte	.LBB2
 419 0145 3C000000 		.4byte	.LBE2-.LBB2
 420 0149 7E010000 		.4byte	0x17e
 421 014d 0D       		.uleb128 0xd
 422 014e 71020000 		.4byte	.LASF23
 423 0152 01       		.byte	0x1
 424 0153 1A       		.byte	0x1a
 425 0154 8C000000 		.4byte	0x8c
 426 0158 18000000 		.4byte	.LLST1
 427 015c 0D       		.uleb128 0xd
 428 015d 17000000 		.4byte	.LASF24
 429 0161 01       		.byte	0x1
 430 0162 1B       		.byte	0x1b
 431 0163 8C000000 		.4byte	0x8c
 432 0167 2B000000 		.4byte	.LLST2
 433 016b 0F       		.uleb128 0xf
 434 016c 10000000 		.4byte	.LVL1
 435 0170 9A020000 		.4byte	0x29a
 436 0174 0F       		.uleb128 0xf
 437 0175 20000000 		.4byte	.LVL3
ARM GAS  C:\Users\manuelfu\AppData\Local\Temp\ccFuRMvj.s 			page 10


 438 0179 A5020000 		.4byte	0x2a5
 439 017d 00       		.byte	0
 440 017e 0F       		.uleb128 0xf
 441 017f 06000000 		.4byte	.LVL0
 442 0183 B0020000 		.4byte	0x2b0
 443 0187 00       		.byte	0
 444 0188 10       		.uleb128 0x10
 445 0189 4E000000 		.4byte	.LASF40
 446 018d 01       		.byte	0x1
 447 018e 26       		.byte	0x26
 448 018f B1010000 		.4byte	0x1b1
 449 0193 00000000 		.4byte	.LFB64
 450 0197 34000000 		.4byte	.LFE64-.LFB64
 451 019b 01       		.uleb128 0x1
 452 019c 9C       		.byte	0x9c
 453 019d B1010000 		.4byte	0x1b1
 454 01a1 11       		.uleb128 0x11
 455 01a2 17000000 		.4byte	.LASF24
 456 01a6 01       		.byte	0x1
 457 01a7 26       		.byte	0x26
 458 01a8 B8010000 		.4byte	0x1b8
 459 01ac 3E000000 		.4byte	.LLST3
 460 01b0 00       		.byte	0
 461 01b1 02       		.uleb128 0x2
 462 01b2 01       		.byte	0x1
 463 01b3 02       		.byte	0x2
 464 01b4 6B020000 		.4byte	.LASF25
 465 01b8 12       		.uleb128 0x12
 466 01b9 04       		.byte	0x4
 467 01ba 8C000000 		.4byte	0x8c
 468 01be 0B       		.uleb128 0xb
 469 01bf 4A020000 		.4byte	.LASF27
 470 01c3 01       		.byte	0x1
 471 01c4 2F       		.byte	0x2f
 472 01c5 00000000 		.4byte	.LFB65
 473 01c9 14000000 		.4byte	.LFE65-.LFB65
 474 01cd 01       		.uleb128 0x1
 475 01ce 9C       		.byte	0x9c
 476 01cf F2010000 		.4byte	0x1f2
 477 01d3 0C       		.uleb128 0xc
 478 01d4 746D7000 		.ascii	"tmp\000"
 479 01d8 01       		.byte	0x1
 480 01d9 31       		.byte	0x31
 481 01da 8C000000 		.4byte	0x8c
 482 01de 02       		.uleb128 0x2
 483 01df 91       		.byte	0x91
 484 01e0 74       		.sleb128 -12
 485 01e1 13       		.uleb128 0x13
 486 01e2 0A000000 		.4byte	.LVL10
 487 01e6 88010000 		.4byte	0x188
 488 01ea 14       		.uleb128 0x14
 489 01eb 01       		.uleb128 0x1
 490 01ec 50       		.byte	0x50
 491 01ed 02       		.uleb128 0x2
 492 01ee 91       		.byte	0x91
 493 01ef 74       		.sleb128 -12
 494 01f0 00       		.byte	0
ARM GAS  C:\Users\manuelfu\AppData\Local\Temp\ccFuRMvj.s 			page 11


 495 01f1 00       		.byte	0
 496 01f2 0B       		.uleb128 0xb
 497 01f3 00000000 		.4byte	.LASF28
 498 01f7 01       		.byte	0x1
 499 01f8 36       		.byte	0x36
 500 01f9 00000000 		.4byte	.LFB66
 501 01fd 30000000 		.4byte	.LFE66-.LFB66
 502 0201 01       		.uleb128 0x1
 503 0202 9C       		.byte	0x9c
 504 0203 3D020000 		.4byte	0x23d
 505 0207 0E       		.uleb128 0xe
 506 0208 08000000 		.4byte	.LBB3
 507 020c 22000000 		.4byte	.LBE3-.LBB3
 508 0210 33020000 		.4byte	0x233
 509 0214 0C       		.uleb128 0xc
 510 0215 746D7000 		.ascii	"tmp\000"
 511 0219 01       		.byte	0x1
 512 021a 3B       		.byte	0x3b
 513 021b 8C000000 		.4byte	0x8c
 514 021f 02       		.uleb128 0x2
 515 0220 91       		.byte	0x91
 516 0221 74       		.sleb128 -12
 517 0222 13       		.uleb128 0x13
 518 0223 0E000000 		.4byte	.LVL12
 519 0227 88010000 		.4byte	0x188
 520 022b 14       		.uleb128 0x14
 521 022c 01       		.uleb128 0x1
 522 022d 50       		.byte	0x50
 523 022e 02       		.uleb128 0x2
 524 022f 91       		.byte	0x91
 525 0230 74       		.sleb128 -12
 526 0231 00       		.byte	0
 527 0232 00       		.byte	0
 528 0233 0F       		.uleb128 0xf
 529 0234 08000000 		.4byte	.LVL11
 530 0238 BE010000 		.4byte	0x1be
 531 023c 00       		.byte	0
 532 023d 0B       		.uleb128 0xb
 533 023e 40010000 		.4byte	.LASF29
 534 0242 01       		.byte	0x1
 535 0243 49       		.byte	0x49
 536 0244 00000000 		.4byte	.LFB67
 537 0248 14000000 		.4byte	.LFE67-.LFB67
 538 024c 01       		.uleb128 0x1
 539 024d 9C       		.byte	0x9c
 540 024e 73020000 		.4byte	0x273
 541 0252 15       		.uleb128 0x15
 542 0253 08000000 		.4byte	.LVL13
 543 0257 BB020000 		.4byte	0x2bb
 544 025b 69020000 		.4byte	0x269
 545 025f 14       		.uleb128 0x14
 546 0260 01       		.uleb128 0x1
 547 0261 50       		.byte	0x50
 548 0262 05       		.uleb128 0x5
 549 0263 03       		.byte	0x3
 550 0264 00000000 		.4byte	IR_capture_isr
 551 0268 00       		.byte	0
ARM GAS  C:\Users\manuelfu\AppData\Local\Temp\ccFuRMvj.s 			page 12


 552 0269 0F       		.uleb128 0xf
 553 026a 0C000000 		.4byte	.LVL14
 554 026e C6020000 		.4byte	0x2c6
 555 0272 00       		.byte	0
 556 0273 16       		.uleb128 0x16
 557 0274 A6000000 		.4byte	.LASF30
 558 0278 08       		.byte	0x8
 559 0279 1207     		.2byte	0x712
 560 027b 7F020000 		.4byte	0x27f
 561 027f 17       		.uleb128 0x17
 562 0280 81000000 		.4byte	0x81
 563 0284 18       		.uleb128 0x18
 564 0285 69726200 		.ascii	"irb\000"
 565 0289 01       		.byte	0x1
 566 028a 13       		.byte	0x13
 567 028b 95020000 		.4byte	0x295
 568 028f 05       		.uleb128 0x5
 569 0290 03       		.byte	0x3
 570 0291 00000000 		.4byte	irb
 571 0295 17       		.uleb128 0x17
 572 0296 C6000000 		.4byte	0xc6
 573 029a 19       		.uleb128 0x19
 574 029b 27000000 		.4byte	.LASF31
 575 029f 27000000 		.4byte	.LASF31
 576 02a3 05       		.byte	0x5
 577 02a4 6B       		.byte	0x6b
 578 02a5 19       		.uleb128 0x19
 579 02a6 12020000 		.4byte	.LASF32
 580 02aa 12020000 		.4byte	.LASF32
 581 02ae 06       		.byte	0x6
 582 02af 29       		.byte	0x29
 583 02b0 19       		.uleb128 0x19
 584 02b1 F6000000 		.4byte	.LASF33
 585 02b5 F6000000 		.4byte	.LASF33
 586 02b9 05       		.byte	0x5
 587 02ba 5E       		.byte	0x5e
 588 02bb 19       		.uleb128 0x19
 589 02bc 08000000 		.4byte	.LASF34
 590 02c0 08000000 		.4byte	.LASF34
 591 02c4 07       		.byte	0x7
 592 02c5 18       		.byte	0x18
 593 02c6 19       		.uleb128 0x19
 594 02c7 97000000 		.4byte	.LASF35
 595 02cb 97000000 		.4byte	.LASF35
 596 02cf 05       		.byte	0x5
 597 02d0 5A       		.byte	0x5a
 598 02d1 00       		.byte	0
 599              		.section	.debug_abbrev,"",%progbits
 600              	.Ldebug_abbrev0:
 601 0000 01       		.uleb128 0x1
 602 0001 11       		.uleb128 0x11
 603 0002 01       		.byte	0x1
 604 0003 25       		.uleb128 0x25
 605 0004 0E       		.uleb128 0xe
 606 0005 13       		.uleb128 0x13
 607 0006 0B       		.uleb128 0xb
 608 0007 03       		.uleb128 0x3
ARM GAS  C:\Users\manuelfu\AppData\Local\Temp\ccFuRMvj.s 			page 13


 609 0008 0E       		.uleb128 0xe
 610 0009 1B       		.uleb128 0x1b
 611 000a 0E       		.uleb128 0xe
 612 000b 55       		.uleb128 0x55
 613 000c 17       		.uleb128 0x17
 614 000d 11       		.uleb128 0x11
 615 000e 01       		.uleb128 0x1
 616 000f 10       		.uleb128 0x10
 617 0010 17       		.uleb128 0x17
 618 0011 00       		.byte	0
 619 0012 00       		.byte	0
 620 0013 02       		.uleb128 0x2
 621 0014 24       		.uleb128 0x24
 622 0015 00       		.byte	0
 623 0016 0B       		.uleb128 0xb
 624 0017 0B       		.uleb128 0xb
 625 0018 3E       		.uleb128 0x3e
 626 0019 0B       		.uleb128 0xb
 627 001a 03       		.uleb128 0x3
 628 001b 0E       		.uleb128 0xe
 629 001c 00       		.byte	0
 630 001d 00       		.byte	0
 631 001e 03       		.uleb128 0x3
 632 001f 16       		.uleb128 0x16
 633 0020 00       		.byte	0
 634 0021 03       		.uleb128 0x3
 635 0022 0E       		.uleb128 0xe
 636 0023 3A       		.uleb128 0x3a
 637 0024 0B       		.uleb128 0xb
 638 0025 3B       		.uleb128 0x3b
 639 0026 0B       		.uleb128 0xb
 640 0027 49       		.uleb128 0x49
 641 0028 13       		.uleb128 0x13
 642 0029 00       		.byte	0
 643 002a 00       		.byte	0
 644 002b 04       		.uleb128 0x4
 645 002c 24       		.uleb128 0x24
 646 002d 00       		.byte	0
 647 002e 0B       		.uleb128 0xb
 648 002f 0B       		.uleb128 0xb
 649 0030 3E       		.uleb128 0x3e
 650 0031 0B       		.uleb128 0xb
 651 0032 03       		.uleb128 0x3
 652 0033 08       		.uleb128 0x8
 653 0034 00       		.byte	0
 654 0035 00       		.byte	0
 655 0036 05       		.uleb128 0x5
 656 0037 16       		.uleb128 0x16
 657 0038 00       		.byte	0
 658 0039 03       		.uleb128 0x3
 659 003a 0E       		.uleb128 0xe
 660 003b 3A       		.uleb128 0x3a
 661 003c 0B       		.uleb128 0xb
 662 003d 3B       		.uleb128 0x3b
 663 003e 05       		.uleb128 0x5
 664 003f 49       		.uleb128 0x49
 665 0040 13       		.uleb128 0x13
ARM GAS  C:\Users\manuelfu\AppData\Local\Temp\ccFuRMvj.s 			page 14


 666 0041 00       		.byte	0
 667 0042 00       		.byte	0
 668 0043 06       		.uleb128 0x6
 669 0044 13       		.uleb128 0x13
 670 0045 01       		.byte	0x1
 671 0046 03       		.uleb128 0x3
 672 0047 0E       		.uleb128 0xe
 673 0048 0B       		.uleb128 0xb
 674 0049 05       		.uleb128 0x5
 675 004a 3A       		.uleb128 0x3a
 676 004b 0B       		.uleb128 0xb
 677 004c 3B       		.uleb128 0x3b
 678 004d 0B       		.uleb128 0xb
 679 004e 01       		.uleb128 0x1
 680 004f 13       		.uleb128 0x13
 681 0050 00       		.byte	0
 682 0051 00       		.byte	0
 683 0052 07       		.uleb128 0x7
 684 0053 0D       		.uleb128 0xd
 685 0054 00       		.byte	0
 686 0055 03       		.uleb128 0x3
 687 0056 0E       		.uleb128 0xe
 688 0057 3A       		.uleb128 0x3a
 689 0058 0B       		.uleb128 0xb
 690 0059 3B       		.uleb128 0x3b
 691 005a 0B       		.uleb128 0xb
 692 005b 49       		.uleb128 0x49
 693 005c 13       		.uleb128 0x13
 694 005d 38       		.uleb128 0x38
 695 005e 0B       		.uleb128 0xb
 696 005f 00       		.byte	0
 697 0060 00       		.byte	0
 698 0061 08       		.uleb128 0x8
 699 0062 0D       		.uleb128 0xd
 700 0063 00       		.byte	0
 701 0064 03       		.uleb128 0x3
 702 0065 0E       		.uleb128 0xe
 703 0066 3A       		.uleb128 0x3a
 704 0067 0B       		.uleb128 0xb
 705 0068 3B       		.uleb128 0x3b
 706 0069 0B       		.uleb128 0xb
 707 006a 49       		.uleb128 0x49
 708 006b 13       		.uleb128 0x13
 709 006c 38       		.uleb128 0x38
 710 006d 05       		.uleb128 0x5
 711 006e 00       		.byte	0
 712 006f 00       		.byte	0
 713 0070 09       		.uleb128 0x9
 714 0071 01       		.uleb128 0x1
 715 0072 01       		.byte	0x1
 716 0073 49       		.uleb128 0x49
 717 0074 13       		.uleb128 0x13
 718 0075 01       		.uleb128 0x1
 719 0076 13       		.uleb128 0x13
 720 0077 00       		.byte	0
 721 0078 00       		.byte	0
 722 0079 0A       		.uleb128 0xa
ARM GAS  C:\Users\manuelfu\AppData\Local\Temp\ccFuRMvj.s 			page 15


 723 007a 21       		.uleb128 0x21
 724 007b 00       		.byte	0
 725 007c 49       		.uleb128 0x49
 726 007d 13       		.uleb128 0x13
 727 007e 2F       		.uleb128 0x2f
 728 007f 05       		.uleb128 0x5
 729 0080 00       		.byte	0
 730 0081 00       		.byte	0
 731 0082 0B       		.uleb128 0xb
 732 0083 2E       		.uleb128 0x2e
 733 0084 01       		.byte	0x1
 734 0085 3F       		.uleb128 0x3f
 735 0086 19       		.uleb128 0x19
 736 0087 03       		.uleb128 0x3
 737 0088 0E       		.uleb128 0xe
 738 0089 3A       		.uleb128 0x3a
 739 008a 0B       		.uleb128 0xb
 740 008b 3B       		.uleb128 0x3b
 741 008c 0B       		.uleb128 0xb
 742 008d 27       		.uleb128 0x27
 743 008e 19       		.uleb128 0x19
 744 008f 11       		.uleb128 0x11
 745 0090 01       		.uleb128 0x1
 746 0091 12       		.uleb128 0x12
 747 0092 06       		.uleb128 0x6
 748 0093 40       		.uleb128 0x40
 749 0094 18       		.uleb128 0x18
 750 0095 9742     		.uleb128 0x2117
 751 0097 19       		.uleb128 0x19
 752 0098 01       		.uleb128 0x1
 753 0099 13       		.uleb128 0x13
 754 009a 00       		.byte	0
 755 009b 00       		.byte	0
 756 009c 0C       		.uleb128 0xc
 757 009d 34       		.uleb128 0x34
 758 009e 00       		.byte	0
 759 009f 03       		.uleb128 0x3
 760 00a0 08       		.uleb128 0x8
 761 00a1 3A       		.uleb128 0x3a
 762 00a2 0B       		.uleb128 0xb
 763 00a3 3B       		.uleb128 0x3b
 764 00a4 0B       		.uleb128 0xb
 765 00a5 49       		.uleb128 0x49
 766 00a6 13       		.uleb128 0x13
 767 00a7 02       		.uleb128 0x2
 768 00a8 18       		.uleb128 0x18
 769 00a9 00       		.byte	0
 770 00aa 00       		.byte	0
 771 00ab 0D       		.uleb128 0xd
 772 00ac 34       		.uleb128 0x34
 773 00ad 00       		.byte	0
 774 00ae 03       		.uleb128 0x3
 775 00af 0E       		.uleb128 0xe
 776 00b0 3A       		.uleb128 0x3a
 777 00b1 0B       		.uleb128 0xb
 778 00b2 3B       		.uleb128 0x3b
 779 00b3 0B       		.uleb128 0xb
ARM GAS  C:\Users\manuelfu\AppData\Local\Temp\ccFuRMvj.s 			page 16


 780 00b4 49       		.uleb128 0x49
 781 00b5 13       		.uleb128 0x13
 782 00b6 02       		.uleb128 0x2
 783 00b7 17       		.uleb128 0x17
 784 00b8 00       		.byte	0
 785 00b9 00       		.byte	0
 786 00ba 0E       		.uleb128 0xe
 787 00bb 0B       		.uleb128 0xb
 788 00bc 01       		.byte	0x1
 789 00bd 11       		.uleb128 0x11
 790 00be 01       		.uleb128 0x1
 791 00bf 12       		.uleb128 0x12
 792 00c0 06       		.uleb128 0x6
 793 00c1 01       		.uleb128 0x1
 794 00c2 13       		.uleb128 0x13
 795 00c3 00       		.byte	0
 796 00c4 00       		.byte	0
 797 00c5 0F       		.uleb128 0xf
 798 00c6 898201   		.uleb128 0x4109
 799 00c9 00       		.byte	0
 800 00ca 11       		.uleb128 0x11
 801 00cb 01       		.uleb128 0x1
 802 00cc 31       		.uleb128 0x31
 803 00cd 13       		.uleb128 0x13
 804 00ce 00       		.byte	0
 805 00cf 00       		.byte	0
 806 00d0 10       		.uleb128 0x10
 807 00d1 2E       		.uleb128 0x2e
 808 00d2 01       		.byte	0x1
 809 00d3 3F       		.uleb128 0x3f
 810 00d4 19       		.uleb128 0x19
 811 00d5 03       		.uleb128 0x3
 812 00d6 0E       		.uleb128 0xe
 813 00d7 3A       		.uleb128 0x3a
 814 00d8 0B       		.uleb128 0xb
 815 00d9 3B       		.uleb128 0x3b
 816 00da 0B       		.uleb128 0xb
 817 00db 27       		.uleb128 0x27
 818 00dc 19       		.uleb128 0x19
 819 00dd 49       		.uleb128 0x49
 820 00de 13       		.uleb128 0x13
 821 00df 11       		.uleb128 0x11
 822 00e0 01       		.uleb128 0x1
 823 00e1 12       		.uleb128 0x12
 824 00e2 06       		.uleb128 0x6
 825 00e3 40       		.uleb128 0x40
 826 00e4 18       		.uleb128 0x18
 827 00e5 9742     		.uleb128 0x2117
 828 00e7 19       		.uleb128 0x19
 829 00e8 01       		.uleb128 0x1
 830 00e9 13       		.uleb128 0x13
 831 00ea 00       		.byte	0
 832 00eb 00       		.byte	0
 833 00ec 11       		.uleb128 0x11
 834 00ed 05       		.uleb128 0x5
 835 00ee 00       		.byte	0
 836 00ef 03       		.uleb128 0x3
ARM GAS  C:\Users\manuelfu\AppData\Local\Temp\ccFuRMvj.s 			page 17


 837 00f0 0E       		.uleb128 0xe
 838 00f1 3A       		.uleb128 0x3a
 839 00f2 0B       		.uleb128 0xb
 840 00f3 3B       		.uleb128 0x3b
 841 00f4 0B       		.uleb128 0xb
 842 00f5 49       		.uleb128 0x49
 843 00f6 13       		.uleb128 0x13
 844 00f7 02       		.uleb128 0x2
 845 00f8 17       		.uleb128 0x17
 846 00f9 00       		.byte	0
 847 00fa 00       		.byte	0
 848 00fb 12       		.uleb128 0x12
 849 00fc 0F       		.uleb128 0xf
 850 00fd 00       		.byte	0
 851 00fe 0B       		.uleb128 0xb
 852 00ff 0B       		.uleb128 0xb
 853 0100 49       		.uleb128 0x49
 854 0101 13       		.uleb128 0x13
 855 0102 00       		.byte	0
 856 0103 00       		.byte	0
 857 0104 13       		.uleb128 0x13
 858 0105 898201   		.uleb128 0x4109
 859 0108 01       		.byte	0x1
 860 0109 11       		.uleb128 0x11
 861 010a 01       		.uleb128 0x1
 862 010b 31       		.uleb128 0x31
 863 010c 13       		.uleb128 0x13
 864 010d 00       		.byte	0
 865 010e 00       		.byte	0
 866 010f 14       		.uleb128 0x14
 867 0110 8A8201   		.uleb128 0x410a
 868 0113 00       		.byte	0
 869 0114 02       		.uleb128 0x2
 870 0115 18       		.uleb128 0x18
 871 0116 9142     		.uleb128 0x2111
 872 0118 18       		.uleb128 0x18
 873 0119 00       		.byte	0
 874 011a 00       		.byte	0
 875 011b 15       		.uleb128 0x15
 876 011c 898201   		.uleb128 0x4109
 877 011f 01       		.byte	0x1
 878 0120 11       		.uleb128 0x11
 879 0121 01       		.uleb128 0x1
 880 0122 31       		.uleb128 0x31
 881 0123 13       		.uleb128 0x13
 882 0124 01       		.uleb128 0x1
 883 0125 13       		.uleb128 0x13
 884 0126 00       		.byte	0
 885 0127 00       		.byte	0
 886 0128 16       		.uleb128 0x16
 887 0129 34       		.uleb128 0x34
 888 012a 00       		.byte	0
 889 012b 03       		.uleb128 0x3
 890 012c 0E       		.uleb128 0xe
 891 012d 3A       		.uleb128 0x3a
 892 012e 0B       		.uleb128 0xb
 893 012f 3B       		.uleb128 0x3b
ARM GAS  C:\Users\manuelfu\AppData\Local\Temp\ccFuRMvj.s 			page 18


 894 0130 05       		.uleb128 0x5
 895 0131 49       		.uleb128 0x49
 896 0132 13       		.uleb128 0x13
 897 0133 3F       		.uleb128 0x3f
 898 0134 19       		.uleb128 0x19
 899 0135 3C       		.uleb128 0x3c
 900 0136 19       		.uleb128 0x19
 901 0137 00       		.byte	0
 902 0138 00       		.byte	0
 903 0139 17       		.uleb128 0x17
 904 013a 35       		.uleb128 0x35
 905 013b 00       		.byte	0
 906 013c 49       		.uleb128 0x49
 907 013d 13       		.uleb128 0x13
 908 013e 00       		.byte	0
 909 013f 00       		.byte	0
 910 0140 18       		.uleb128 0x18
 911 0141 34       		.uleb128 0x34
 912 0142 00       		.byte	0
 913 0143 03       		.uleb128 0x3
 914 0144 08       		.uleb128 0x8
 915 0145 3A       		.uleb128 0x3a
 916 0146 0B       		.uleb128 0xb
 917 0147 3B       		.uleb128 0x3b
 918 0148 0B       		.uleb128 0xb
 919 0149 49       		.uleb128 0x49
 920 014a 13       		.uleb128 0x13
 921 014b 3F       		.uleb128 0x3f
 922 014c 19       		.uleb128 0x19
 923 014d 02       		.uleb128 0x2
 924 014e 18       		.uleb128 0x18
 925 014f 00       		.byte	0
 926 0150 00       		.byte	0
 927 0151 19       		.uleb128 0x19
 928 0152 2E       		.uleb128 0x2e
 929 0153 00       		.byte	0
 930 0154 3F       		.uleb128 0x3f
 931 0155 19       		.uleb128 0x19
 932 0156 3C       		.uleb128 0x3c
 933 0157 19       		.uleb128 0x19
 934 0158 6E       		.uleb128 0x6e
 935 0159 0E       		.uleb128 0xe
 936 015a 03       		.uleb128 0x3
 937 015b 0E       		.uleb128 0xe
 938 015c 3A       		.uleb128 0x3a
 939 015d 0B       		.uleb128 0xb
 940 015e 3B       		.uleb128 0x3b
 941 015f 0B       		.uleb128 0xb
 942 0160 00       		.byte	0
 943 0161 00       		.byte	0
 944 0162 00       		.byte	0
 945              		.section	.debug_loc,"",%progbits
 946              	.Ldebug_loc0:
 947              	.LLST0:
 948 0000 06000000 		.4byte	.LVL0
 949 0004 0F000000 		.4byte	.LVL1-1
 950 0008 0600     		.2byte	0x6
ARM GAS  C:\Users\manuelfu\AppData\Local\Temp\ccFuRMvj.s 			page 19


 951 000a 70       		.byte	0x70
 952 000b 00       		.sleb128 0
 953 000c 08       		.byte	0x8
 954 000d FF       		.byte	0xff
 955 000e 1A       		.byte	0x1a
 956 000f 9F       		.byte	0x9f
 957 0010 00000000 		.4byte	0
 958 0014 00000000 		.4byte	0
 959              	.LLST1:
 960 0018 10000000 		.4byte	.LVL1
 961 001c 1F000000 		.4byte	.LVL3-1
 962 0020 0100     		.2byte	0x1
 963 0022 50       		.byte	0x50
 964 0023 00000000 		.4byte	0
 965 0027 00000000 		.4byte	0
 966              	.LLST2:
 967 002b 1A000000 		.4byte	.LVL2
 968 002f 3C000000 		.4byte	.LVL5
 969 0033 0100     		.2byte	0x1
 970 0035 54       		.byte	0x54
 971 0036 00000000 		.4byte	0
 972 003a 00000000 		.4byte	0
 973              	.LLST3:
 974 003e 00000000 		.4byte	.LVL6
 975 0042 28000000 		.4byte	.LVL7
 976 0046 0100     		.2byte	0x1
 977 0048 50       		.byte	0x50
 978 0049 28000000 		.4byte	.LVL7
 979 004d 2A000000 		.4byte	.LVL8
 980 0051 0400     		.2byte	0x4
 981 0053 F3       		.byte	0xf3
 982 0054 01       		.uleb128 0x1
 983 0055 50       		.byte	0x50
 984 0056 9F       		.byte	0x9f
 985 0057 2A000000 		.4byte	.LVL8
 986 005b 2C000000 		.4byte	.LVL9
 987 005f 0100     		.2byte	0x1
 988 0061 50       		.byte	0x50
 989 0062 2C000000 		.4byte	.LVL9
 990 0066 34000000 		.4byte	.LFE64
 991 006a 0400     		.2byte	0x4
 992 006c F3       		.byte	0xf3
 993 006d 01       		.uleb128 0x1
 994 006e 50       		.byte	0x50
 995 006f 9F       		.byte	0x9f
 996 0070 00000000 		.4byte	0
 997 0074 00000000 		.4byte	0
 998              		.section	.debug_aranges,"",%progbits
 999 0000 3C000000 		.4byte	0x3c
 1000 0004 0200     		.2byte	0x2
 1001 0006 00000000 		.4byte	.Ldebug_info0
 1002 000a 04       		.byte	0x4
 1003 000b 00       		.byte	0
 1004 000c 0000     		.2byte	0
 1005 000e 0000     		.2byte	0
 1006 0010 00000000 		.4byte	.LFB63
 1007 0014 48000000 		.4byte	.LFE63-.LFB63
ARM GAS  C:\Users\manuelfu\AppData\Local\Temp\ccFuRMvj.s 			page 20


 1008 0018 00000000 		.4byte	.LFB64
 1009 001c 34000000 		.4byte	.LFE64-.LFB64
 1010 0020 00000000 		.4byte	.LFB65
 1011 0024 14000000 		.4byte	.LFE65-.LFB65
 1012 0028 00000000 		.4byte	.LFB66
 1013 002c 30000000 		.4byte	.LFE66-.LFB66
 1014 0030 00000000 		.4byte	.LFB67
 1015 0034 14000000 		.4byte	.LFE67-.LFB67
 1016 0038 00000000 		.4byte	0
 1017 003c 00000000 		.4byte	0
 1018              		.section	.debug_ranges,"",%progbits
 1019              	.Ldebug_ranges0:
 1020 0000 00000000 		.4byte	.LFB63
 1021 0004 48000000 		.4byte	.LFE63
 1022 0008 00000000 		.4byte	.LFB64
 1023 000c 34000000 		.4byte	.LFE64
 1024 0010 00000000 		.4byte	.LFB65
 1025 0014 14000000 		.4byte	.LFE65
 1026 0018 00000000 		.4byte	.LFB66
 1027 001c 30000000 		.4byte	.LFE66
 1028 0020 00000000 		.4byte	.LFB67
 1029 0024 14000000 		.4byte	.LFE67
 1030 0028 00000000 		.4byte	0
 1031 002c 00000000 		.4byte	0
 1032              		.section	.debug_line,"",%progbits
 1033              	.Ldebug_line0:
 1034 0000 F6010000 		.section	.debug_str,"MS",%progbits,1
 1034      02008101 
 1034      00000201 
 1034      FB0E0D00 
 1034      01010101 
 1035              	.LASF28:
 1036 0000 49525F77 		.ascii	"IR_wait\000"
 1036      61697400 
 1037              	.LASF34:
 1038 0008 49525F69 		.ascii	"IR_isr_StartEx\000"
 1038      73725F53 
 1038      74617274 
 1038      457800
 1039              	.LASF24:
 1040 0017 76616C75 		.ascii	"value\000"
 1040      6500
 1041              	.LASF5:
 1042 001d 5F5F696E 		.ascii	"__int32_t\000"
 1042      7433325F 
 1042      7400
 1043              	.LASF31:
 1044 0027 54696D65 		.ascii	"Timer_IR_ReadCapture\000"
 1044      725F4952 
 1044      5F526561 
 1044      64436170 
 1044      74757265 
 1045              	.LASF22:
 1046 003c 73746174 		.ascii	"status\000"
 1046      757300
 1047              	.LASF14:
 1048 0043 666C6F61 		.ascii	"float\000"
ARM GAS  C:\Users\manuelfu\AppData\Local\Temp\ccFuRMvj.s 			page 21


 1048      7400
 1049              	.LASF19:
 1050 0049 64617461 		.ascii	"data\000"
 1050      00
 1051              	.LASF40:
 1052 004e 49525F67 		.ascii	"IR_get\000"
 1052      657400
 1053              	.LASF1:
 1054 0055 756E7369 		.ascii	"unsigned char\000"
 1054      676E6564 
 1054      20636861 
 1054      7200
 1055              	.LASF26:
 1056 0063 49525F63 		.ascii	"IR_capture_isr\000"
 1056      61707475 
 1056      72655F69 
 1056      737200
 1057              	.LASF7:
 1058 0072 6C6F6E67 		.ascii	"long unsigned int\000"
 1058      20756E73 
 1058      69676E65 
 1058      6420696E 
 1058      7400
 1059              	.LASF3:
 1060 0084 73686F72 		.ascii	"short unsigned int\000"
 1060      7420756E 
 1060      7369676E 
 1060      65642069 
 1060      6E7400
 1061              	.LASF35:
 1062 0097 54696D65 		.ascii	"Timer_IR_Start\000"
 1062      725F4952 
 1062      5F537461 
 1062      727400
 1063              	.LASF30:
 1064 00a6 49544D5F 		.ascii	"ITM_RxBuffer\000"
 1064      52784275 
 1064      66666572 
 1064      00
 1065              	.LASF38:
 1066 00b3 433A5C55 		.ascii	"C:\\Users\\manuelfu\\Documents\\PSoC Creator\\zumo\\"
 1066      73657273 
 1066      5C6D616E 
 1066      75656C66 
 1066      755C446F 
 1067 00e1 5A756D6F 		.ascii	"ZumoBot.cydsn\000"
 1067      426F742E 
 1067      63796473 
 1067      6E00
 1068              	.LASF15:
 1069 00ef 646F7562 		.ascii	"double\000"
 1069      6C6500
 1070              	.LASF33:
 1071 00f6 54696D65 		.ascii	"Timer_IR_ReadStatusRegister\000"
 1071      725F4952 
 1071      5F526561 
 1071      64537461 
ARM GAS  C:\Users\manuelfu\AppData\Local\Temp\ccFuRMvj.s 			page 22


 1071      74757352 
 1072              	.LASF37:
 1073 0112 5A756D6F 		.ascii	"ZumoLibrary\\IR.c\000"
 1073      4C696272 
 1073      6172795C 
 1073      49522E63 
 1073      00
 1074              	.LASF6:
 1075 0123 5F5F7569 		.ascii	"__uint32_t\000"
 1075      6E743332 
 1075      5F7400
 1076              	.LASF20:
 1077 012e 68656164 		.ascii	"head\000"
 1077      00
 1078              	.LASF10:
 1079 0133 756E7369 		.ascii	"unsigned int\000"
 1079      676E6564 
 1079      20696E74 
 1079      00
 1080              	.LASF29:
 1081 0140 49525F53 		.ascii	"IR_Start\000"
 1081      74617274 
 1081      00
 1082              	.LASF9:
 1083 0149 6C6F6E67 		.ascii	"long long unsigned int\000"
 1083      206C6F6E 
 1083      6720756E 
 1083      7369676E 
 1083      65642069 
 1084              	.LASF36:
 1085 0160 474E5520 		.ascii	"GNU C11 5.4.1 20160609 (release) [ARM/embedded-5-br"
 1085      43313120 
 1085      352E342E 
 1085      31203230 
 1085      31363036 
 1086 0193 616E6368 		.ascii	"anch revision 237715] -mcpu=cortex-m3 -mthumb -g -O"
 1086      20726576 
 1086      6973696F 
 1086      6E203233 
 1086      37373135 
 1087 01c6 67202D66 		.ascii	"g -ffunction-sections -ffat-lto-objects\000"
 1087      66756E63 
 1087      74696F6E 
 1087      2D736563 
 1087      74696F6E 
 1088              	.LASF11:
 1089 01ee 696E7433 		.ascii	"int32_t\000"
 1089      325F7400 
 1090              	.LASF18:
 1091 01f6 73697A65 		.ascii	"sizetype\000"
 1091      74797065 
 1091      00
 1092              	.LASF8:
 1093 01ff 6C6F6E67 		.ascii	"long long int\000"
 1093      206C6F6E 
 1093      6720696E 
 1093      7400
ARM GAS  C:\Users\manuelfu\AppData\Local\Temp\ccFuRMvj.s 			page 23


 1094              	.LASF16:
 1095 020d 63686172 		.ascii	"char\000"
 1095      00
 1096              	.LASF32:
 1097 0212 49525F72 		.ascii	"IR_receiver_Read\000"
 1097      65636569 
 1097      7665725F 
 1097      52656164 
 1097      00
 1098              	.LASF2:
 1099 0223 73686F72 		.ascii	"short int\000"
 1099      7420696E 
 1099      7400
 1100              	.LASF13:
 1101 022d 75696E74 		.ascii	"uint8\000"
 1101      3800
 1102              	.LASF21:
 1103 0233 7461696C 		.ascii	"tail\000"
 1103      00
 1104              	.LASF12:
 1105 0238 75696E74 		.ascii	"uint32_t\000"
 1105      33325F74 
 1105      00
 1106              	.LASF4:
 1107 0241 6C6F6E67 		.ascii	"long int\000"
 1107      20696E74 
 1107      00
 1108              	.LASF27:
 1109 024a 49525F66 		.ascii	"IR_flush\000"
 1109      6C757368 
 1109      00
 1110              	.LASF17:
 1111 0253 6C6F6E67 		.ascii	"long double\000"
 1111      20646F75 
 1111      626C6500 
 1112              	.LASF0:
 1113 025f 7369676E 		.ascii	"signed char\000"
 1113      65642063 
 1113      68617200 
 1114              	.LASF25:
 1115 026b 5F426F6F 		.ascii	"_Bool\000"
 1115      6C00
 1116              	.LASF23:
 1117 0271 63617074 		.ascii	"capture\000"
 1117      75726500 
 1118              	.LASF39:
 1119 0279 69725F62 		.ascii	"ir_buffer\000"
 1119      75666665 
 1119      7200
 1120              		.ident	"GCC: (GNU Tools for ARM Embedded Processors) 5.4.1 20160609 (release) [ARM/embedded-5-bran
