ARM GAS  C:\Users\manuelfu\AppData\Local\Temp\ccq4OY8q.s 			page 1


   1              		.syntax unified
   2              		.cpu cortex-m3
   3              		.fpu softvfp
   4              		.eabi_attribute 20, 1
   5              		.eabi_attribute 21, 1
   6              		.eabi_attribute 23, 3
   7              		.eabi_attribute 24, 1
   8              		.eabi_attribute 25, 1
   9              		.eabi_attribute 26, 1
  10              		.eabi_attribute 30, 1
  11              		.eabi_attribute 34, 1
  12              		.eabi_attribute 18, 4
  13              		.thumb
  14              		.syntax unified
  15              		.file	"Motor.c"
  16              		.text
  17              	.Ltext0:
  18              		.cfi_sections	.debug_frame
  19              		.section	.text.motor_start,"ax",%progbits
  20              		.align	2
  21              		.global	motor_start
  22              		.thumb
  23              		.thumb_func
  24              		.type	motor_start, %function
  25              	motor_start:
  26              	.LFB63:
  27              		.file 1 "ZumoLibrary\\Motor.c"
   1:ZumoLibrary/Motor.c **** /**
   2:ZumoLibrary/Motor.c ****  * @file    Motor.c
   3:ZumoLibrary/Motor.c ****  * @brief   Basic methods for operating motor sensor. For more details, please refer to Motor.h fil
   4:ZumoLibrary/Motor.c ****  * @details included in Zumo shield
   5:ZumoLibrary/Motor.c **** */
   6:ZumoLibrary/Motor.c **** #include "Motor.h"
   7:ZumoLibrary/Motor.c **** 
   8:ZumoLibrary/Motor.c **** 
   9:ZumoLibrary/Motor.c **** /**
  10:ZumoLibrary/Motor.c **** * @brief    Starting motor sensors
  11:ZumoLibrary/Motor.c **** * @details  
  12:ZumoLibrary/Motor.c **** */
  13:ZumoLibrary/Motor.c **** void motor_start()
  14:ZumoLibrary/Motor.c **** {
  28              		.loc 1 14 0
  29              		.cfi_startproc
  30              		@ args = 0, pretend = 0, frame = 0
  31              		@ frame_needed = 0, uses_anonymous_args = 0
  32 0000 08B5     		push	{r3, lr}
  33              		.cfi_def_cfa_offset 8
  34              		.cfi_offset 3, -8
  35              		.cfi_offset 14, -4
  15:ZumoLibrary/Motor.c ****     PWM_Start();
  36              		.loc 1 15 0
  37 0002 FFF7FEFF 		bl	PWM_Start
  38              	.LVL0:
  39 0006 08BD     		pop	{r3, pc}
  40              		.cfi_endproc
  41              	.LFE63:
  42              		.size	motor_start, .-motor_start
ARM GAS  C:\Users\manuelfu\AppData\Local\Temp\ccq4OY8q.s 			page 2


  43              		.section	.text.motor_stop,"ax",%progbits
  44              		.align	2
  45              		.global	motor_stop
  46              		.thumb
  47              		.thumb_func
  48              		.type	motor_stop, %function
  49              	motor_stop:
  50              	.LFB64:
  16:ZumoLibrary/Motor.c **** }
  17:ZumoLibrary/Motor.c **** 
  18:ZumoLibrary/Motor.c **** 
  19:ZumoLibrary/Motor.c **** /**
  20:ZumoLibrary/Motor.c **** * @brief    Stopping motor sensors
  21:ZumoLibrary/Motor.c **** * @details
  22:ZumoLibrary/Motor.c **** */
  23:ZumoLibrary/Motor.c **** void motor_stop()
  24:ZumoLibrary/Motor.c **** {
  51              		.loc 1 24 0
  52              		.cfi_startproc
  53              		@ args = 0, pretend = 0, frame = 0
  54              		@ frame_needed = 0, uses_anonymous_args = 0
  55 0000 08B5     		push	{r3, lr}
  56              		.cfi_def_cfa_offset 8
  57              		.cfi_offset 3, -8
  58              		.cfi_offset 14, -4
  25:ZumoLibrary/Motor.c ****     PWM_Stop();
  59              		.loc 1 25 0
  60 0002 FFF7FEFF 		bl	PWM_Stop
  61              	.LVL1:
  62 0006 08BD     		pop	{r3, pc}
  63              		.cfi_endproc
  64              	.LFE64:
  65              		.size	motor_stop, .-motor_stop
  66              		.section	.text.motor_forward,"ax",%progbits
  67              		.align	2
  68              		.global	motor_forward
  69              		.thumb
  70              		.thumb_func
  71              		.type	motor_forward, %function
  72              	motor_forward:
  73              	.LFB65:
  26:ZumoLibrary/Motor.c **** }
  27:ZumoLibrary/Motor.c **** 
  28:ZumoLibrary/Motor.c **** 
  29:ZumoLibrary/Motor.c **** /**
  30:ZumoLibrary/Motor.c **** * @brief    Moving motors forward
  31:ZumoLibrary/Motor.c **** * @details  giveing same speed to each side of PWM to make motors go forward
  32:ZumoLibrary/Motor.c **** * @param    uint8 speed : speed value
  33:ZumoLibrary/Motor.c **** * @param    uint32 delay : delay time
  34:ZumoLibrary/Motor.c **** */
  35:ZumoLibrary/Motor.c **** void motor_forward(uint8 speed,uint32 delay)
  36:ZumoLibrary/Motor.c **** {
  74              		.loc 1 36 0
  75              		.cfi_startproc
  76              		@ args = 0, pretend = 0, frame = 0
  77              		@ frame_needed = 0, uses_anonymous_args = 0
  78              	.LVL2:
ARM GAS  C:\Users\manuelfu\AppData\Local\Temp\ccq4OY8q.s 			page 3


  79 0000 38B5     		push	{r3, r4, r5, lr}
  80              		.cfi_def_cfa_offset 16
  81              		.cfi_offset 3, -16
  82              		.cfi_offset 4, -12
  83              		.cfi_offset 5, -8
  84              		.cfi_offset 14, -4
  85 0002 0446     		mov	r4, r0
  86 0004 0D46     		mov	r5, r1
  37:ZumoLibrary/Motor.c ****     MotorDirLeft_Write(0);      // set LeftMotor forward mode
  87              		.loc 1 37 0
  88 0006 0020     		movs	r0, #0
  89              	.LVL3:
  90 0008 FFF7FEFF 		bl	MotorDirLeft_Write
  91              	.LVL4:
  38:ZumoLibrary/Motor.c ****     MotorDirRight_Write(0);     // set RightMotor forward mode
  92              		.loc 1 38 0
  93 000c 0020     		movs	r0, #0
  94 000e FFF7FEFF 		bl	MotorDirRight_Write
  95              	.LVL5:
  39:ZumoLibrary/Motor.c ****     PWM_WriteCompare1(speed); 
  96              		.loc 1 39 0
  97 0012 2046     		mov	r0, r4
  98 0014 FFF7FEFF 		bl	PWM_WriteCompare1
  99              	.LVL6:
  40:ZumoLibrary/Motor.c ****     PWM_WriteCompare2(speed); 
 100              		.loc 1 40 0
 101 0018 2046     		mov	r0, r4
 102 001a FFF7FEFF 		bl	PWM_WriteCompare2
 103              	.LVL7:
  41:ZumoLibrary/Motor.c ****     CyDelay(delay);
 104              		.loc 1 41 0
 105 001e 2846     		mov	r0, r5
 106 0020 FFF7FEFF 		bl	CyDelay
 107              	.LVL8:
 108 0024 38BD     		pop	{r3, r4, r5, pc}
 109              		.cfi_endproc
 110              	.LFE65:
 111              		.size	motor_forward, .-motor_forward
 112 0026 00BF     		.section	.text.motor_turn,"ax",%progbits
 113              		.align	2
 114              		.global	motor_turn
 115              		.thumb
 116              		.thumb_func
 117              		.type	motor_turn, %function
 118              	motor_turn:
 119              	.LFB66:
  42:ZumoLibrary/Motor.c **** }
  43:ZumoLibrary/Motor.c **** 
  44:ZumoLibrary/Motor.c **** 
  45:ZumoLibrary/Motor.c **** /**
  46:ZumoLibrary/Motor.c **** * @brief    Moving motors to make a turn 
  47:ZumoLibrary/Motor.c **** * @details  moving left when l_speed < r_speed or moving right when l_speed > r_speed
  48:ZumoLibrary/Motor.c **** * @param    uint8 l_speed : left motor speed value
  49:ZumoLibrary/Motor.c **** * @param    uint8 r_speed : right motor speed value
  50:ZumoLibrary/Motor.c **** * @param    uint32 delay : delay time
  51:ZumoLibrary/Motor.c **** */
  52:ZumoLibrary/Motor.c **** void motor_turn(uint8 l_speed, uint8 r_speed, uint32 delay)
ARM GAS  C:\Users\manuelfu\AppData\Local\Temp\ccq4OY8q.s 			page 4


  53:ZumoLibrary/Motor.c **** {
 120              		.loc 1 53 0
 121              		.cfi_startproc
 122              		@ args = 0, pretend = 0, frame = 0
 123              		@ frame_needed = 0, uses_anonymous_args = 0
 124              	.LVL9:
 125 0000 38B5     		push	{r3, r4, r5, lr}
 126              		.cfi_def_cfa_offset 16
 127              		.cfi_offset 3, -16
 128              		.cfi_offset 4, -12
 129              		.cfi_offset 5, -8
 130              		.cfi_offset 14, -4
 131 0002 0D46     		mov	r5, r1
 132 0004 1446     		mov	r4, r2
  54:ZumoLibrary/Motor.c ****     PWM_WriteCompare1(l_speed); 
 133              		.loc 1 54 0
 134 0006 FFF7FEFF 		bl	PWM_WriteCompare1
 135              	.LVL10:
  55:ZumoLibrary/Motor.c ****     PWM_WriteCompare2(r_speed); 
 136              		.loc 1 55 0
 137 000a 2846     		mov	r0, r5
 138 000c FFF7FEFF 		bl	PWM_WriteCompare2
 139              	.LVL11:
  56:ZumoLibrary/Motor.c ****     CyDelay(delay);
 140              		.loc 1 56 0
 141 0010 2046     		mov	r0, r4
 142 0012 FFF7FEFF 		bl	CyDelay
 143              	.LVL12:
 144 0016 38BD     		pop	{r3, r4, r5, pc}
 145              		.cfi_endproc
 146              	.LFE66:
 147              		.size	motor_turn, .-motor_turn
 148              		.section	.text.motor_backward,"ax",%progbits
 149              		.align	2
 150              		.global	motor_backward
 151              		.thumb
 152              		.thumb_func
 153              		.type	motor_backward, %function
 154              	motor_backward:
 155              	.LFB67:
  57:ZumoLibrary/Motor.c **** }
  58:ZumoLibrary/Motor.c **** 
  59:ZumoLibrary/Motor.c **** 
  60:ZumoLibrary/Motor.c **** /**
  61:ZumoLibrary/Motor.c **** * @brief    Moving motors backward
  62:ZumoLibrary/Motor.c **** * @details  setting backward mode to each motors and gives same speed to each side of PWM
  63:ZumoLibrary/Motor.c **** * @param    uint8 speed : speed value
  64:ZumoLibrary/Motor.c **** * @param    uint32 delay : delay time
  65:ZumoLibrary/Motor.c **** */
  66:ZumoLibrary/Motor.c **** void motor_backward(uint8 speed,uint32 delay)
  67:ZumoLibrary/Motor.c **** {
 156              		.loc 1 67 0
 157              		.cfi_startproc
 158              		@ args = 0, pretend = 0, frame = 0
 159              		@ frame_needed = 0, uses_anonymous_args = 0
 160              	.LVL13:
 161 0000 38B5     		push	{r3, r4, r5, lr}
ARM GAS  C:\Users\manuelfu\AppData\Local\Temp\ccq4OY8q.s 			page 5


 162              		.cfi_def_cfa_offset 16
 163              		.cfi_offset 3, -16
 164              		.cfi_offset 4, -12
 165              		.cfi_offset 5, -8
 166              		.cfi_offset 14, -4
 167 0002 0446     		mov	r4, r0
 168 0004 0D46     		mov	r5, r1
  68:ZumoLibrary/Motor.c ****     MotorDirLeft_Write(1);      // set LeftMotor backward mode
 169              		.loc 1 68 0
 170 0006 0120     		movs	r0, #1
 171              	.LVL14:
 172 0008 FFF7FEFF 		bl	MotorDirLeft_Write
 173              	.LVL15:
  69:ZumoLibrary/Motor.c ****     MotorDirRight_Write(1);     // set RightMotor backward mode
 174              		.loc 1 69 0
 175 000c 0120     		movs	r0, #1
 176 000e FFF7FEFF 		bl	MotorDirRight_Write
 177              	.LVL16:
  70:ZumoLibrary/Motor.c ****     PWM_WriteCompare1(speed); 
 178              		.loc 1 70 0
 179 0012 2046     		mov	r0, r4
 180 0014 FFF7FEFF 		bl	PWM_WriteCompare1
 181              	.LVL17:
  71:ZumoLibrary/Motor.c ****     PWM_WriteCompare2(speed); 
 182              		.loc 1 71 0
 183 0018 2046     		mov	r0, r4
 184 001a FFF7FEFF 		bl	PWM_WriteCompare2
 185              	.LVL18:
  72:ZumoLibrary/Motor.c ****     CyDelay(delay);
 186              		.loc 1 72 0
 187 001e 2846     		mov	r0, r5
 188 0020 FFF7FEFF 		bl	CyDelay
 189              	.LVL19:
 190 0024 38BD     		pop	{r3, r4, r5, pc}
 191              		.cfi_endproc
 192              	.LFE67:
 193              		.size	motor_backward, .-motor_backward
 194 0026 00BF     		.text
 195              	.Letext0:
 196              		.file 2 "c:\\program files (x86)\\cypress\\psoc creator\\4.2\\psoc creator\\import\\gnu\\arm\\5.4.
 197              		.file 3 "c:\\program files (x86)\\cypress\\psoc creator\\4.2\\psoc creator\\import\\gnu\\arm\\5.4.
 198              		.file 4 "Generated_Source\\PSoC5/cytypes.h"
 199              		.file 5 "Generated_Source\\PSoC5/PWM.h"
 200              		.file 6 "Generated_Source\\PSoC5/MotorDirLeft.h"
 201              		.file 7 "Generated_Source\\PSoC5/MotorDirRight.h"
 202              		.file 8 "Generated_Source\\PSoC5/CyLib.h"
 203              		.file 9 "Generated_Source\\PSoC5/core_cm3.h"
 204              		.section	.debug_info,"",%progbits
 205              	.Ldebug_info0:
 206 0000 E9020000 		.4byte	0x2e9
 207 0004 0400     		.2byte	0x4
 208 0006 00000000 		.4byte	.Ldebug_abbrev0
 209 000a 04       		.byte	0x4
 210 000b 01       		.uleb128 0x1
 211 000c 69000000 		.4byte	.LASF34
 212 0010 0C       		.byte	0xc
 213 0011 77010000 		.4byte	.LASF35
ARM GAS  C:\Users\manuelfu\AppData\Local\Temp\ccq4OY8q.s 			page 6


 214 0015 29010000 		.4byte	.LASF36
 215 0019 00000000 		.4byte	.Ldebug_ranges0+0
 216 001d 00000000 		.4byte	0
 217 0021 00000000 		.4byte	.Ldebug_line0
 218 0025 02       		.uleb128 0x2
 219 0026 01       		.byte	0x1
 220 0027 06       		.byte	0x6
 221 0028 49000000 		.4byte	.LASF0
 222 002c 02       		.uleb128 0x2
 223 002d 01       		.byte	0x1
 224 002e 08       		.byte	0x8
 225 002f 5B000000 		.4byte	.LASF1
 226 0033 02       		.uleb128 0x2
 227 0034 02       		.byte	0x2
 228 0035 05       		.byte	0x5
 229 0036 1E020000 		.4byte	.LASF2
 230 003a 02       		.uleb128 0x2
 231 003b 02       		.byte	0x2
 232 003c 07       		.byte	0x7
 233 003d 5B020000 		.4byte	.LASF3
 234 0041 03       		.uleb128 0x3
 235 0042 00000000 		.4byte	.LASF9
 236 0046 02       		.byte	0x2
 237 0047 3F       		.byte	0x3f
 238 0048 4C000000 		.4byte	0x4c
 239 004c 02       		.uleb128 0x2
 240 004d 04       		.byte	0x4
 241 004e 05       		.byte	0x5
 242 004f 3B020000 		.4byte	.LASF4
 243 0053 02       		.uleb128 0x2
 244 0054 04       		.byte	0x4
 245 0055 07       		.byte	0x7
 246 0056 F7000000 		.4byte	.LASF5
 247 005a 02       		.uleb128 0x2
 248 005b 08       		.byte	0x8
 249 005c 05       		.byte	0x5
 250 005d FD010000 		.4byte	.LASF6
 251 0061 02       		.uleb128 0x2
 252 0062 08       		.byte	0x8
 253 0063 07       		.byte	0x7
 254 0064 A7010000 		.4byte	.LASF7
 255 0068 04       		.uleb128 0x4
 256 0069 04       		.byte	0x4
 257 006a 05       		.byte	0x5
 258 006b 696E7400 		.ascii	"int\000"
 259 006f 02       		.uleb128 0x2
 260 0070 04       		.byte	0x4
 261 0071 07       		.byte	0x7
 262 0072 92010000 		.4byte	.LASF8
 263 0076 03       		.uleb128 0x3
 264 0077 3B000000 		.4byte	.LASF10
 265 007b 03       		.byte	0x3
 266 007c 2C       		.byte	0x2c
 267 007d 41000000 		.4byte	0x41
 268 0081 05       		.uleb128 0x5
 269 0082 35000000 		.4byte	.LASF11
 270 0086 04       		.byte	0x4
ARM GAS  C:\Users\manuelfu\AppData\Local\Temp\ccq4OY8q.s 			page 7


 271 0087 E401     		.2byte	0x1e4
 272 0089 2C000000 		.4byte	0x2c
 273 008d 05       		.uleb128 0x5
 274 008e 8B010000 		.4byte	.LASF12
 275 0092 04       		.byte	0x4
 276 0093 E601     		.2byte	0x1e6
 277 0095 53000000 		.4byte	0x53
 278 0099 02       		.uleb128 0x2
 279 009a 04       		.byte	0x4
 280 009b 04       		.byte	0x4
 281 009c 43000000 		.4byte	.LASF13
 282 00a0 02       		.uleb128 0x2
 283 00a1 08       		.byte	0x8
 284 00a2 04       		.byte	0x4
 285 00a3 65010000 		.4byte	.LASF14
 286 00a7 02       		.uleb128 0x2
 287 00a8 01       		.byte	0x1
 288 00a9 08       		.byte	0x8
 289 00aa 0B020000 		.4byte	.LASF15
 290 00ae 02       		.uleb128 0x2
 291 00af 08       		.byte	0x8
 292 00b0 04       		.byte	0x4
 293 00b1 44020000 		.4byte	.LASF16
 294 00b5 02       		.uleb128 0x2
 295 00b6 04       		.byte	0x4
 296 00b7 07       		.byte	0x7
 297 00b8 F4010000 		.4byte	.LASF17
 298 00bc 06       		.uleb128 0x6
 299 00bd BE010000 		.4byte	.LASF18
 300 00c1 01       		.byte	0x1
 301 00c2 0D       		.byte	0xd
 302 00c3 00000000 		.4byte	.LFB63
 303 00c7 08000000 		.4byte	.LFE63-.LFB63
 304 00cb 01       		.uleb128 0x1
 305 00cc 9C       		.byte	0x9c
 306 00cd DB000000 		.4byte	0xdb
 307 00d1 07       		.uleb128 0x7
 308 00d2 06000000 		.4byte	.LVL0
 309 00d6 9F020000 		.4byte	0x29f
 310 00da 00       		.byte	0
 311 00db 06       		.uleb128 0x6
 312 00dc 6C010000 		.4byte	.LASF19
 313 00e0 01       		.byte	0x1
 314 00e1 17       		.byte	0x17
 315 00e2 00000000 		.4byte	.LFB64
 316 00e6 08000000 		.4byte	.LFE64-.LFB64
 317 00ea 01       		.uleb128 0x1
 318 00eb 9C       		.byte	0x9c
 319 00ec FA000000 		.4byte	0xfa
 320 00f0 07       		.uleb128 0x7
 321 00f1 06000000 		.4byte	.LVL1
 322 00f5 AA020000 		.4byte	0x2aa
 323 00f9 00       		.byte	0
 324 00fa 08       		.uleb128 0x8
 325 00fb 10020000 		.4byte	.LASF22
 326 00ff 01       		.byte	0x1
 327 0100 23       		.byte	0x23
ARM GAS  C:\Users\manuelfu\AppData\Local\Temp\ccq4OY8q.s 			page 8


 328 0101 00000000 		.4byte	.LFB65
 329 0105 26000000 		.4byte	.LFE65-.LFB65
 330 0109 01       		.uleb128 0x1
 331 010a 9C       		.byte	0x9c
 332 010b 8C010000 		.4byte	0x18c
 333 010f 09       		.uleb128 0x9
 334 0110 EE010000 		.4byte	.LASF20
 335 0114 01       		.byte	0x1
 336 0115 23       		.byte	0x23
 337 0116 81000000 		.4byte	0x81
 338 011a 00000000 		.4byte	.LLST0
 339 011e 09       		.uleb128 0x9
 340 011f 55000000 		.4byte	.LASF21
 341 0123 01       		.byte	0x1
 342 0124 23       		.byte	0x23
 343 0125 8D000000 		.4byte	0x8d
 344 0129 21000000 		.4byte	.LLST1
 345 012d 0A       		.uleb128 0xa
 346 012e 0C000000 		.4byte	.LVL4
 347 0132 B5020000 		.4byte	0x2b5
 348 0136 40010000 		.4byte	0x140
 349 013a 0B       		.uleb128 0xb
 350 013b 01       		.uleb128 0x1
 351 013c 50       		.byte	0x50
 352 013d 01       		.uleb128 0x1
 353 013e 30       		.byte	0x30
 354 013f 00       		.byte	0
 355 0140 0A       		.uleb128 0xa
 356 0141 12000000 		.4byte	.LVL5
 357 0145 C0020000 		.4byte	0x2c0
 358 0149 53010000 		.4byte	0x153
 359 014d 0B       		.uleb128 0xb
 360 014e 01       		.uleb128 0x1
 361 014f 50       		.byte	0x50
 362 0150 01       		.uleb128 0x1
 363 0151 30       		.byte	0x30
 364 0152 00       		.byte	0
 365 0153 0A       		.uleb128 0xa
 366 0154 18000000 		.4byte	.LVL6
 367 0158 CB020000 		.4byte	0x2cb
 368 015c 67010000 		.4byte	0x167
 369 0160 0B       		.uleb128 0xb
 370 0161 01       		.uleb128 0x1
 371 0162 50       		.byte	0x50
 372 0163 02       		.uleb128 0x2
 373 0164 74       		.byte	0x74
 374 0165 00       		.sleb128 0
 375 0166 00       		.byte	0
 376 0167 0A       		.uleb128 0xa
 377 0168 1E000000 		.4byte	.LVL7
 378 016c D6020000 		.4byte	0x2d6
 379 0170 7B010000 		.4byte	0x17b
 380 0174 0B       		.uleb128 0xb
 381 0175 01       		.uleb128 0x1
 382 0176 50       		.byte	0x50
 383 0177 02       		.uleb128 0x2
 384 0178 74       		.byte	0x74
ARM GAS  C:\Users\manuelfu\AppData\Local\Temp\ccq4OY8q.s 			page 9


 385 0179 00       		.sleb128 0
 386 017a 00       		.byte	0
 387 017b 0C       		.uleb128 0xc
 388 017c 24000000 		.4byte	.LVL8
 389 0180 E1020000 		.4byte	0x2e1
 390 0184 0B       		.uleb128 0xb
 391 0185 01       		.uleb128 0x1
 392 0186 50       		.byte	0x50
 393 0187 02       		.uleb128 0x2
 394 0188 75       		.byte	0x75
 395 0189 00       		.sleb128 0
 396 018a 00       		.byte	0
 397 018b 00       		.byte	0
 398 018c 08       		.uleb128 0x8
 399 018d 50020000 		.4byte	.LASF23
 400 0191 01       		.byte	0x1
 401 0192 34       		.byte	0x34
 402 0193 00000000 		.4byte	.LFB66
 403 0197 18000000 		.4byte	.LFE66-.LFB66
 404 019b 01       		.uleb128 0x1
 405 019c 9C       		.byte	0x9c
 406 019d FC010000 		.4byte	0x1fc
 407 01a1 09       		.uleb128 0x9
 408 01a2 9F010000 		.4byte	.LASF24
 409 01a6 01       		.byte	0x1
 410 01a7 34       		.byte	0x34
 411 01a8 81000000 		.4byte	0x81
 412 01ac 3F000000 		.4byte	.LLST2
 413 01b0 09       		.uleb128 0x9
 414 01b1 19000000 		.4byte	.LASF25
 415 01b5 01       		.byte	0x1
 416 01b6 34       		.byte	0x34
 417 01b7 81000000 		.4byte	0x81
 418 01bb 60000000 		.4byte	.LLST3
 419 01bf 09       		.uleb128 0x9
 420 01c0 55000000 		.4byte	.LASF21
 421 01c4 01       		.byte	0x1
 422 01c5 34       		.byte	0x34
 423 01c6 8D000000 		.4byte	0x8d
 424 01ca 81000000 		.4byte	.LLST4
 425 01ce 07       		.uleb128 0x7
 426 01cf 0A000000 		.4byte	.LVL10
 427 01d3 CB020000 		.4byte	0x2cb
 428 01d7 0A       		.uleb128 0xa
 429 01d8 10000000 		.4byte	.LVL11
 430 01dc D6020000 		.4byte	0x2d6
 431 01e0 EB010000 		.4byte	0x1eb
 432 01e4 0B       		.uleb128 0xb
 433 01e5 01       		.uleb128 0x1
 434 01e6 50       		.byte	0x50
 435 01e7 02       		.uleb128 0x2
 436 01e8 75       		.byte	0x75
 437 01e9 00       		.sleb128 0
 438 01ea 00       		.byte	0
 439 01eb 0C       		.uleb128 0xc
 440 01ec 16000000 		.4byte	.LVL12
 441 01f0 E1020000 		.4byte	0x2e1
ARM GAS  C:\Users\manuelfu\AppData\Local\Temp\ccq4OY8q.s 			page 10


 442 01f4 0B       		.uleb128 0xb
 443 01f5 01       		.uleb128 0x1
 444 01f6 50       		.byte	0x50
 445 01f7 02       		.uleb128 0x2
 446 01f8 74       		.byte	0x74
 447 01f9 00       		.sleb128 0
 448 01fa 00       		.byte	0
 449 01fb 00       		.byte	0
 450 01fc 08       		.uleb128 0x8
 451 01fd 0A000000 		.4byte	.LASF26
 452 0201 01       		.byte	0x1
 453 0202 42       		.byte	0x42
 454 0203 00000000 		.4byte	.LFB67
 455 0207 26000000 		.4byte	.LFE67-.LFB67
 456 020b 01       		.uleb128 0x1
 457 020c 9C       		.byte	0x9c
 458 020d 8E020000 		.4byte	0x28e
 459 0211 09       		.uleb128 0x9
 460 0212 EE010000 		.4byte	.LASF20
 461 0216 01       		.byte	0x1
 462 0217 42       		.byte	0x42
 463 0218 81000000 		.4byte	0x81
 464 021c 9F000000 		.4byte	.LLST5
 465 0220 09       		.uleb128 0x9
 466 0221 55000000 		.4byte	.LASF21
 467 0225 01       		.byte	0x1
 468 0226 42       		.byte	0x42
 469 0227 8D000000 		.4byte	0x8d
 470 022b C0000000 		.4byte	.LLST6
 471 022f 0A       		.uleb128 0xa
 472 0230 0C000000 		.4byte	.LVL15
 473 0234 B5020000 		.4byte	0x2b5
 474 0238 42020000 		.4byte	0x242
 475 023c 0B       		.uleb128 0xb
 476 023d 01       		.uleb128 0x1
 477 023e 50       		.byte	0x50
 478 023f 01       		.uleb128 0x1
 479 0240 31       		.byte	0x31
 480 0241 00       		.byte	0
 481 0242 0A       		.uleb128 0xa
 482 0243 12000000 		.4byte	.LVL16
 483 0247 C0020000 		.4byte	0x2c0
 484 024b 55020000 		.4byte	0x255
 485 024f 0B       		.uleb128 0xb
 486 0250 01       		.uleb128 0x1
 487 0251 50       		.byte	0x50
 488 0252 01       		.uleb128 0x1
 489 0253 31       		.byte	0x31
 490 0254 00       		.byte	0
 491 0255 0A       		.uleb128 0xa
 492 0256 18000000 		.4byte	.LVL17
 493 025a CB020000 		.4byte	0x2cb
 494 025e 69020000 		.4byte	0x269
 495 0262 0B       		.uleb128 0xb
 496 0263 01       		.uleb128 0x1
 497 0264 50       		.byte	0x50
 498 0265 02       		.uleb128 0x2
ARM GAS  C:\Users\manuelfu\AppData\Local\Temp\ccq4OY8q.s 			page 11


 499 0266 74       		.byte	0x74
 500 0267 00       		.sleb128 0
 501 0268 00       		.byte	0
 502 0269 0A       		.uleb128 0xa
 503 026a 1E000000 		.4byte	.LVL18
 504 026e D6020000 		.4byte	0x2d6
 505 0272 7D020000 		.4byte	0x27d
 506 0276 0B       		.uleb128 0xb
 507 0277 01       		.uleb128 0x1
 508 0278 50       		.byte	0x50
 509 0279 02       		.uleb128 0x2
 510 027a 74       		.byte	0x74
 511 027b 00       		.sleb128 0
 512 027c 00       		.byte	0
 513 027d 0C       		.uleb128 0xc
 514 027e 24000000 		.4byte	.LVL19
 515 0282 E1020000 		.4byte	0x2e1
 516 0286 0B       		.uleb128 0xb
 517 0287 01       		.uleb128 0x1
 518 0288 50       		.byte	0x50
 519 0289 02       		.uleb128 0x2
 520 028a 75       		.byte	0x75
 521 028b 00       		.sleb128 0
 522 028c 00       		.byte	0
 523 028d 00       		.byte	0
 524 028e 0D       		.uleb128 0xd
 525 028f 1C010000 		.4byte	.LASF37
 526 0293 09       		.byte	0x9
 527 0294 1207     		.2byte	0x712
 528 0296 9A020000 		.4byte	0x29a
 529 029a 0E       		.uleb128 0xe
 530 029b 76000000 		.4byte	0x76
 531 029f 0F       		.uleb128 0xf
 532 02a0 28020000 		.4byte	.LASF27
 533 02a4 28020000 		.4byte	.LASF27
 534 02a8 05       		.byte	0x5
 535 02a9 92       		.byte	0x92
 536 02aa 0F       		.uleb128 0xf
 537 02ab 32020000 		.4byte	.LASF28
 538 02af 32020000 		.4byte	.LASF28
 539 02b3 05       		.byte	0x5
 540 02b4 93       		.byte	0x93
 541 02b5 0F       		.uleb128 0xf
 542 02b6 09010000 		.4byte	.LASF29
 543 02ba 09010000 		.4byte	.LASF29
 544 02be 06       		.byte	0x6
 545 02bf 26       		.byte	0x26
 546 02c0 0F       		.uleb128 0xf
 547 02c1 21000000 		.4byte	.LASF30
 548 02c5 21000000 		.4byte	.LASF30
 549 02c9 07       		.byte	0x7
 550 02ca 26       		.byte	0x26
 551 02cb 0F       		.uleb128 0xf
 552 02cc CA010000 		.4byte	.LASF31
 553 02d0 CA010000 		.4byte	.LASF31
 554 02d4 05       		.byte	0x5
 555 02d5 C7       		.byte	0xc7
ARM GAS  C:\Users\manuelfu\AppData\Local\Temp\ccq4OY8q.s 			page 12


 556 02d6 0F       		.uleb128 0xf
 557 02d7 DC010000 		.4byte	.LASF32
 558 02db DC010000 		.4byte	.LASF32
 559 02df 05       		.byte	0x5
 560 02e0 CA       		.byte	0xca
 561 02e1 0F       		.uleb128 0xf
 562 02e2 6E020000 		.4byte	.LASF33
 563 02e6 6E020000 		.4byte	.LASF33
 564 02ea 08       		.byte	0x8
 565 02eb 76       		.byte	0x76
 566 02ec 00       		.byte	0
 567              		.section	.debug_abbrev,"",%progbits
 568              	.Ldebug_abbrev0:
 569 0000 01       		.uleb128 0x1
 570 0001 11       		.uleb128 0x11
 571 0002 01       		.byte	0x1
 572 0003 25       		.uleb128 0x25
 573 0004 0E       		.uleb128 0xe
 574 0005 13       		.uleb128 0x13
 575 0006 0B       		.uleb128 0xb
 576 0007 03       		.uleb128 0x3
 577 0008 0E       		.uleb128 0xe
 578 0009 1B       		.uleb128 0x1b
 579 000a 0E       		.uleb128 0xe
 580 000b 55       		.uleb128 0x55
 581 000c 17       		.uleb128 0x17
 582 000d 11       		.uleb128 0x11
 583 000e 01       		.uleb128 0x1
 584 000f 10       		.uleb128 0x10
 585 0010 17       		.uleb128 0x17
 586 0011 00       		.byte	0
 587 0012 00       		.byte	0
 588 0013 02       		.uleb128 0x2
 589 0014 24       		.uleb128 0x24
 590 0015 00       		.byte	0
 591 0016 0B       		.uleb128 0xb
 592 0017 0B       		.uleb128 0xb
 593 0018 3E       		.uleb128 0x3e
 594 0019 0B       		.uleb128 0xb
 595 001a 03       		.uleb128 0x3
 596 001b 0E       		.uleb128 0xe
 597 001c 00       		.byte	0
 598 001d 00       		.byte	0
 599 001e 03       		.uleb128 0x3
 600 001f 16       		.uleb128 0x16
 601 0020 00       		.byte	0
 602 0021 03       		.uleb128 0x3
 603 0022 0E       		.uleb128 0xe
 604 0023 3A       		.uleb128 0x3a
 605 0024 0B       		.uleb128 0xb
 606 0025 3B       		.uleb128 0x3b
 607 0026 0B       		.uleb128 0xb
 608 0027 49       		.uleb128 0x49
 609 0028 13       		.uleb128 0x13
 610 0029 00       		.byte	0
 611 002a 00       		.byte	0
 612 002b 04       		.uleb128 0x4
ARM GAS  C:\Users\manuelfu\AppData\Local\Temp\ccq4OY8q.s 			page 13


 613 002c 24       		.uleb128 0x24
 614 002d 00       		.byte	0
 615 002e 0B       		.uleb128 0xb
 616 002f 0B       		.uleb128 0xb
 617 0030 3E       		.uleb128 0x3e
 618 0031 0B       		.uleb128 0xb
 619 0032 03       		.uleb128 0x3
 620 0033 08       		.uleb128 0x8
 621 0034 00       		.byte	0
 622 0035 00       		.byte	0
 623 0036 05       		.uleb128 0x5
 624 0037 16       		.uleb128 0x16
 625 0038 00       		.byte	0
 626 0039 03       		.uleb128 0x3
 627 003a 0E       		.uleb128 0xe
 628 003b 3A       		.uleb128 0x3a
 629 003c 0B       		.uleb128 0xb
 630 003d 3B       		.uleb128 0x3b
 631 003e 05       		.uleb128 0x5
 632 003f 49       		.uleb128 0x49
 633 0040 13       		.uleb128 0x13
 634 0041 00       		.byte	0
 635 0042 00       		.byte	0
 636 0043 06       		.uleb128 0x6
 637 0044 2E       		.uleb128 0x2e
 638 0045 01       		.byte	0x1
 639 0046 3F       		.uleb128 0x3f
 640 0047 19       		.uleb128 0x19
 641 0048 03       		.uleb128 0x3
 642 0049 0E       		.uleb128 0xe
 643 004a 3A       		.uleb128 0x3a
 644 004b 0B       		.uleb128 0xb
 645 004c 3B       		.uleb128 0x3b
 646 004d 0B       		.uleb128 0xb
 647 004e 11       		.uleb128 0x11
 648 004f 01       		.uleb128 0x1
 649 0050 12       		.uleb128 0x12
 650 0051 06       		.uleb128 0x6
 651 0052 40       		.uleb128 0x40
 652 0053 18       		.uleb128 0x18
 653 0054 9742     		.uleb128 0x2117
 654 0056 19       		.uleb128 0x19
 655 0057 01       		.uleb128 0x1
 656 0058 13       		.uleb128 0x13
 657 0059 00       		.byte	0
 658 005a 00       		.byte	0
 659 005b 07       		.uleb128 0x7
 660 005c 898201   		.uleb128 0x4109
 661 005f 00       		.byte	0
 662 0060 11       		.uleb128 0x11
 663 0061 01       		.uleb128 0x1
 664 0062 31       		.uleb128 0x31
 665 0063 13       		.uleb128 0x13
 666 0064 00       		.byte	0
 667 0065 00       		.byte	0
 668 0066 08       		.uleb128 0x8
 669 0067 2E       		.uleb128 0x2e
ARM GAS  C:\Users\manuelfu\AppData\Local\Temp\ccq4OY8q.s 			page 14


 670 0068 01       		.byte	0x1
 671 0069 3F       		.uleb128 0x3f
 672 006a 19       		.uleb128 0x19
 673 006b 03       		.uleb128 0x3
 674 006c 0E       		.uleb128 0xe
 675 006d 3A       		.uleb128 0x3a
 676 006e 0B       		.uleb128 0xb
 677 006f 3B       		.uleb128 0x3b
 678 0070 0B       		.uleb128 0xb
 679 0071 27       		.uleb128 0x27
 680 0072 19       		.uleb128 0x19
 681 0073 11       		.uleb128 0x11
 682 0074 01       		.uleb128 0x1
 683 0075 12       		.uleb128 0x12
 684 0076 06       		.uleb128 0x6
 685 0077 40       		.uleb128 0x40
 686 0078 18       		.uleb128 0x18
 687 0079 9742     		.uleb128 0x2117
 688 007b 19       		.uleb128 0x19
 689 007c 01       		.uleb128 0x1
 690 007d 13       		.uleb128 0x13
 691 007e 00       		.byte	0
 692 007f 00       		.byte	0
 693 0080 09       		.uleb128 0x9
 694 0081 05       		.uleb128 0x5
 695 0082 00       		.byte	0
 696 0083 03       		.uleb128 0x3
 697 0084 0E       		.uleb128 0xe
 698 0085 3A       		.uleb128 0x3a
 699 0086 0B       		.uleb128 0xb
 700 0087 3B       		.uleb128 0x3b
 701 0088 0B       		.uleb128 0xb
 702 0089 49       		.uleb128 0x49
 703 008a 13       		.uleb128 0x13
 704 008b 02       		.uleb128 0x2
 705 008c 17       		.uleb128 0x17
 706 008d 00       		.byte	0
 707 008e 00       		.byte	0
 708 008f 0A       		.uleb128 0xa
 709 0090 898201   		.uleb128 0x4109
 710 0093 01       		.byte	0x1
 711 0094 11       		.uleb128 0x11
 712 0095 01       		.uleb128 0x1
 713 0096 31       		.uleb128 0x31
 714 0097 13       		.uleb128 0x13
 715 0098 01       		.uleb128 0x1
 716 0099 13       		.uleb128 0x13
 717 009a 00       		.byte	0
 718 009b 00       		.byte	0
 719 009c 0B       		.uleb128 0xb
 720 009d 8A8201   		.uleb128 0x410a
 721 00a0 00       		.byte	0
 722 00a1 02       		.uleb128 0x2
 723 00a2 18       		.uleb128 0x18
 724 00a3 9142     		.uleb128 0x2111
 725 00a5 18       		.uleb128 0x18
 726 00a6 00       		.byte	0
ARM GAS  C:\Users\manuelfu\AppData\Local\Temp\ccq4OY8q.s 			page 15


 727 00a7 00       		.byte	0
 728 00a8 0C       		.uleb128 0xc
 729 00a9 898201   		.uleb128 0x4109
 730 00ac 01       		.byte	0x1
 731 00ad 11       		.uleb128 0x11
 732 00ae 01       		.uleb128 0x1
 733 00af 31       		.uleb128 0x31
 734 00b0 13       		.uleb128 0x13
 735 00b1 00       		.byte	0
 736 00b2 00       		.byte	0
 737 00b3 0D       		.uleb128 0xd
 738 00b4 34       		.uleb128 0x34
 739 00b5 00       		.byte	0
 740 00b6 03       		.uleb128 0x3
 741 00b7 0E       		.uleb128 0xe
 742 00b8 3A       		.uleb128 0x3a
 743 00b9 0B       		.uleb128 0xb
 744 00ba 3B       		.uleb128 0x3b
 745 00bb 05       		.uleb128 0x5
 746 00bc 49       		.uleb128 0x49
 747 00bd 13       		.uleb128 0x13
 748 00be 3F       		.uleb128 0x3f
 749 00bf 19       		.uleb128 0x19
 750 00c0 3C       		.uleb128 0x3c
 751 00c1 19       		.uleb128 0x19
 752 00c2 00       		.byte	0
 753 00c3 00       		.byte	0
 754 00c4 0E       		.uleb128 0xe
 755 00c5 35       		.uleb128 0x35
 756 00c6 00       		.byte	0
 757 00c7 49       		.uleb128 0x49
 758 00c8 13       		.uleb128 0x13
 759 00c9 00       		.byte	0
 760 00ca 00       		.byte	0
 761 00cb 0F       		.uleb128 0xf
 762 00cc 2E       		.uleb128 0x2e
 763 00cd 00       		.byte	0
 764 00ce 3F       		.uleb128 0x3f
 765 00cf 19       		.uleb128 0x19
 766 00d0 3C       		.uleb128 0x3c
 767 00d1 19       		.uleb128 0x19
 768 00d2 6E       		.uleb128 0x6e
 769 00d3 0E       		.uleb128 0xe
 770 00d4 03       		.uleb128 0x3
 771 00d5 0E       		.uleb128 0xe
 772 00d6 3A       		.uleb128 0x3a
 773 00d7 0B       		.uleb128 0xb
 774 00d8 3B       		.uleb128 0x3b
 775 00d9 0B       		.uleb128 0xb
 776 00da 00       		.byte	0
 777 00db 00       		.byte	0
 778 00dc 00       		.byte	0
 779              		.section	.debug_loc,"",%progbits
 780              	.Ldebug_loc0:
 781              	.LLST0:
 782 0000 00000000 		.4byte	.LVL2
 783 0004 08000000 		.4byte	.LVL3
ARM GAS  C:\Users\manuelfu\AppData\Local\Temp\ccq4OY8q.s 			page 16


 784 0008 0100     		.2byte	0x1
 785 000a 50       		.byte	0x50
 786 000b 08000000 		.4byte	.LVL3
 787 000f 26000000 		.4byte	.LFE65
 788 0013 0400     		.2byte	0x4
 789 0015 F3       		.byte	0xf3
 790 0016 01       		.uleb128 0x1
 791 0017 50       		.byte	0x50
 792 0018 9F       		.byte	0x9f
 793 0019 00000000 		.4byte	0
 794 001d 00000000 		.4byte	0
 795              	.LLST1:
 796 0021 00000000 		.4byte	.LVL2
 797 0025 0B000000 		.4byte	.LVL4-1
 798 0029 0100     		.2byte	0x1
 799 002b 51       		.byte	0x51
 800 002c 0B000000 		.4byte	.LVL4-1
 801 0030 26000000 		.4byte	.LFE65
 802 0034 0100     		.2byte	0x1
 803 0036 55       		.byte	0x55
 804 0037 00000000 		.4byte	0
 805 003b 00000000 		.4byte	0
 806              	.LLST2:
 807 003f 00000000 		.4byte	.LVL9
 808 0043 09000000 		.4byte	.LVL10-1
 809 0047 0100     		.2byte	0x1
 810 0049 50       		.byte	0x50
 811 004a 09000000 		.4byte	.LVL10-1
 812 004e 18000000 		.4byte	.LFE66
 813 0052 0400     		.2byte	0x4
 814 0054 F3       		.byte	0xf3
 815 0055 01       		.uleb128 0x1
 816 0056 50       		.byte	0x50
 817 0057 9F       		.byte	0x9f
 818 0058 00000000 		.4byte	0
 819 005c 00000000 		.4byte	0
 820              	.LLST3:
 821 0060 00000000 		.4byte	.LVL9
 822 0064 09000000 		.4byte	.LVL10-1
 823 0068 0100     		.2byte	0x1
 824 006a 51       		.byte	0x51
 825 006b 09000000 		.4byte	.LVL10-1
 826 006f 18000000 		.4byte	.LFE66
 827 0073 0400     		.2byte	0x4
 828 0075 F3       		.byte	0xf3
 829 0076 01       		.uleb128 0x1
 830 0077 51       		.byte	0x51
 831 0078 9F       		.byte	0x9f
 832 0079 00000000 		.4byte	0
 833 007d 00000000 		.4byte	0
 834              	.LLST4:
 835 0081 00000000 		.4byte	.LVL9
 836 0085 09000000 		.4byte	.LVL10-1
 837 0089 0100     		.2byte	0x1
 838 008b 52       		.byte	0x52
 839 008c 09000000 		.4byte	.LVL10-1
 840 0090 18000000 		.4byte	.LFE66
ARM GAS  C:\Users\manuelfu\AppData\Local\Temp\ccq4OY8q.s 			page 17


 841 0094 0100     		.2byte	0x1
 842 0096 54       		.byte	0x54
 843 0097 00000000 		.4byte	0
 844 009b 00000000 		.4byte	0
 845              	.LLST5:
 846 009f 00000000 		.4byte	.LVL13
 847 00a3 08000000 		.4byte	.LVL14
 848 00a7 0100     		.2byte	0x1
 849 00a9 50       		.byte	0x50
 850 00aa 08000000 		.4byte	.LVL14
 851 00ae 26000000 		.4byte	.LFE67
 852 00b2 0400     		.2byte	0x4
 853 00b4 F3       		.byte	0xf3
 854 00b5 01       		.uleb128 0x1
 855 00b6 50       		.byte	0x50
 856 00b7 9F       		.byte	0x9f
 857 00b8 00000000 		.4byte	0
 858 00bc 00000000 		.4byte	0
 859              	.LLST6:
 860 00c0 00000000 		.4byte	.LVL13
 861 00c4 0B000000 		.4byte	.LVL15-1
 862 00c8 0100     		.2byte	0x1
 863 00ca 51       		.byte	0x51
 864 00cb 0B000000 		.4byte	.LVL15-1
 865 00cf 26000000 		.4byte	.LFE67
 866 00d3 0100     		.2byte	0x1
 867 00d5 55       		.byte	0x55
 868 00d6 00000000 		.4byte	0
 869 00da 00000000 		.4byte	0
 870              		.section	.debug_aranges,"",%progbits
 871 0000 3C000000 		.4byte	0x3c
 872 0004 0200     		.2byte	0x2
 873 0006 00000000 		.4byte	.Ldebug_info0
 874 000a 04       		.byte	0x4
 875 000b 00       		.byte	0
 876 000c 0000     		.2byte	0
 877 000e 0000     		.2byte	0
 878 0010 00000000 		.4byte	.LFB63
 879 0014 08000000 		.4byte	.LFE63-.LFB63
 880 0018 00000000 		.4byte	.LFB64
 881 001c 08000000 		.4byte	.LFE64-.LFB64
 882 0020 00000000 		.4byte	.LFB65
 883 0024 26000000 		.4byte	.LFE65-.LFB65
 884 0028 00000000 		.4byte	.LFB66
 885 002c 18000000 		.4byte	.LFE66-.LFB66
 886 0030 00000000 		.4byte	.LFB67
 887 0034 26000000 		.4byte	.LFE67-.LFB67
 888 0038 00000000 		.4byte	0
 889 003c 00000000 		.4byte	0
 890              		.section	.debug_ranges,"",%progbits
 891              	.Ldebug_ranges0:
 892 0000 00000000 		.4byte	.LFB63
 893 0004 08000000 		.4byte	.LFE63
 894 0008 00000000 		.4byte	.LFB64
 895 000c 08000000 		.4byte	.LFE64
 896 0010 00000000 		.4byte	.LFB65
 897 0014 26000000 		.4byte	.LFE65
ARM GAS  C:\Users\manuelfu\AppData\Local\Temp\ccq4OY8q.s 			page 18


 898 0018 00000000 		.4byte	.LFB66
 899 001c 18000000 		.4byte	.LFE66
 900 0020 00000000 		.4byte	.LFB67
 901 0024 26000000 		.4byte	.LFE67
 902 0028 00000000 		.4byte	0
 903 002c 00000000 		.4byte	0
 904              		.section	.debug_line,"",%progbits
 905              	.Ldebug_line0:
 906 0000 F3010000 		.section	.debug_str,"MS",%progbits,1
 906      02009201 
 906      00000201 
 906      FB0E0D00 
 906      01010101 
 907              	.LASF9:
 908 0000 5F5F696E 		.ascii	"__int32_t\000"
 908      7433325F 
 908      7400
 909              	.LASF26:
 910 000a 6D6F746F 		.ascii	"motor_backward\000"
 910      725F6261 
 910      636B7761 
 910      726400
 911              	.LASF25:
 912 0019 725F7370 		.ascii	"r_speed\000"
 912      65656400 
 913              	.LASF30:
 914 0021 4D6F746F 		.ascii	"MotorDirRight_Write\000"
 914      72446972 
 914      52696768 
 914      745F5772 
 914      69746500 
 915              	.LASF11:
 916 0035 75696E74 		.ascii	"uint8\000"
 916      3800
 917              	.LASF10:
 918 003b 696E7433 		.ascii	"int32_t\000"
 918      325F7400 
 919              	.LASF13:
 920 0043 666C6F61 		.ascii	"float\000"
 920      7400
 921              	.LASF0:
 922 0049 7369676E 		.ascii	"signed char\000"
 922      65642063 
 922      68617200 
 923              	.LASF21:
 924 0055 64656C61 		.ascii	"delay\000"
 924      7900
 925              	.LASF1:
 926 005b 756E7369 		.ascii	"unsigned char\000"
 926      676E6564 
 926      20636861 
 926      7200
 927              	.LASF34:
 928 0069 474E5520 		.ascii	"GNU C11 5.4.1 20160609 (release) [ARM/embedded-5-br"
 928      43313120 
 928      352E342E 
 928      31203230 
ARM GAS  C:\Users\manuelfu\AppData\Local\Temp\ccq4OY8q.s 			page 19


 928      31363036 
 929 009c 616E6368 		.ascii	"anch revision 237715] -mcpu=cortex-m3 -mthumb -g -O"
 929      20726576 
 929      6973696F 
 929      6E203233 
 929      37373135 
 930 00cf 67202D66 		.ascii	"g -ffunction-sections -ffat-lto-objects\000"
 930      66756E63 
 930      74696F6E 
 930      2D736563 
 930      74696F6E 
 931              	.LASF5:
 932 00f7 6C6F6E67 		.ascii	"long unsigned int\000"
 932      20756E73 
 932      69676E65 
 932      6420696E 
 932      7400
 933              	.LASF29:
 934 0109 4D6F746F 		.ascii	"MotorDirLeft_Write\000"
 934      72446972 
 934      4C656674 
 934      5F577269 
 934      746500
 935              	.LASF37:
 936 011c 49544D5F 		.ascii	"ITM_RxBuffer\000"
 936      52784275 
 936      66666572 
 936      00
 937              	.LASF36:
 938 0129 433A5C55 		.ascii	"C:\\Users\\manuelfu\\Documents\\PSoC Creator\\zumo\\"
 938      73657273 
 938      5C6D616E 
 938      75656C66 
 938      755C446F 
 939 0157 5A756D6F 		.ascii	"ZumoBot.cydsn\000"
 939      426F742E 
 939      63796473 
 939      6E00
 940              	.LASF14:
 941 0165 646F7562 		.ascii	"double\000"
 941      6C6500
 942              	.LASF19:
 943 016c 6D6F746F 		.ascii	"motor_stop\000"
 943      725F7374 
 943      6F7000
 944              	.LASF35:
 945 0177 5A756D6F 		.ascii	"ZumoLibrary\\Motor.c\000"
 945      4C696272 
 945      6172795C 
 945      4D6F746F 
 945      722E6300 
 946              	.LASF12:
 947 018b 75696E74 		.ascii	"uint32\000"
 947      333200
 948              	.LASF8:
 949 0192 756E7369 		.ascii	"unsigned int\000"
 949      676E6564 
ARM GAS  C:\Users\manuelfu\AppData\Local\Temp\ccq4OY8q.s 			page 20


 949      20696E74 
 949      00
 950              	.LASF24:
 951 019f 6C5F7370 		.ascii	"l_speed\000"
 951      65656400 
 952              	.LASF7:
 953 01a7 6C6F6E67 		.ascii	"long long unsigned int\000"
 953      206C6F6E 
 953      6720756E 
 953      7369676E 
 953      65642069 
 954              	.LASF18:
 955 01be 6D6F746F 		.ascii	"motor_start\000"
 955      725F7374 
 955      61727400 
 956              	.LASF31:
 957 01ca 50574D5F 		.ascii	"PWM_WriteCompare1\000"
 957      57726974 
 957      65436F6D 
 957      70617265 
 957      3100
 958              	.LASF32:
 959 01dc 50574D5F 		.ascii	"PWM_WriteCompare2\000"
 959      57726974 
 959      65436F6D 
 959      70617265 
 959      3200
 960              	.LASF20:
 961 01ee 73706565 		.ascii	"speed\000"
 961      6400
 962              	.LASF17:
 963 01f4 73697A65 		.ascii	"sizetype\000"
 963      74797065 
 963      00
 964              	.LASF6:
 965 01fd 6C6F6E67 		.ascii	"long long int\000"
 965      206C6F6E 
 965      6720696E 
 965      7400
 966              	.LASF15:
 967 020b 63686172 		.ascii	"char\000"
 967      00
 968              	.LASF22:
 969 0210 6D6F746F 		.ascii	"motor_forward\000"
 969      725F666F 
 969      72776172 
 969      6400
 970              	.LASF2:
 971 021e 73686F72 		.ascii	"short int\000"
 971      7420696E 
 971      7400
 972              	.LASF27:
 973 0228 50574D5F 		.ascii	"PWM_Start\000"
 973      53746172 
 973      7400
 974              	.LASF28:
 975 0232 50574D5F 		.ascii	"PWM_Stop\000"
ARM GAS  C:\Users\manuelfu\AppData\Local\Temp\ccq4OY8q.s 			page 21


 975      53746F70 
 975      00
 976              	.LASF4:
 977 023b 6C6F6E67 		.ascii	"long int\000"
 977      20696E74 
 977      00
 978              	.LASF16:
 979 0244 6C6F6E67 		.ascii	"long double\000"
 979      20646F75 
 979      626C6500 
 980              	.LASF23:
 981 0250 6D6F746F 		.ascii	"motor_turn\000"
 981      725F7475 
 981      726E00
 982              	.LASF3:
 983 025b 73686F72 		.ascii	"short unsigned int\000"
 983      7420756E 
 983      7369676E 
 983      65642069 
 983      6E7400
 984              	.LASF33:
 985 026e 43794465 		.ascii	"CyDelay\000"
 985      6C617900 
 986              		.ident	"GCC: (GNU Tools for ARM Embedded Processors) 5.4.1 20160609 (release) [ARM/embedded-5-bran
