ARM GAS  C:\Users\manuelfu\AppData\Local\Temp\ccgNyvzu.s 			page 1


   1              		.syntax unified
   2              		.cpu cortex-m3
   3              		.fpu softvfp
   4              		.eabi_attribute 20, 1
   5              		.eabi_attribute 21, 1
   6              		.eabi_attribute 23, 3
   7              		.eabi_attribute 24, 1
   8              		.eabi_attribute 25, 1
   9              		.eabi_attribute 26, 1
  10              		.eabi_attribute 30, 1
  11              		.eabi_attribute 34, 1
  12              		.eabi_attribute 18, 4
  13              		.thumb
  14              		.syntax unified
  15              		.file	"Ultra.c"
  16              		.text
  17              	.Ltext0:
  18              		.cfi_sections	.debug_frame
  19              		.section	.text.ultra_isr_handler,"ax",%progbits
  20              		.align	2
  21              		.global	ultra_isr_handler
  22              		.thumb
  23              		.thumb_func
  24              		.type	ultra_isr_handler, %function
  25              	ultra_isr_handler:
  26              	.LFB64:
  27              		.file 1 "ZumoLibrary\\Ultra.c"
   1:ZumoLibrary/Ultra.c **** /**
   2:ZumoLibrary/Ultra.c ****  * @file    Ultra.c
   3:ZumoLibrary/Ultra.c ****  * @brief   Basic methods for operating ultrasonic sensor. For more details, please refer to Ultra.
   4:ZumoLibrary/Ultra.c ****  * @details part number: HC-SR04
   5:ZumoLibrary/Ultra.c **** */
   6:ZumoLibrary/Ultra.c **** 
   7:ZumoLibrary/Ultra.c **** #include "project.h"
   8:ZumoLibrary/Ultra.c **** #include <stdint.h>
   9:ZumoLibrary/Ultra.c **** #include <stdbool.h>
  10:ZumoLibrary/Ultra.c **** 
  11:ZumoLibrary/Ultra.c **** #include "Ultra.h"
  12:ZumoLibrary/Ultra.c **** #include "Systick.h"
  13:ZumoLibrary/Ultra.c **** 
  14:ZumoLibrary/Ultra.c **** static volatile bool ultra_init = false;
  15:ZumoLibrary/Ultra.c **** static volatile int distance;
  16:ZumoLibrary/Ultra.c **** 
  17:ZumoLibrary/Ultra.c **** 
  18:ZumoLibrary/Ultra.c **** /**
  19:ZumoLibrary/Ultra.c **** * @brief    Ultrasonic handler - called from systick ISR
  20:ZumoLibrary/Ultra.c **** * @details  Counts ticks to next activation
  21:ZumoLibrary/Ultra.c **** */
  22:ZumoLibrary/Ultra.c **** void ultrasonic_handler(void)
  23:ZumoLibrary/Ultra.c **** {
  24:ZumoLibrary/Ultra.c ****     if(!ultra_init) return;
  25:ZumoLibrary/Ultra.c **** 
  26:ZumoLibrary/Ultra.c ****     static int cnt;
  27:ZumoLibrary/Ultra.c **** 
  28:ZumoLibrary/Ultra.c ****     cnt++;
  29:ZumoLibrary/Ultra.c ****   
  30:ZumoLibrary/Ultra.c ****     if(cnt == 1) {
ARM GAS  C:\Users\manuelfu\AppData\Local\Temp\ccgNyvzu.s 			page 2


  31:ZumoLibrary/Ultra.c ****         Trig_Write(0); // Trigger Low
  32:ZumoLibrary/Ultra.c ****     }
  33:ZumoLibrary/Ultra.c ****     
  34:ZumoLibrary/Ultra.c ****     // try to trigger every 25 ms
  35:ZumoLibrary/Ultra.c ****     if(cnt >= 25) {
  36:ZumoLibrary/Ultra.c ****         cnt = 0;  
  37:ZumoLibrary/Ultra.c ****         // Trigger High only if echo pulse is not active
  38:ZumoLibrary/Ultra.c ****         if(Echo_Read() == 0) Trig_Write(1);
  39:ZumoLibrary/Ultra.c ****     }
  40:ZumoLibrary/Ultra.c **** }
  41:ZumoLibrary/Ultra.c **** 
  42:ZumoLibrary/Ultra.c **** 
  43:ZumoLibrary/Ultra.c **** /**
  44:ZumoLibrary/Ultra.c **** * @brief    Ultra Sonic Sensor Interrupt Handler
  45:ZumoLibrary/Ultra.c **** * @details  Measuring reflecting time to decide distance between Zumobot and obstacle
  46:ZumoLibrary/Ultra.c **** */
  47:ZumoLibrary/Ultra.c **** CY_ISR(ultra_isr_handler)
  48:ZumoLibrary/Ultra.c **** {
  28              		.loc 1 48 0
  29              		.cfi_startproc
  30              		@ args = 0, pretend = 0, frame = 0
  31              		@ frame_needed = 0, uses_anonymous_args = 0
  32 0000 70B5     		push	{r4, r5, r6, lr}
  33              		.cfi_def_cfa_offset 16
  34              		.cfi_offset 4, -16
  35              		.cfi_offset 5, -12
  36              		.cfi_offset 6, -8
  37              		.cfi_offset 14, -4
  38              	.L7:
  49:ZumoLibrary/Ultra.c ****     static uint16_t prev;
  50:ZumoLibrary/Ultra.c ****     static uint32_t ovf;
  51:ZumoLibrary/Ultra.c ****     static int echo;
  52:ZumoLibrary/Ultra.c ****     uint16_t now;
  53:ZumoLibrary/Ultra.c ****     uint32_t status;
  54:ZumoLibrary/Ultra.c ****     do {
  55:ZumoLibrary/Ultra.c ****         status = Timer_ReadStatusRegister();
  39              		.loc 1 55 0
  40 0002 FFF7FEFF 		bl	Timer_ReadStatusRegister
  41              	.LVL0:
  42 0006 0446     		mov	r4, r0
  43              	.LVL1:
  44 0008 00F00803 		and	r3, r0, #8
  56:ZumoLibrary/Ultra.c ****         if(status & Timer_STATUS_FIFONEMP) {
  45              		.loc 1 56 0
  46 000c 03F0FF05 		and	r5, r3, #255
  47 0010 0BB3     		cbz	r3, .L2
  57:ZumoLibrary/Ultra.c ****             now = Timer_ReadCapture();
  48              		.loc 1 57 0
  49 0012 FFF7FEFF 		bl	Timer_ReadCapture
  50              	.LVL2:
  51 0016 0646     		mov	r6, r0
  52              	.LVL3:
  58:ZumoLibrary/Ultra.c ****             if(Echo_Read() == 0) {
  53              		.loc 1 58 0
  54 0018 FFF7FEFF 		bl	Echo_Read
  55              	.LVL4:
  56 001c A0B9     		cbnz	r0, .L3
ARM GAS  C:\Users\manuelfu\AppData\Local\Temp\ccgNyvzu.s 			page 3


  57              	.LBB2:
  59:ZumoLibrary/Ultra.c ****                 uint16_t time = prev - now;
  58              		.loc 1 59 0
  59 001e 134A     		ldr	r2, .L9
  60 0020 1388     		ldrh	r3, [r2]
  61 0022 9B1B     		subs	r3, r3, r6
  62 0024 9BB2     		uxth	r3, r3
  63              	.LVL5:
  60:ZumoLibrary/Ultra.c ****                 if(echo == 1 && ovf <= 1) {
  64              		.loc 1 60 0
  65 0026 5268     		ldr	r2, [r2, #4]
  66 0028 012A     		cmp	r2, #1
  67 002a 09D1     		bne	.L4
  68              		.loc 1 60 0 is_stmt 0 discriminator 1
  69 002c 0F4A     		ldr	r2, .L9
  70 002e 9268     		ldr	r2, [r2, #8]
  71 0030 012A     		cmp	r2, #1
  72 0032 05D8     		bhi	.L4
  61:ZumoLibrary/Ultra.c ****                     distance = time / 58;
  73              		.loc 1 61 0 is_stmt 1
  74 0034 0E4A     		ldr	r2, .L9+4
  75 0036 A2FB0323 		umull	r2, r3, r2, r3
  76              	.LVL6:
  77 003a 5B09     		lsrs	r3, r3, #5
  78 003c 0B4A     		ldr	r2, .L9
  79 003e D360     		str	r3, [r2, #12]
  80              	.L4:
  62:ZumoLibrary/Ultra.c ****                 }
  63:ZumoLibrary/Ultra.c ****                 echo = 0;
  81              		.loc 1 63 0
  82 0040 0022     		movs	r2, #0
  83 0042 0A4B     		ldr	r3, .L9
  84 0044 5A60     		str	r2, [r3, #4]
  85              	.LBE2:
  86 0046 02E0     		b	.L5
  87              	.LVL7:
  88              	.L3:
  64:ZumoLibrary/Ultra.c **** #if 0                
  65:ZumoLibrary/Ultra.c ****                 // for visual debugging of overly long pulse
  66:ZumoLibrary/Ultra.c ****                 if(ovf > 1) {
  67:ZumoLibrary/Ultra.c ****                     BatteryLed_Write(!BatteryLed_Read());
  68:ZumoLibrary/Ultra.c ****                 }
  69:ZumoLibrary/Ultra.c **** #endif                
  70:ZumoLibrary/Ultra.c ****             }
  71:ZumoLibrary/Ultra.c ****             else {
  72:ZumoLibrary/Ultra.c ****                 echo = 1;
  89              		.loc 1 72 0
  90 0048 0122     		movs	r2, #1
  91 004a 084B     		ldr	r3, .L9
  92 004c 5A60     		str	r2, [r3, #4]
  93              	.L5:
  73:ZumoLibrary/Ultra.c ****             }
  74:ZumoLibrary/Ultra.c ****             prev = now;
  94              		.loc 1 74 0
  95 004e 074B     		ldr	r3, .L9
  96 0050 1E80     		strh	r6, [r3]	@ movhi
  75:ZumoLibrary/Ultra.c ****             ovf = 0;
ARM GAS  C:\Users\manuelfu\AppData\Local\Temp\ccgNyvzu.s 			page 4


  97              		.loc 1 75 0
  98 0052 0022     		movs	r2, #0
  99 0054 9A60     		str	r2, [r3, #8]
 100              	.LVL8:
 101              	.L2:
  76:ZumoLibrary/Ultra.c ****         }
  77:ZumoLibrary/Ultra.c ****         if(status & Timer_STATUS_TC) {
 102              		.loc 1 77 0
 103 0056 14F0010F 		tst	r4, #1
 104 005a 03D0     		beq	.L6
  78:ZumoLibrary/Ultra.c ****             ++ovf; // used to count overly long pulses
 105              		.loc 1 78 0
 106 005c 034A     		ldr	r2, .L9
 107 005e 9368     		ldr	r3, [r2, #8]
 108 0060 0133     		adds	r3, r3, #1
 109 0062 9360     		str	r3, [r2, #8]
 110              	.L6:
  79:ZumoLibrary/Ultra.c ****         }
  80:ZumoLibrary/Ultra.c ****     } while(status & Timer_STATUS_FIFONEMP);
 111              		.loc 1 80 0
 112 0064 002D     		cmp	r5, #0
 113 0066 CCD1     		bne	.L7
  81:ZumoLibrary/Ultra.c **** }
 114              		.loc 1 81 0
 115 0068 70BD     		pop	{r4, r5, r6, pc}
 116              	.L10:
 117 006a 00BF     		.align	2
 118              	.L9:
 119 006c 00000000 		.word	.LANCHOR0
 120 0070 09CB3D8D 		.word	-1925330167
 121              		.cfi_endproc
 122              	.LFE64:
 123              		.size	ultra_isr_handler, .-ultra_isr_handler
 124              		.section	.text.ultrasonic_handler,"ax",%progbits
 125              		.align	2
 126              		.global	ultrasonic_handler
 127              		.thumb
 128              		.thumb_func
 129              		.type	ultrasonic_handler, %function
 130              	ultrasonic_handler:
 131              	.LFB63:
  23:ZumoLibrary/Ultra.c ****     if(!ultra_init) return;
 132              		.loc 1 23 0
 133              		.cfi_startproc
 134              		@ args = 0, pretend = 0, frame = 0
 135              		@ frame_needed = 0, uses_anonymous_args = 0
 136 0000 08B5     		push	{r3, lr}
 137              		.cfi_def_cfa_offset 8
 138              		.cfi_offset 3, -8
 139              		.cfi_offset 14, -4
  24:ZumoLibrary/Ultra.c **** 
 140              		.loc 1 24 0
 141 0002 0E4B     		ldr	r3, .L15
 142 0004 1B7C     		ldrb	r3, [r3, #16]	@ zero_extendqisi2
 143 0006 13F0FF0F 		tst	r3, #255
 144 000a 15D0     		beq	.L11
  28:ZumoLibrary/Ultra.c ****   
ARM GAS  C:\Users\manuelfu\AppData\Local\Temp\ccgNyvzu.s 			page 5


 145              		.loc 1 28 0
 146 000c 0B4A     		ldr	r2, .L15
 147 000e 5369     		ldr	r3, [r2, #20]
 148 0010 0133     		adds	r3, r3, #1
 149 0012 5361     		str	r3, [r2, #20]
  30:ZumoLibrary/Ultra.c ****         Trig_Write(0); // Trigger Low
 150              		.loc 1 30 0
 151 0014 012B     		cmp	r3, #1
 152 0016 02D1     		bne	.L13
  31:ZumoLibrary/Ultra.c ****     }
 153              		.loc 1 31 0
 154 0018 0020     		movs	r0, #0
 155 001a FFF7FEFF 		bl	Trig_Write
 156              	.LVL9:
 157              	.L13:
  35:ZumoLibrary/Ultra.c ****         cnt = 0;  
 158              		.loc 1 35 0
 159 001e 074B     		ldr	r3, .L15
 160 0020 5B69     		ldr	r3, [r3, #20]
 161 0022 182B     		cmp	r3, #24
 162 0024 08DD     		ble	.L11
  36:ZumoLibrary/Ultra.c ****         // Trigger High only if echo pulse is not active
 163              		.loc 1 36 0
 164 0026 0022     		movs	r2, #0
 165 0028 044B     		ldr	r3, .L15
 166 002a 5A61     		str	r2, [r3, #20]
  38:ZumoLibrary/Ultra.c ****     }
 167              		.loc 1 38 0
 168 002c FFF7FEFF 		bl	Echo_Read
 169              	.LVL10:
 170 0030 10B9     		cbnz	r0, .L11
  38:ZumoLibrary/Ultra.c ****     }
 171              		.loc 1 38 0 is_stmt 0 discriminator 1
 172 0032 0120     		movs	r0, #1
 173 0034 FFF7FEFF 		bl	Trig_Write
 174              	.LVL11:
 175              	.L11:
 176 0038 08BD     		pop	{r3, pc}
 177              	.L16:
 178 003a 00BF     		.align	2
 179              	.L15:
 180 003c 00000000 		.word	.LANCHOR0
 181              		.cfi_endproc
 182              	.LFE63:
 183              		.size	ultrasonic_handler, .-ultrasonic_handler
 184              		.section	.text.Ultra_Start,"ax",%progbits
 185              		.align	2
 186              		.global	Ultra_Start
 187              		.thumb
 188              		.thumb_func
 189              		.type	Ultra_Start, %function
 190              	Ultra_Start:
 191              	.LFB65:
  82:ZumoLibrary/Ultra.c **** 
  83:ZumoLibrary/Ultra.c **** 
  84:ZumoLibrary/Ultra.c **** /**
  85:ZumoLibrary/Ultra.c **** * @brief    Starting Ultra Sonic Sensor
ARM GAS  C:\Users\manuelfu\AppData\Local\Temp\ccgNyvzu.s 			page 6


  86:ZumoLibrary/Ultra.c **** * @details  
  87:ZumoLibrary/Ultra.c **** */
  88:ZumoLibrary/Ultra.c **** void Ultra_Start()
  89:ZumoLibrary/Ultra.c **** {
 192              		.loc 1 89 0 is_stmt 1
 193              		.cfi_startproc
 194              		@ args = 0, pretend = 0, frame = 0
 195              		@ frame_needed = 0, uses_anonymous_args = 0
 196 0000 08B5     		push	{r3, lr}
 197              		.cfi_def_cfa_offset 8
 198              		.cfi_offset 3, -8
 199              		.cfi_offset 14, -4
  90:ZumoLibrary/Ultra.c ****     ultra_isr_StartEx(ultra_isr_handler);               // Start ultra sonic interrupt
 200              		.loc 1 90 0
 201 0002 0548     		ldr	r0, .L19
 202 0004 FFF7FEFF 		bl	ultra_isr_StartEx
 203              	.LVL12:
  91:ZumoLibrary/Ultra.c ****     Timer_Start();                                      // Start Timer
 204              		.loc 1 91 0
 205 0008 FFF7FEFF 		bl	Timer_Start
 206              	.LVL13:
  92:ZumoLibrary/Ultra.c ****     ultra_init = true;
 207              		.loc 1 92 0
 208 000c 0122     		movs	r2, #1
 209 000e 034B     		ldr	r3, .L19+4
 210 0010 1A74     		strb	r2, [r3, #16]
  93:ZumoLibrary/Ultra.c ****     Systick_Start();
 211              		.loc 1 93 0
 212 0012 FFF7FEFF 		bl	Systick_Start
 213              	.LVL14:
 214 0016 08BD     		pop	{r3, pc}
 215              	.L20:
 216              		.align	2
 217              	.L19:
 218 0018 00000000 		.word	ultra_isr_handler
 219 001c 00000000 		.word	.LANCHOR0
 220              		.cfi_endproc
 221              	.LFE65:
 222              		.size	Ultra_Start, .-Ultra_Start
 223              		.section	.text.Ultra_GetDistance,"ax",%progbits
 224              		.align	2
 225              		.global	Ultra_GetDistance
 226              		.thumb
 227              		.thumb_func
 228              		.type	Ultra_GetDistance, %function
 229              	Ultra_GetDistance:
 230              	.LFB66:
  94:ZumoLibrary/Ultra.c **** }
  95:ZumoLibrary/Ultra.c **** 
  96:ZumoLibrary/Ultra.c **** int Ultra_GetDistance(void)
  97:ZumoLibrary/Ultra.c **** {
 231              		.loc 1 97 0
 232              		.cfi_startproc
 233              		@ args = 0, pretend = 0, frame = 0
 234              		@ frame_needed = 0, uses_anonymous_args = 0
 235              		@ link register save eliminated.
  98:ZumoLibrary/Ultra.c ****     return distance;       
ARM GAS  C:\Users\manuelfu\AppData\Local\Temp\ccgNyvzu.s 			page 7


 236              		.loc 1 98 0
 237 0000 014B     		ldr	r3, .L22
 238 0002 D868     		ldr	r0, [r3, #12]
  99:ZumoLibrary/Ultra.c **** }    
 239              		.loc 1 99 0
 240 0004 7047     		bx	lr
 241              	.L23:
 242 0006 00BF     		.align	2
 243              	.L22:
 244 0008 00000000 		.word	.LANCHOR0
 245              		.cfi_endproc
 246              	.LFE66:
 247              		.size	Ultra_GetDistance, .-Ultra_GetDistance
 248              		.bss
 249              		.align	2
 250              		.set	.LANCHOR0,. + 0
 251              		.type	prev.6805, %object
 252              		.size	prev.6805, 2
 253              	prev.6805:
 254 0000 0000     		.space	2
 255 0002 0000     		.space	2
 256              		.type	echo.6807, %object
 257              		.size	echo.6807, 4
 258              	echo.6807:
 259 0004 00000000 		.space	4
 260              		.type	ovf.6806, %object
 261              		.size	ovf.6806, 4
 262              	ovf.6806:
 263 0008 00000000 		.space	4
 264              		.type	distance, %object
 265              		.size	distance, 4
 266              	distance:
 267 000c 00000000 		.space	4
 268              		.type	ultra_init, %object
 269              		.size	ultra_init, 1
 270              	ultra_init:
 271 0010 00       		.space	1
 272 0011 000000   		.space	3
 273              		.type	cnt.6801, %object
 274              		.size	cnt.6801, 4
 275              	cnt.6801:
 276 0014 00000000 		.space	4
 277              		.text
 278              	.Letext0:
 279              		.file 2 "c:\\program files (x86)\\cypress\\psoc creator\\4.2\\psoc creator\\import\\gnu\\arm\\5.4.
 280              		.file 3 "c:\\program files (x86)\\cypress\\psoc creator\\4.2\\psoc creator\\import\\gnu\\arm\\5.4.
 281              		.file 4 "Generated_Source\\PSoC5/cytypes.h"
 282              		.file 5 "Generated_Source\\PSoC5/Timer.h"
 283              		.file 6 "Generated_Source\\PSoC5/Echo.h"
 284              		.file 7 "Generated_Source\\PSoC5/Trig.h"
 285              		.file 8 "Generated_Source\\PSoC5/ultra_isr.h"
 286              		.file 9 "ZumoLibrary\\Systick.h"
 287              		.file 10 "Generated_Source\\PSoC5/core_cm3.h"
 288              		.section	.debug_info,"",%progbits
 289              	.Ldebug_info0:
 290 0000 AF020000 		.4byte	0x2af
 291 0004 0400     		.2byte	0x4
ARM GAS  C:\Users\manuelfu\AppData\Local\Temp\ccgNyvzu.s 			page 8


 292 0006 00000000 		.4byte	.Ldebug_abbrev0
 293 000a 04       		.byte	0x4
 294 000b 01       		.uleb128 0x1
 295 000c 84000000 		.4byte	.LASF37
 296 0010 0C       		.byte	0xc
 297 0011 7F020000 		.4byte	.LASF38
 298 0015 62010000 		.4byte	.LASF39
 299 0019 00000000 		.4byte	.Ldebug_ranges0+0
 300 001d 00000000 		.4byte	0
 301 0021 00000000 		.4byte	.Ldebug_line0
 302 0025 02       		.uleb128 0x2
 303 0026 01       		.byte	0x1
 304 0027 06       		.byte	0x6
 305 0028 73020000 		.4byte	.LASF0
 306 002c 02       		.uleb128 0x2
 307 002d 01       		.byte	0x1
 308 002e 08       		.byte	0x8
 309 002f 76000000 		.4byte	.LASF1
 310 0033 02       		.uleb128 0x2
 311 0034 02       		.byte	0x2
 312 0035 05       		.byte	0x5
 313 0036 B0010000 		.4byte	.LASF2
 314 003a 03       		.uleb128 0x3
 315 003b 9E010000 		.4byte	.LASF4
 316 003f 02       		.byte	0x2
 317 0040 2B       		.byte	0x2b
 318 0041 45000000 		.4byte	0x45
 319 0045 02       		.uleb128 0x2
 320 0046 02       		.byte	0x2
 321 0047 07       		.byte	0x7
 322 0048 2F010000 		.4byte	.LASF3
 323 004c 03       		.uleb128 0x3
 324 004d 20000000 		.4byte	.LASF5
 325 0051 02       		.byte	0x2
 326 0052 3F       		.byte	0x3f
 327 0053 57000000 		.4byte	0x57
 328 0057 02       		.uleb128 0x2
 329 0058 04       		.byte	0x4
 330 0059 05       		.byte	0x5
 331 005a 5E020000 		.4byte	.LASF6
 332 005e 03       		.uleb128 0x3
 333 005f 12010000 		.4byte	.LASF7
 334 0063 02       		.byte	0x2
 335 0064 41       		.byte	0x41
 336 0065 69000000 		.4byte	0x69
 337 0069 02       		.uleb128 0x2
 338 006a 04       		.byte	0x4
 339 006b 07       		.byte	0x7
 340 006c 1D010000 		.4byte	.LASF8
 341 0070 02       		.uleb128 0x2
 342 0071 08       		.byte	0x8
 343 0072 05       		.byte	0x5
 344 0073 00000000 		.4byte	.LASF9
 345 0077 02       		.uleb128 0x2
 346 0078 08       		.byte	0x8
 347 0079 07       		.byte	0x7
 348 007a DD010000 		.4byte	.LASF10
ARM GAS  C:\Users\manuelfu\AppData\Local\Temp\ccgNyvzu.s 			page 9


 349 007e 04       		.uleb128 0x4
 350 007f 04       		.byte	0x4
 351 0080 05       		.byte	0x5
 352 0081 696E7400 		.ascii	"int\000"
 353 0085 02       		.uleb128 0x2
 354 0086 04       		.byte	0x4
 355 0087 07       		.byte	0x7
 356 0088 C6010000 		.4byte	.LASF11
 357 008c 03       		.uleb128 0x3
 358 008d 2C020000 		.4byte	.LASF12
 359 0091 03       		.byte	0x3
 360 0092 24       		.byte	0x24
 361 0093 3A000000 		.4byte	0x3a
 362 0097 03       		.uleb128 0x3
 363 0098 F9010000 		.4byte	.LASF13
 364 009c 03       		.byte	0x3
 365 009d 2C       		.byte	0x2c
 366 009e 4C000000 		.4byte	0x4c
 367 00a2 03       		.uleb128 0x3
 368 00a3 55020000 		.4byte	.LASF14
 369 00a7 03       		.byte	0x3
 370 00a8 30       		.byte	0x30
 371 00a9 5E000000 		.4byte	0x5e
 372 00ad 05       		.uleb128 0x5
 373 00ae 64000000 		.4byte	.LASF15
 374 00b2 04       		.byte	0x4
 375 00b3 E401     		.2byte	0x1e4
 376 00b5 2C000000 		.4byte	0x2c
 377 00b9 02       		.uleb128 0x2
 378 00ba 04       		.byte	0x4
 379 00bb 04       		.byte	0x4
 380 00bc 5E000000 		.4byte	.LASF16
 381 00c0 02       		.uleb128 0x2
 382 00c1 08       		.byte	0x8
 383 00c2 04       		.byte	0x4
 384 00c3 A9010000 		.4byte	.LASF17
 385 00c7 02       		.uleb128 0x2
 386 00c8 01       		.byte	0x1
 387 00c9 08       		.byte	0x8
 388 00ca 1C020000 		.4byte	.LASF18
 389 00ce 02       		.uleb128 0x2
 390 00cf 08       		.byte	0x8
 391 00d0 04       		.byte	0x4
 392 00d1 67020000 		.4byte	.LASF19
 393 00d5 02       		.uleb128 0x2
 394 00d6 04       		.byte	0x4
 395 00d7 07       		.byte	0x7
 396 00d8 01020000 		.4byte	.LASF20
 397 00dc 06       		.uleb128 0x6
 398 00dd 0E000000 		.4byte	.LASF25
 399 00e1 01       		.byte	0x1
 400 00e2 2F       		.byte	0x2f
 401 00e3 00000000 		.4byte	.LFB64
 402 00e7 74000000 		.4byte	.LFE64-.LFB64
 403 00eb 01       		.uleb128 0x1
 404 00ec 9C       		.byte	0x9c
 405 00ed 7B010000 		.4byte	0x17b
ARM GAS  C:\Users\manuelfu\AppData\Local\Temp\ccgNyvzu.s 			page 10


 406 00f1 07       		.uleb128 0x7
 407 00f2 B0020000 		.4byte	.LASF21
 408 00f6 01       		.byte	0x1
 409 00f7 31       		.byte	0x31
 410 00f8 8C000000 		.4byte	0x8c
 411 00fc 05       		.uleb128 0x5
 412 00fd 03       		.byte	0x3
 413 00fe 00000000 		.4byte	prev.6805
 414 0102 08       		.uleb128 0x8
 415 0103 6F766600 		.ascii	"ovf\000"
 416 0107 01       		.byte	0x1
 417 0108 32       		.byte	0x32
 418 0109 A2000000 		.4byte	0xa2
 419 010d 05       		.uleb128 0x5
 420 010e 03       		.byte	0x3
 421 010f 08000000 		.4byte	ovf.6806
 422 0113 07       		.uleb128 0x7
 423 0114 AB020000 		.4byte	.LASF22
 424 0118 01       		.byte	0x1
 425 0119 33       		.byte	0x33
 426 011a 7E000000 		.4byte	0x7e
 427 011e 05       		.uleb128 0x5
 428 011f 03       		.byte	0x3
 429 0120 04000000 		.4byte	echo.6807
 430 0124 09       		.uleb128 0x9
 431 0125 6E6F7700 		.ascii	"now\000"
 432 0129 01       		.byte	0x1
 433 012a 34       		.byte	0x34
 434 012b 8C000000 		.4byte	0x8c
 435 012f 00000000 		.4byte	.LLST0
 436 0133 0A       		.uleb128 0xa
 437 0134 4E000000 		.4byte	.LASF23
 438 0138 01       		.byte	0x1
 439 0139 35       		.byte	0x35
 440 013a A2000000 		.4byte	0xa2
 441 013e 13000000 		.4byte	.LLST1
 442 0142 0B       		.uleb128 0xb
 443 0143 1E000000 		.4byte	.LBB2
 444 0147 28000000 		.4byte	.LBE2-.LBB2
 445 014b 5F010000 		.4byte	0x15f
 446 014f 0A       		.uleb128 0xa
 447 0150 F4010000 		.4byte	.LASF24
 448 0154 01       		.byte	0x1
 449 0155 3B       		.byte	0x3b
 450 0156 8C000000 		.4byte	0x8c
 451 015a 2B000000 		.4byte	.LLST2
 452 015e 00       		.byte	0
 453 015f 0C       		.uleb128 0xc
 454 0160 06000000 		.4byte	.LVL0
 455 0164 65020000 		.4byte	0x265
 456 0168 0C       		.uleb128 0xc
 457 0169 16000000 		.4byte	.LVL2
 458 016d 70020000 		.4byte	0x270
 459 0171 0C       		.uleb128 0xc
 460 0172 1C000000 		.4byte	.LVL4
 461 0176 7B020000 		.4byte	0x27b
 462 017a 00       		.byte	0
ARM GAS  C:\Users\manuelfu\AppData\Local\Temp\ccgNyvzu.s 			page 11


 463 017b 06       		.uleb128 0x6
 464 017c 42010000 		.4byte	.LASF26
 465 0180 01       		.byte	0x1
 466 0181 16       		.byte	0x16
 467 0182 00000000 		.4byte	.LFB63
 468 0186 40000000 		.4byte	.LFE63-.LFB63
 469 018a 01       		.uleb128 0x1
 470 018b 9C       		.byte	0x9c
 471 018c CD010000 		.4byte	0x1cd
 472 0190 08       		.uleb128 0x8
 473 0191 636E7400 		.ascii	"cnt\000"
 474 0195 01       		.byte	0x1
 475 0196 1A       		.byte	0x1a
 476 0197 7E000000 		.4byte	0x7e
 477 019b 05       		.uleb128 0x5
 478 019c 03       		.byte	0x3
 479 019d 14000000 		.4byte	cnt.6801
 480 01a1 0D       		.uleb128 0xd
 481 01a2 1E000000 		.4byte	.LVL9
 482 01a6 86020000 		.4byte	0x286
 483 01aa B4010000 		.4byte	0x1b4
 484 01ae 0E       		.uleb128 0xe
 485 01af 01       		.uleb128 0x1
 486 01b0 50       		.byte	0x50
 487 01b1 01       		.uleb128 0x1
 488 01b2 30       		.byte	0x30
 489 01b3 00       		.byte	0
 490 01b4 0C       		.uleb128 0xc
 491 01b5 30000000 		.4byte	.LVL10
 492 01b9 7B020000 		.4byte	0x27b
 493 01bd 0F       		.uleb128 0xf
 494 01be 38000000 		.4byte	.LVL11
 495 01c2 86020000 		.4byte	0x286
 496 01c6 0E       		.uleb128 0xe
 497 01c7 01       		.uleb128 0x1
 498 01c8 50       		.byte	0x50
 499 01c9 01       		.uleb128 0x1
 500 01ca 31       		.byte	0x31
 501 01cb 00       		.byte	0
 502 01cc 00       		.byte	0
 503 01cd 10       		.uleb128 0x10
 504 01ce BA010000 		.4byte	.LASF40
 505 01d2 01       		.byte	0x1
 506 01d3 58       		.byte	0x58
 507 01d4 00000000 		.4byte	.LFB65
 508 01d8 20000000 		.4byte	.LFE65-.LFB65
 509 01dc 01       		.uleb128 0x1
 510 01dd 9C       		.byte	0x9c
 511 01de 0C020000 		.4byte	0x20c
 512 01e2 0D       		.uleb128 0xd
 513 01e3 08000000 		.4byte	.LVL12
 514 01e7 91020000 		.4byte	0x291
 515 01eb F9010000 		.4byte	0x1f9
 516 01ef 0E       		.uleb128 0xe
 517 01f0 01       		.uleb128 0x1
 518 01f1 50       		.byte	0x50
 519 01f2 05       		.uleb128 0x5
ARM GAS  C:\Users\manuelfu\AppData\Local\Temp\ccgNyvzu.s 			page 12


 520 01f3 03       		.byte	0x3
 521 01f4 00000000 		.4byte	ultra_isr_handler
 522 01f8 00       		.byte	0
 523 01f9 0C       		.uleb128 0xc
 524 01fa 0C000000 		.4byte	.LVL13
 525 01fe 9C020000 		.4byte	0x29c
 526 0202 0C       		.uleb128 0xc
 527 0203 16000000 		.4byte	.LVL14
 528 0207 A7020000 		.4byte	0x2a7
 529 020b 00       		.byte	0
 530 020c 11       		.uleb128 0x11
 531 020d 93020000 		.4byte	.LASF41
 532 0211 01       		.byte	0x1
 533 0212 60       		.byte	0x60
 534 0213 7E000000 		.4byte	0x7e
 535 0217 00000000 		.4byte	.LFB66
 536 021b 0C000000 		.4byte	.LFE66-.LFB66
 537 021f 01       		.uleb128 0x1
 538 0220 9C       		.byte	0x9c
 539 0221 07       		.uleb128 0x7
 540 0222 21020000 		.4byte	.LASF27
 541 0226 01       		.byte	0x1
 542 0227 0E       		.byte	0xe
 543 0228 39020000 		.4byte	0x239
 544 022c 05       		.uleb128 0x5
 545 022d 03       		.byte	0x3
 546 022e 10000000 		.4byte	ultra_init
 547 0232 02       		.uleb128 0x2
 548 0233 01       		.byte	0x1
 549 0234 02       		.byte	0x2
 550 0235 A5020000 		.4byte	.LASF28
 551 0239 12       		.uleb128 0x12
 552 023a 32020000 		.4byte	0x232
 553 023e 07       		.uleb128 0x7
 554 023f 55000000 		.4byte	.LASF29
 555 0243 01       		.byte	0x1
 556 0244 0F       		.byte	0xf
 557 0245 4F020000 		.4byte	0x24f
 558 0249 05       		.uleb128 0x5
 559 024a 03       		.byte	0x3
 560 024b 0C000000 		.4byte	distance
 561 024f 12       		.uleb128 0x12
 562 0250 7E000000 		.4byte	0x7e
 563 0254 13       		.uleb128 0x13
 564 0255 55010000 		.4byte	.LASF42
 565 0259 0A       		.byte	0xa
 566 025a 1207     		.2byte	0x712
 567 025c 60020000 		.4byte	0x260
 568 0260 12       		.uleb128 0x12
 569 0261 97000000 		.4byte	0x97
 570 0265 14       		.uleb128 0x14
 571 0266 2A000000 		.4byte	.LASF30
 572 026a 2A000000 		.4byte	.LASF30
 573 026e 05       		.byte	0x5
 574 026f 5E       		.byte	0x5e
 575 0270 14       		.uleb128 0x14
 576 0271 35020000 		.4byte	.LASF31
ARM GAS  C:\Users\manuelfu\AppData\Local\Temp\ccgNyvzu.s 			page 13


 577 0275 35020000 		.4byte	.LASF31
 578 0279 05       		.byte	0x5
 579 027a 6B       		.byte	0x6b
 580 027b 14       		.uleb128 0x14
 581 027c D3010000 		.4byte	.LASF32
 582 0280 D3010000 		.4byte	.LASF32
 583 0284 06       		.byte	0x6
 584 0285 29       		.byte	0x29
 585 0286 14       		.uleb128 0x14
 586 0287 43000000 		.4byte	.LASF33
 587 028b 43000000 		.4byte	.LASF33
 588 028f 07       		.byte	0x7
 589 0290 26       		.byte	0x26
 590 0291 14       		.uleb128 0x14
 591 0292 0A020000 		.4byte	.LASF34
 592 0296 0A020000 		.4byte	.LASF34
 593 029a 08       		.byte	0x8
 594 029b 18       		.byte	0x18
 595 029c 14       		.uleb128 0x14
 596 029d 6A000000 		.4byte	.LASF35
 597 02a1 6A000000 		.4byte	.LASF35
 598 02a5 05       		.byte	0x5
 599 02a6 5A       		.byte	0x5a
 600 02a7 14       		.uleb128 0x14
 601 02a8 47020000 		.4byte	.LASF36
 602 02ac 47020000 		.4byte	.LASF36
 603 02b0 09       		.byte	0x9
 604 02b1 07       		.byte	0x7
 605 02b2 00       		.byte	0
 606              		.section	.debug_abbrev,"",%progbits
 607              	.Ldebug_abbrev0:
 608 0000 01       		.uleb128 0x1
 609 0001 11       		.uleb128 0x11
 610 0002 01       		.byte	0x1
 611 0003 25       		.uleb128 0x25
 612 0004 0E       		.uleb128 0xe
 613 0005 13       		.uleb128 0x13
 614 0006 0B       		.uleb128 0xb
 615 0007 03       		.uleb128 0x3
 616 0008 0E       		.uleb128 0xe
 617 0009 1B       		.uleb128 0x1b
 618 000a 0E       		.uleb128 0xe
 619 000b 55       		.uleb128 0x55
 620 000c 17       		.uleb128 0x17
 621 000d 11       		.uleb128 0x11
 622 000e 01       		.uleb128 0x1
 623 000f 10       		.uleb128 0x10
 624 0010 17       		.uleb128 0x17
 625 0011 00       		.byte	0
 626 0012 00       		.byte	0
 627 0013 02       		.uleb128 0x2
 628 0014 24       		.uleb128 0x24
 629 0015 00       		.byte	0
 630 0016 0B       		.uleb128 0xb
 631 0017 0B       		.uleb128 0xb
 632 0018 3E       		.uleb128 0x3e
 633 0019 0B       		.uleb128 0xb
ARM GAS  C:\Users\manuelfu\AppData\Local\Temp\ccgNyvzu.s 			page 14


 634 001a 03       		.uleb128 0x3
 635 001b 0E       		.uleb128 0xe
 636 001c 00       		.byte	0
 637 001d 00       		.byte	0
 638 001e 03       		.uleb128 0x3
 639 001f 16       		.uleb128 0x16
 640 0020 00       		.byte	0
 641 0021 03       		.uleb128 0x3
 642 0022 0E       		.uleb128 0xe
 643 0023 3A       		.uleb128 0x3a
 644 0024 0B       		.uleb128 0xb
 645 0025 3B       		.uleb128 0x3b
 646 0026 0B       		.uleb128 0xb
 647 0027 49       		.uleb128 0x49
 648 0028 13       		.uleb128 0x13
 649 0029 00       		.byte	0
 650 002a 00       		.byte	0
 651 002b 04       		.uleb128 0x4
 652 002c 24       		.uleb128 0x24
 653 002d 00       		.byte	0
 654 002e 0B       		.uleb128 0xb
 655 002f 0B       		.uleb128 0xb
 656 0030 3E       		.uleb128 0x3e
 657 0031 0B       		.uleb128 0xb
 658 0032 03       		.uleb128 0x3
 659 0033 08       		.uleb128 0x8
 660 0034 00       		.byte	0
 661 0035 00       		.byte	0
 662 0036 05       		.uleb128 0x5
 663 0037 16       		.uleb128 0x16
 664 0038 00       		.byte	0
 665 0039 03       		.uleb128 0x3
 666 003a 0E       		.uleb128 0xe
 667 003b 3A       		.uleb128 0x3a
 668 003c 0B       		.uleb128 0xb
 669 003d 3B       		.uleb128 0x3b
 670 003e 05       		.uleb128 0x5
 671 003f 49       		.uleb128 0x49
 672 0040 13       		.uleb128 0x13
 673 0041 00       		.byte	0
 674 0042 00       		.byte	0
 675 0043 06       		.uleb128 0x6
 676 0044 2E       		.uleb128 0x2e
 677 0045 01       		.byte	0x1
 678 0046 3F       		.uleb128 0x3f
 679 0047 19       		.uleb128 0x19
 680 0048 03       		.uleb128 0x3
 681 0049 0E       		.uleb128 0xe
 682 004a 3A       		.uleb128 0x3a
 683 004b 0B       		.uleb128 0xb
 684 004c 3B       		.uleb128 0x3b
 685 004d 0B       		.uleb128 0xb
 686 004e 27       		.uleb128 0x27
 687 004f 19       		.uleb128 0x19
 688 0050 11       		.uleb128 0x11
 689 0051 01       		.uleb128 0x1
 690 0052 12       		.uleb128 0x12
ARM GAS  C:\Users\manuelfu\AppData\Local\Temp\ccgNyvzu.s 			page 15


 691 0053 06       		.uleb128 0x6
 692 0054 40       		.uleb128 0x40
 693 0055 18       		.uleb128 0x18
 694 0056 9742     		.uleb128 0x2117
 695 0058 19       		.uleb128 0x19
 696 0059 01       		.uleb128 0x1
 697 005a 13       		.uleb128 0x13
 698 005b 00       		.byte	0
 699 005c 00       		.byte	0
 700 005d 07       		.uleb128 0x7
 701 005e 34       		.uleb128 0x34
 702 005f 00       		.byte	0
 703 0060 03       		.uleb128 0x3
 704 0061 0E       		.uleb128 0xe
 705 0062 3A       		.uleb128 0x3a
 706 0063 0B       		.uleb128 0xb
 707 0064 3B       		.uleb128 0x3b
 708 0065 0B       		.uleb128 0xb
 709 0066 49       		.uleb128 0x49
 710 0067 13       		.uleb128 0x13
 711 0068 02       		.uleb128 0x2
 712 0069 18       		.uleb128 0x18
 713 006a 00       		.byte	0
 714 006b 00       		.byte	0
 715 006c 08       		.uleb128 0x8
 716 006d 34       		.uleb128 0x34
 717 006e 00       		.byte	0
 718 006f 03       		.uleb128 0x3
 719 0070 08       		.uleb128 0x8
 720 0071 3A       		.uleb128 0x3a
 721 0072 0B       		.uleb128 0xb
 722 0073 3B       		.uleb128 0x3b
 723 0074 0B       		.uleb128 0xb
 724 0075 49       		.uleb128 0x49
 725 0076 13       		.uleb128 0x13
 726 0077 02       		.uleb128 0x2
 727 0078 18       		.uleb128 0x18
 728 0079 00       		.byte	0
 729 007a 00       		.byte	0
 730 007b 09       		.uleb128 0x9
 731 007c 34       		.uleb128 0x34
 732 007d 00       		.byte	0
 733 007e 03       		.uleb128 0x3
 734 007f 08       		.uleb128 0x8
 735 0080 3A       		.uleb128 0x3a
 736 0081 0B       		.uleb128 0xb
 737 0082 3B       		.uleb128 0x3b
 738 0083 0B       		.uleb128 0xb
 739 0084 49       		.uleb128 0x49
 740 0085 13       		.uleb128 0x13
 741 0086 02       		.uleb128 0x2
 742 0087 17       		.uleb128 0x17
 743 0088 00       		.byte	0
 744 0089 00       		.byte	0
 745 008a 0A       		.uleb128 0xa
 746 008b 34       		.uleb128 0x34
 747 008c 00       		.byte	0
ARM GAS  C:\Users\manuelfu\AppData\Local\Temp\ccgNyvzu.s 			page 16


 748 008d 03       		.uleb128 0x3
 749 008e 0E       		.uleb128 0xe
 750 008f 3A       		.uleb128 0x3a
 751 0090 0B       		.uleb128 0xb
 752 0091 3B       		.uleb128 0x3b
 753 0092 0B       		.uleb128 0xb
 754 0093 49       		.uleb128 0x49
 755 0094 13       		.uleb128 0x13
 756 0095 02       		.uleb128 0x2
 757 0096 17       		.uleb128 0x17
 758 0097 00       		.byte	0
 759 0098 00       		.byte	0
 760 0099 0B       		.uleb128 0xb
 761 009a 0B       		.uleb128 0xb
 762 009b 01       		.byte	0x1
 763 009c 11       		.uleb128 0x11
 764 009d 01       		.uleb128 0x1
 765 009e 12       		.uleb128 0x12
 766 009f 06       		.uleb128 0x6
 767 00a0 01       		.uleb128 0x1
 768 00a1 13       		.uleb128 0x13
 769 00a2 00       		.byte	0
 770 00a3 00       		.byte	0
 771 00a4 0C       		.uleb128 0xc
 772 00a5 898201   		.uleb128 0x4109
 773 00a8 00       		.byte	0
 774 00a9 11       		.uleb128 0x11
 775 00aa 01       		.uleb128 0x1
 776 00ab 31       		.uleb128 0x31
 777 00ac 13       		.uleb128 0x13
 778 00ad 00       		.byte	0
 779 00ae 00       		.byte	0
 780 00af 0D       		.uleb128 0xd
 781 00b0 898201   		.uleb128 0x4109
 782 00b3 01       		.byte	0x1
 783 00b4 11       		.uleb128 0x11
 784 00b5 01       		.uleb128 0x1
 785 00b6 31       		.uleb128 0x31
 786 00b7 13       		.uleb128 0x13
 787 00b8 01       		.uleb128 0x1
 788 00b9 13       		.uleb128 0x13
 789 00ba 00       		.byte	0
 790 00bb 00       		.byte	0
 791 00bc 0E       		.uleb128 0xe
 792 00bd 8A8201   		.uleb128 0x410a
 793 00c0 00       		.byte	0
 794 00c1 02       		.uleb128 0x2
 795 00c2 18       		.uleb128 0x18
 796 00c3 9142     		.uleb128 0x2111
 797 00c5 18       		.uleb128 0x18
 798 00c6 00       		.byte	0
 799 00c7 00       		.byte	0
 800 00c8 0F       		.uleb128 0xf
 801 00c9 898201   		.uleb128 0x4109
 802 00cc 01       		.byte	0x1
 803 00cd 11       		.uleb128 0x11
 804 00ce 01       		.uleb128 0x1
ARM GAS  C:\Users\manuelfu\AppData\Local\Temp\ccgNyvzu.s 			page 17


 805 00cf 31       		.uleb128 0x31
 806 00d0 13       		.uleb128 0x13
 807 00d1 00       		.byte	0
 808 00d2 00       		.byte	0
 809 00d3 10       		.uleb128 0x10
 810 00d4 2E       		.uleb128 0x2e
 811 00d5 01       		.byte	0x1
 812 00d6 3F       		.uleb128 0x3f
 813 00d7 19       		.uleb128 0x19
 814 00d8 03       		.uleb128 0x3
 815 00d9 0E       		.uleb128 0xe
 816 00da 3A       		.uleb128 0x3a
 817 00db 0B       		.uleb128 0xb
 818 00dc 3B       		.uleb128 0x3b
 819 00dd 0B       		.uleb128 0xb
 820 00de 11       		.uleb128 0x11
 821 00df 01       		.uleb128 0x1
 822 00e0 12       		.uleb128 0x12
 823 00e1 06       		.uleb128 0x6
 824 00e2 40       		.uleb128 0x40
 825 00e3 18       		.uleb128 0x18
 826 00e4 9742     		.uleb128 0x2117
 827 00e6 19       		.uleb128 0x19
 828 00e7 01       		.uleb128 0x1
 829 00e8 13       		.uleb128 0x13
 830 00e9 00       		.byte	0
 831 00ea 00       		.byte	0
 832 00eb 11       		.uleb128 0x11
 833 00ec 2E       		.uleb128 0x2e
 834 00ed 00       		.byte	0
 835 00ee 3F       		.uleb128 0x3f
 836 00ef 19       		.uleb128 0x19
 837 00f0 03       		.uleb128 0x3
 838 00f1 0E       		.uleb128 0xe
 839 00f2 3A       		.uleb128 0x3a
 840 00f3 0B       		.uleb128 0xb
 841 00f4 3B       		.uleb128 0x3b
 842 00f5 0B       		.uleb128 0xb
 843 00f6 27       		.uleb128 0x27
 844 00f7 19       		.uleb128 0x19
 845 00f8 49       		.uleb128 0x49
 846 00f9 13       		.uleb128 0x13
 847 00fa 11       		.uleb128 0x11
 848 00fb 01       		.uleb128 0x1
 849 00fc 12       		.uleb128 0x12
 850 00fd 06       		.uleb128 0x6
 851 00fe 40       		.uleb128 0x40
 852 00ff 18       		.uleb128 0x18
 853 0100 9742     		.uleb128 0x2117
 854 0102 19       		.uleb128 0x19
 855 0103 00       		.byte	0
 856 0104 00       		.byte	0
 857 0105 12       		.uleb128 0x12
 858 0106 35       		.uleb128 0x35
 859 0107 00       		.byte	0
 860 0108 49       		.uleb128 0x49
 861 0109 13       		.uleb128 0x13
ARM GAS  C:\Users\manuelfu\AppData\Local\Temp\ccgNyvzu.s 			page 18


 862 010a 00       		.byte	0
 863 010b 00       		.byte	0
 864 010c 13       		.uleb128 0x13
 865 010d 34       		.uleb128 0x34
 866 010e 00       		.byte	0
 867 010f 03       		.uleb128 0x3
 868 0110 0E       		.uleb128 0xe
 869 0111 3A       		.uleb128 0x3a
 870 0112 0B       		.uleb128 0xb
 871 0113 3B       		.uleb128 0x3b
 872 0114 05       		.uleb128 0x5
 873 0115 49       		.uleb128 0x49
 874 0116 13       		.uleb128 0x13
 875 0117 3F       		.uleb128 0x3f
 876 0118 19       		.uleb128 0x19
 877 0119 3C       		.uleb128 0x3c
 878 011a 19       		.uleb128 0x19
 879 011b 00       		.byte	0
 880 011c 00       		.byte	0
 881 011d 14       		.uleb128 0x14
 882 011e 2E       		.uleb128 0x2e
 883 011f 00       		.byte	0
 884 0120 3F       		.uleb128 0x3f
 885 0121 19       		.uleb128 0x19
 886 0122 3C       		.uleb128 0x3c
 887 0123 19       		.uleb128 0x19
 888 0124 6E       		.uleb128 0x6e
 889 0125 0E       		.uleb128 0xe
 890 0126 03       		.uleb128 0x3
 891 0127 0E       		.uleb128 0xe
 892 0128 3A       		.uleb128 0x3a
 893 0129 0B       		.uleb128 0xb
 894 012a 3B       		.uleb128 0x3b
 895 012b 0B       		.uleb128 0xb
 896 012c 00       		.byte	0
 897 012d 00       		.byte	0
 898 012e 00       		.byte	0
 899              		.section	.debug_loc,"",%progbits
 900              	.Ldebug_loc0:
 901              	.LLST0:
 902 0000 18000000 		.4byte	.LVL3
 903 0004 56000000 		.4byte	.LVL8
 904 0008 0100     		.2byte	0x1
 905 000a 56       		.byte	0x56
 906 000b 00000000 		.4byte	0
 907 000f 00000000 		.4byte	0
 908              	.LLST1:
 909 0013 08000000 		.4byte	.LVL1
 910 0017 15000000 		.4byte	.LVL2-1
 911 001b 0600     		.2byte	0x6
 912 001d 70       		.byte	0x70
 913 001e 00       		.sleb128 0
 914 001f 08       		.byte	0x8
 915 0020 FF       		.byte	0xff
 916 0021 1A       		.byte	0x1a
 917 0022 9F       		.byte	0x9f
 918 0023 00000000 		.4byte	0
ARM GAS  C:\Users\manuelfu\AppData\Local\Temp\ccgNyvzu.s 			page 19


 919 0027 00000000 		.4byte	0
 920              	.LLST2:
 921 002b 26000000 		.4byte	.LVL5
 922 002f 3A000000 		.4byte	.LVL6
 923 0033 0100     		.2byte	0x1
 924 0035 53       		.byte	0x53
 925 0036 3A000000 		.4byte	.LVL6
 926 003a 48000000 		.4byte	.LVL7
 927 003e 0F00     		.2byte	0xf
 928 0040 03       		.byte	0x3
 929 0041 00000000 		.4byte	prev.6805
 930 0045 94       		.byte	0x94
 931 0046 02       		.byte	0x2
 932 0047 0A       		.byte	0xa
 933 0048 FFFF     		.2byte	0xffff
 934 004a 1A       		.byte	0x1a
 935 004b 76       		.byte	0x76
 936 004c 00       		.sleb128 0
 937 004d 1C       		.byte	0x1c
 938 004e 9F       		.byte	0x9f
 939 004f 00000000 		.4byte	0
 940 0053 00000000 		.4byte	0
 941              		.section	.debug_aranges,"",%progbits
 942 0000 34000000 		.4byte	0x34
 943 0004 0200     		.2byte	0x2
 944 0006 00000000 		.4byte	.Ldebug_info0
 945 000a 04       		.byte	0x4
 946 000b 00       		.byte	0
 947 000c 0000     		.2byte	0
 948 000e 0000     		.2byte	0
 949 0010 00000000 		.4byte	.LFB64
 950 0014 74000000 		.4byte	.LFE64-.LFB64
 951 0018 00000000 		.4byte	.LFB63
 952 001c 40000000 		.4byte	.LFE63-.LFB63
 953 0020 00000000 		.4byte	.LFB65
 954 0024 20000000 		.4byte	.LFE65-.LFB65
 955 0028 00000000 		.4byte	.LFB66
 956 002c 0C000000 		.4byte	.LFE66-.LFB66
 957 0030 00000000 		.4byte	0
 958 0034 00000000 		.4byte	0
 959              		.section	.debug_ranges,"",%progbits
 960              	.Ldebug_ranges0:
 961 0000 00000000 		.4byte	.LFB64
 962 0004 74000000 		.4byte	.LFE64
 963 0008 00000000 		.4byte	.LFB63
 964 000c 40000000 		.4byte	.LFE63
 965 0010 00000000 		.4byte	.LFB65
 966 0014 20000000 		.4byte	.LFE65
 967 0018 00000000 		.4byte	.LFB66
 968 001c 0C000000 		.4byte	.LFE66
 969 0020 00000000 		.4byte	0
 970 0024 00000000 		.4byte	0
 971              		.section	.debug_line,"",%progbits
 972              	.Ldebug_line0:
 973 0000 03020000 		.section	.debug_str,"MS",%progbits,1
 973      02009401 
 973      00000201 
ARM GAS  C:\Users\manuelfu\AppData\Local\Temp\ccgNyvzu.s 			page 20


 973      FB0E0D00 
 973      01010101 
 974              	.LASF9:
 975 0000 6C6F6E67 		.ascii	"long long int\000"
 975      206C6F6E 
 975      6720696E 
 975      7400
 976              	.LASF25:
 977 000e 756C7472 		.ascii	"ultra_isr_handler\000"
 977      615F6973 
 977      725F6861 
 977      6E646C65 
 977      7200
 978              	.LASF5:
 979 0020 5F5F696E 		.ascii	"__int32_t\000"
 979      7433325F 
 979      7400
 980              	.LASF30:
 981 002a 54696D65 		.ascii	"Timer_ReadStatusRegister\000"
 981      725F5265 
 981      61645374 
 981      61747573 
 981      52656769 
 982              	.LASF33:
 983 0043 54726967 		.ascii	"Trig_Write\000"
 983      5F577269 
 983      746500
 984              	.LASF23:
 985 004e 73746174 		.ascii	"status\000"
 985      757300
 986              	.LASF29:
 987 0055 64697374 		.ascii	"distance\000"
 987      616E6365 
 987      00
 988              	.LASF16:
 989 005e 666C6F61 		.ascii	"float\000"
 989      7400
 990              	.LASF15:
 991 0064 75696E74 		.ascii	"uint8\000"
 991      3800
 992              	.LASF35:
 993 006a 54696D65 		.ascii	"Timer_Start\000"
 993      725F5374 
 993      61727400 
 994              	.LASF1:
 995 0076 756E7369 		.ascii	"unsigned char\000"
 995      676E6564 
 995      20636861 
 995      7200
 996              	.LASF37:
 997 0084 474E5520 		.ascii	"GNU C11 5.4.1 20160609 (release) [ARM/embedded-5-br"
 997      43313120 
 997      352E342E 
 997      31203230 
 997      31363036 
 998 00b7 616E6368 		.ascii	"anch revision 237715] -mcpu=cortex-m3 -mthumb -g -O"
 998      20726576 
ARM GAS  C:\Users\manuelfu\AppData\Local\Temp\ccgNyvzu.s 			page 21


 998      6973696F 
 998      6E203233 
 998      37373135 
 999 00ea 67202D66 		.ascii	"g -ffunction-sections -ffat-lto-objects\000"
 999      66756E63 
 999      74696F6E 
 999      2D736563 
 999      74696F6E 
 1000              	.LASF7:
 1001 0112 5F5F7569 		.ascii	"__uint32_t\000"
 1001      6E743332 
 1001      5F7400
 1002              	.LASF8:
 1003 011d 6C6F6E67 		.ascii	"long unsigned int\000"
 1003      20756E73 
 1003      69676E65 
 1003      6420696E 
 1003      7400
 1004              	.LASF3:
 1005 012f 73686F72 		.ascii	"short unsigned int\000"
 1005      7420756E 
 1005      7369676E 
 1005      65642069 
 1005      6E7400
 1006              	.LASF26:
 1007 0142 756C7472 		.ascii	"ultrasonic_handler\000"
 1007      61736F6E 
 1007      69635F68 
 1007      616E646C 
 1007      657200
 1008              	.LASF42:
 1009 0155 49544D5F 		.ascii	"ITM_RxBuffer\000"
 1009      52784275 
 1009      66666572 
 1009      00
 1010              	.LASF39:
 1011 0162 433A5C55 		.ascii	"C:\\Users\\manuelfu\\Documents\\PSoC Creator\\zumo\\"
 1011      73657273 
 1011      5C6D616E 
 1011      75656C66 
 1011      755C446F 
 1012 0190 5A756D6F 		.ascii	"ZumoBot.cydsn\000"
 1012      426F742E 
 1012      63796473 
 1012      6E00
 1013              	.LASF4:
 1014 019e 5F5F7569 		.ascii	"__uint16_t\000"
 1014      6E743136 
 1014      5F7400
 1015              	.LASF17:
 1016 01a9 646F7562 		.ascii	"double\000"
 1016      6C6500
 1017              	.LASF2:
 1018 01b0 73686F72 		.ascii	"short int\000"
 1018      7420696E 
 1018      7400
 1019              	.LASF40:
ARM GAS  C:\Users\manuelfu\AppData\Local\Temp\ccgNyvzu.s 			page 22


 1020 01ba 556C7472 		.ascii	"Ultra_Start\000"
 1020      615F5374 
 1020      61727400 
 1021              	.LASF11:
 1022 01c6 756E7369 		.ascii	"unsigned int\000"
 1022      676E6564 
 1022      20696E74 
 1022      00
 1023              	.LASF32:
 1024 01d3 4563686F 		.ascii	"Echo_Read\000"
 1024      5F526561 
 1024      6400
 1025              	.LASF10:
 1026 01dd 6C6F6E67 		.ascii	"long long unsigned int\000"
 1026      206C6F6E 
 1026      6720756E 
 1026      7369676E 
 1026      65642069 
 1027              	.LASF24:
 1028 01f4 74696D65 		.ascii	"time\000"
 1028      00
 1029              	.LASF13:
 1030 01f9 696E7433 		.ascii	"int32_t\000"
 1030      325F7400 
 1031              	.LASF20:
 1032 0201 73697A65 		.ascii	"sizetype\000"
 1032      74797065 
 1032      00
 1033              	.LASF34:
 1034 020a 756C7472 		.ascii	"ultra_isr_StartEx\000"
 1034      615F6973 
 1034      725F5374 
 1034      61727445 
 1034      7800
 1035              	.LASF18:
 1036 021c 63686172 		.ascii	"char\000"
 1036      00
 1037              	.LASF27:
 1038 0221 756C7472 		.ascii	"ultra_init\000"
 1038      615F696E 
 1038      697400
 1039              	.LASF12:
 1040 022c 75696E74 		.ascii	"uint16_t\000"
 1040      31365F74 
 1040      00
 1041              	.LASF31:
 1042 0235 54696D65 		.ascii	"Timer_ReadCapture\000"
 1042      725F5265 
 1042      61644361 
 1042      70747572 
 1042      6500
 1043              	.LASF36:
 1044 0247 53797374 		.ascii	"Systick_Start\000"
 1044      69636B5F 
 1044      53746172 
 1044      7400
 1045              	.LASF14:
ARM GAS  C:\Users\manuelfu\AppData\Local\Temp\ccgNyvzu.s 			page 23


 1046 0255 75696E74 		.ascii	"uint32_t\000"
 1046      33325F74 
 1046      00
 1047              	.LASF6:
 1048 025e 6C6F6E67 		.ascii	"long int\000"
 1048      20696E74 
 1048      00
 1049              	.LASF19:
 1050 0267 6C6F6E67 		.ascii	"long double\000"
 1050      20646F75 
 1050      626C6500 
 1051              	.LASF0:
 1052 0273 7369676E 		.ascii	"signed char\000"
 1052      65642063 
 1052      68617200 
 1053              	.LASF38:
 1054 027f 5A756D6F 		.ascii	"ZumoLibrary\\Ultra.c\000"
 1054      4C696272 
 1054      6172795C 
 1054      556C7472 
 1054      612E6300 
 1055              	.LASF41:
 1056 0293 556C7472 		.ascii	"Ultra_GetDistance\000"
 1056      615F4765 
 1056      74446973 
 1056      74616E63 
 1056      6500
 1057              	.LASF28:
 1058 02a5 5F426F6F 		.ascii	"_Bool\000"
 1058      6C00
 1059              	.LASF22:
 1060 02ab 6563686F 		.ascii	"echo\000"
 1060      00
 1061              	.LASF21:
 1062 02b0 70726576 		.ascii	"prev\000"
 1062      00
 1063              		.ident	"GCC: (GNU Tools for ARM Embedded Processors) 5.4.1 20160609 (release) [ARM/embedded-5-bran
